0.588235294117647 1.82721110261439e-06 2.23256211891341e-06 0.000201331720772253 4.09257546175812e-06 0.000182159736914752 0.000107186676593989 0.000516950302376468 0.000201382372037134 4.43676054654529e-06 0.000182191224016451 0.000246777499547636
0.5 0 1.07992809673086e-06 0.000298804802584117 5.31567247258378e-06 0.00027197778145771 0 0.000334684507861111 0.000298965670750821 6.0692894670427e-06 0.000272087778231951 0.000379833098389428
0.4 2.82089455184905e-06 1.7090726694663e-05 0.000519952825192529 6.77453570013457e-06 0.000454640104370525 0.000211689743447072 0.00279092800156227 0.000520643676775628 8.30650054495789e-06 0.000455115158445502 0.000681461619525003
0.333333333333333 5.59528732255795e-06 8.03885472127737e-06 0.00078550788063824 7.65646609600836e-06 0.00069692921684981 0.000208044845150962 0.00034577638623489 0.000787319951280717 1.20077234764313e-05 0.000697999070461459 0.00116213660490615
0.285714285714286 2.18822863632463e-05 1.50242864380385e-05 0.00116643985126237 1.5288858536499e-05 0.00103915262121996 0.000360208141163954 0.000268059505904359 0.00117045381438267 2.96536842164199e-05 0.00104138273119043 0.00190362793103619
0.166666666666667 0.000188219577558236 0.000795536110084316 0.00427299665513813 0.00273846614673473 0.00392207202863511 0.00217893646798968 0.00477757136737108 0.00429839098375144 0.00784535395262123 0.00393778607744432 0.00652670207106569
0.1 0.0342720000428935 0.0489860825682551 0.00930970688821401 0.0574181378962522 0.00883728887574789 0.148327605523918 0.164280294992871 0.00937239241498212 0.103694837384272 0.00887377524398602 0.0130962023752622
0.0666666666666667 0.212575836084424 0.181536189674677 0.0149540677969521 0.164507079197745 0.0145020413867827 0.527380059421499 0.453161654421506 0.0150578972936045 0.226728796129449 0.0145619841856428 0.0160919520452125
0.0333333333333333 0.590515403547392 0.323478386641389 0.0192671770649076 0.205235034754198 0.0155568368007411 0.855671913541622 0.558622159534471 0.0193652570323299 0.224424328676877 0.0156066523715242 0.00680424166773993
0.0166666666666667 0.197047288903642 0.0880031935026261 0.00772471936534178 0.0351647735338923 0.00604461409234204 0.195385463181914 0.134206148647939 0.00773894662152047 0.0350021164918251 0.00605217952297713 0.000917365214968385
0.00833333333333333 0.0939667448096673 0.0201734769496699 0.00329301352572405 0.0225663596294721 0.00216774136721591 0.0730058632124536 0.026801883143108 0.00329487869252341 0.0220390923424902 0.00216849219880656 0.00068017209946641
0.005 0.491365477099669 0.136480477464876 0.0032176102533564 0.0514175729035523 0.00168865496829003 0.435751371202388 0.15527493848679 0.00321841416748729 0.0509462432380023 0.00168889831496117 0.00217030306063936
0.00333333333333333 0.634322895476965 0.21924855172756 0.00459575035252754 0.0466734818346425 0.00311640552941282 0.627111493993596 0.222272938422722 0.00459692779089622 0.0465702829297603 0.00311670181222641 0.00486456218127768
0.002 0.596452488359787 0.258852457372581 0.00666167584414588 0.0333739826226428 0.0058459358883599 0.622036341058421 0.237770119938906 0.00666411250056077 0.0333988625517102 0.00584688381097033 0.00873319375484396
0.00125 0.505869539121276 0.248354902236039 0.00877645487397319 0.0234195127618078 0.0101007313171352 0.529758945792166 0.21868389646409 0.00877845750642789 0.0234507450840171 0.0101020676288842 0.012580905664634
0.001 0.464139560181195 0.236539925512186 0.00977219680440456 0.0197102403235827 0.0113797261757072 0.48458825562632 0.206429980097268 0.00977392925182638 0.0197372328033709 0.0113808576725361 0.0141435081990474
0.00050251256281407 0.36189046827921 0.195239118410047 0.0129849956921224 0.0115955084914413 0.0151330053020164 0.373302545378653 0.170694235067398 0.012985582138626 0.0116094479030792 0.0151335753731237 0.0183166262981986
0.000333333333333333 0.317726748642859 0.172017199912731 0.0151262695603007 0.00840408422345992 0.0170233225907255 0.325745232885493 0.152565290956994 0.0151266786196641 0.00841265389909399 0.0170236489219403 0.0203086832100346
0.00025 0.29011000471894 0.157716043339069 0.0167411887257496 0.00663472211761936 0.0185398968650629 0.296304470209813 0.141595500395298 0.0167413817010965 0.00664071145502584 0.0185400849351877 0.0216993066416902
0.0002 0.273724098317652 0.147448519375198 0.0183555286921555 0.00546372060313052 0.020051805903996 0.277955011430874 0.13375001353734 0.0183556463165593 0.00546814887413375 0.0200519165514247 0.0231721337883842
0.000142857142857143 0.254210306056329 0.13237230299884 0.0207866363411871 0.00397542822756506 0.0224899809874381 0.256445098790285 0.121877605730643 0.0207866345482988 0.00397806822201459 0.02249004509729 0.0253141759074271
0.000117647058823529 0.242765906338988 0.123676436643293 0.0222436398104111 0.00323626700196791 0.0238791187048802 0.244267677468074 0.114972170107276 0.0222436086641768 0.00323814458289373 0.0238791463289219 0.0265167732868226
0.000111111111111111 0.239120206030931 0.121179279550602 0.02271016713249 0.00303233587931428 0.0242916249171714 0.240473221721225 0.112966622692221 0.0227101351672985 0.00303402406591309 0.0242916433457598 0.0268939450507581
0.000105263157894737 0.235491463566368 0.118840783739268 0.0231685665295112 0.00284473517975745 0.0246813559110386 0.236726825050118 0.111078150374868 0.0231685354242872 0.00284626325277335 0.0246813660553554 0.0272596867173058
0.000102040816326531 0.233304561580457 0.117505448532629 0.0234394343156988 0.0027391289528408 0.0249043608957075 0.234487259119307 0.109995019024742 0.0234394044344823 0.00274057038141496 0.0249043681994852 0.0274730658455776
0.761121323529412 2.14395142947052e-07 2.53605027303187e-09 8.32081516893241e-05 5.07754742945016e-07 7.29830099665033e-05 0.000761257587604992 5.34541040806881e-07 8.32124200876049e-05 5.21075762491123e-07 7.29866494506187e-05 9.57060123051078e-05
0.646953125 1.34060745612836e-06 5.32998459285028e-07 0.000150063298463052 2.97856397427533e-06 0.000137106825981396 3.50278088453518e-05 0.000122140825096596 0.000150084266661274 3.04423359262895e-06 0.000137125437941327 0.000181397483074958
0.5175625 3.9320430494416e-07 8.79559995258638e-07 0.000274352960314755 5.2278686174005e-06 0.000246800361238871 0.000104128594278657 0.000186310896213999 0.000274481674897803 5.87286563929818e-06 0.000246884093000509 0.000348160145453116
0.431302083333333 1.12883181667986e-06 6.50582892043173e-07 0.000401615458057272 6.19597427765839e-06 0.000381265067444182 9.9029459092867e-05 0.000174312999841131 0.000402050162795058 7.77076840832216e-06 0.000381619959584962 0.000541138734174275
0.3696875 1.04232658102173e-05 1.30241334340959e-05 0.000586817972823512 7.22100150917306e-06 0.000531115797789375 2.26672507905805e-06 0.00121245059293815 0.000587818898006703 9.57730020685647e-06 0.000531701265225365 0.000854608734167027
0.215651041666667 7.97669281410361e-06 4.8542042079266e-06 0.00239949701738499 0.000232671661617972 0.00210209092205438 5.40499627204949e-05 4.05628760927719e-05 0.00241198758134181 0.000608762679108148 0.00210876778892862 0.00400041195249393
0.129390625 0.00473796266907271 0.0103092150808929 0.00649087297397394 0.0160539746597823 0.00607539192868335 0.0341415935329115 0.0448828548100489 0.00653330993380269 0.0368515291959784 0.00610043802590415 0.00961452618666653
0.0862604166666667 0.0744259821259598 0.0880332160511299 0.0110358160508748 0.0943269408845362 0.0102765256337451 0.259610275502989 0.265574900248825 0.0111129226394761 0.153376512367717 0.0103200954543641 0.0147526524356653
0.0431302083333333 0.513028063544402 0.311378254418913 0.0196815629388068 0.219174464868994 0.0171628321483315 0.861797436581285 0.598009117422309 0.0198004156023995 0.254146413787882 0.0172272571074807 0.0118927533142642
0.0215651041666667 0.405668309167972 0.195913693130923 0.0115695525462596 0.103424982962432 0.0099889769958563 0.47618917447453 0.310497521398607 0.0116032677197647 0.105919028636886 0.0100090829329648 0.00197135904301448
0.0107825520833333 5.68210521377056e-05 0.000283752514640039 0.00418853337493647 0.0018122786643459 0.00291101253111478 4.46139840126033e-05 0.000403066924698177 0.00419166605868332 0.00176844973911971 0.00291274308925864 0.000505280559849811
0.00646953125 0.286854915382898 0.0704345694857615 0.00280179202059263 0.0424763817743622 0.00127084639611701 0.234052832673671 0.0870611484268813 0.00280267783142076 0.0417726918353162 0.00127112485061618 0.00106027072498003
0.00431302083333333 0.563416129651023 0.168957375993528 0.00352957991742836 0.051068586533241 0.00199444757156708 0.523382777326979 0.184251390303532 0.00353055203560929 0.0507658947492322 0.00199466568581273 0.00294541939507672
0.0025878125 0.628444398496843 0.245912568343966 0.00535478909889482 0.0398932707251907 0.00399460449156491 0.644071624517337 0.236042628600423 0.00535702878293343 0.0398830367497032 0.00399489565942229 0.00669759365124736
0.0016173828125 0.559248674155478 0.25885315267524 0.00755198654655218 0.0285819559500559 0.00767366980817307 0.585950700851277 0.23243841737902 0.00755427317515313 0.0286145778509347 0.00767476101288901 0.0106562331922475
0.00129390625 0.51440585080294 0.250668363851343 0.00848004658714017 0.0240630075721933 0.00990368320914931 0.53886552573485 0.221317069318921 0.00848215637661324 0.0240949394596189 0.00990486740026039 0.0123401841017692
0.000650204145728643 0.397260131750962 0.213757618256301 0.0118707811534109 0.0141008250664506 0.0136806362180615 0.411626267810107 0.186085344315662 0.011871752930223 0.0141193210823543 0.0136814230305823 0.0170785731825089
0.000431302083333333 0.347164822648402 0.189113531281627 0.01379334947722 0.0102326419691436 0.0156989744368284 0.357254117359644 0.166086547429151 0.0137938522058209 0.0102442957989664 0.0156994736739321 0.0190143652011791
0.0003234765625 0.317233009406199 0.173756171384779 0.0153771577370031 0.00814206274595819 0.0172745237888037 0.325080431700392 0.154216182023481 0.0153775522705053 0.00815029290447395 0.0172748362387625 0.0204861856623891
0.00025878125 0.295193462671099 0.16264483229672 0.0166058651970944 0.00677586783936051 0.0185430836935271 0.301599052873479 0.145740446004346 0.0166060884023733 0.00678210776448319 0.0185433027081963 0.0216307525974106
0.00018484375 0.270304379802282 0.146768493776687 0.0190327631058626 0.00503576944359205 0.0208973636660256 0.273886313747014 0.133590326098724 0.0190328561918541 0.00503970465898127 0.0208974710661217 0.0239088015162645
0.000152224264705882 0.258588874223394 0.137385894658836 0.0203839116613813 0.00418460467264894 0.022248842848822 0.261025786831174 0.126114976380031 0.0203839337802469 0.00418752437144609 0.0222489019979819 0.0250750085027962
0.000143767361111111 0.255193609229214 0.134590273915796 0.020779025959046 0.00395146819576971 0.0226390603434732 0.257347315224941 0.123859741213869 0.0207790297062712 0.00395412713294871 0.022639106574496 0.0254024508878057
0.000136200657894737 0.25196575397141 0.131949124614535 0.0211629628084067 0.0037372336418466 0.02300965922111 0.253875652875149 0.121756599077085 0.0211629537782001 0.00373966064148582 0.0230096938762692 0.0257182288238216
0.00013203125 0.250093059045205 0.13045501581836 0.0213899900545566 0.00361664625718757 0.0232237027680647 0.25187401006533 0.120564075876974 0.0213899744190725 0.00361894618607788 0.0232237575109062 0.0259042130899646
0.761121323529412 0 7.22904879769113e-10 9.34113313226227e-05 2.54500449581351e-07 -nan(ind) 0.0106968739083956 1.0805482585478e-06 9.34155571888585e-05 2.78202414035167e-07 -nan(ind) 0.000114532680107651
0.646953125 1.0255143137241e-06 1.20535306703037e-08 0.000170676062394773 1.73430773247707e-06 -nan(ind) 5.89679992650492e-07 2.41937976941483e-07 0.000170699844023866 1.87953282761829e-06 -nan(ind) 0.000227027824019148
0.5175625 1.34806789769536e-05 4.63031365235018e-07 0.000316567096603799 3.1218402182214e-06 -nan(ind) 0.0018388366823054 0.000267276675368175 0.00031673495207458 3.79493693007266e-06 -nan(ind) 0.000424496176508039
0.431302083333333 7.522156131275e-08 9.05776077644155e-06 0.000475997817517195 3.52218186417168e-06 -nan(ind) 6.12242701713409e-05 0.00277902810572375 0.000476553618886598 4.40379530266768e-06 -nan(ind) 0.000684230272123713
0.3696875 5.73176438545816e-06 1.63616376572366e-09 0.00071275591512381 3.75840352197949e-06 -nan(ind) 7.59240371096954e-26 1.26423620942265e-07 0.000714202112080552 5.61065827476575e-06 -nan(ind) 0.00113450436004307
0.215651041666667 6.62625841217162e-08 1.46524076402494e-07 0.00300439171328697 0.000299639730211781 -nan(ind) 1.22752121657016e-05 1.05526252877368e-06 0.00302106077060312 0.000812239051322577 -nan(ind) 0.00484083052027613
0.129390625 0.00855031152843917 0.0164128146958684 0.00740957698441503 0.0217674814332898 -nan(ind) 0.0467476357399974 0.061359727399562 0.00745954834365877 0.0451285900082565 -nan(ind) 0.0104049185931209
0.0862604166666667 0.11030106393754 0.117655028590949 0.0127744913357373 0.116507850689316 -nan(ind) 0.317561165363352 0.31361177470802 0.01286324726584 0.173854721625297 -nan(ind) 0.016916943074358
0.0431302083333333 0.594056615315269 0.348626053637989 0.0201868743294023 0.222729495672431 -nan(ind) 0.89104331432098 0.603145875798699 0.0203013133228366 0.246115360212858 -nan(ind) 0.00948370579060053
0.0215651041666667 0.345155570328404 0.160003980191757 0.00934754495204734 0.072211645024872 -nan(ind) 0.365335136409633 0.238679424554636 0.00936690691825016 0.0717336288111852 -nan(ind) 0.00166043725836698
0.0107825520833333 0.0232209874718943 0.00440986479115127 0.00470067276489831 0.0115404459336901 -nan(ind) 0.017621649936042 0.00593431078378734 0.00470387321777103 0.0111729966496251 -nan(ind) 0.00127448400239512
0.00646953125 0.424839719615784 0.110376682500128 0.00397000629338011 0.0541980097841668 -nan(ind) 0.347726787596602 0.128859094580736 0.00397135473391837 0.0533904768529836 -nan(ind) 0.00263904429199648
0.00431302083333333 0.65147001952558 0.206181697224222 0.0048010218734438 0.0541959189621609 -nan(ind) 0.618888588994464 0.21346424491183 0.00480271670475442 0.0539533297270394 -nan(ind) 0.00516315169488105
0.0025878125 0.629440158123408 0.255577829549915 0.00612836338498889 0.0396140373564851 -nan(ind) 0.653392009523173 0.236864479997978 0.00613169126326108 0.0396194984294652 -nan(ind) 0.00792574947992594
0.0016173828125 0.520127419566469 0.241409508360989 0.00729382090052179 0.0281450455195868 -nan(ind) 0.546206957530001 0.212996379567867 0.00729654892764761 0.0281772348948628 -nan(ind) 0.00983533802480673
0.00129390625 0.465886497031551 0.223672170437703 0.00778035393964393 0.0238063948452896 -nan(ind) 0.488095081629018 0.195462492187761 0.00778255878756094 0.0238364023810706 -nan(ind) 0.0106064578957948
0.000650204145728643 0.342131740711964 0.166756372461233 0.0102180454148258 0.0146300134315126 -nan(ind) 0.353736144003195 0.146088885775778 0.0102189051652548 0.0146471089678228 -nan(ind) 0.0134355641838409
0.000431302083333333 0.294293869697188 0.139620963110472 0.0118387057297611 0.0111356473973875 -nan(ind) 0.302353793886267 0.124014131254617 0.0118390698664589 0.0111470055235033 -nan(ind) 0.0153281217379208
0.0003234765625 0.269336949340659 0.124069303543522 0.0131538635542187 0.00924051638236849 -nan(ind) 0.275721575166569 0.111448892586431 0.013154035177044 0.00924893982030413 -nan(ind) 0.0168840024800013
0.00025878125 0.253090848404593 0.113555403698546 0.0143028394421746 0.00799395366453341 -nan(ind) 0.258494770645929 0.102948463319078 0.0143028676500752 0.00800058569871368 -nan(ind) 0.0180840089597738
0.00018484375 0.233989886882198 0.0999970732756077 0.0166599417607206 0.00641029616431045 -nan(ind) 0.238156724356141 0.0919405362626785 0.0166598781632304 0.00641483843354435 -nan(ind) 0.0203773782357706
0.000152224264705882 0.224127173513446 0.0932233815294112 0.0180122556971379 0.00562586673922507 -nan(ind) 0.22766554625652 0.0863996177947791 0.0180121838089977 0.00562950054376312 -nan(ind) 0.0214939088675409
0.000143767361111111 0.221289443269435 0.0913298009191019 0.018396108674063 0.00540944217313858 -nan(ind) 0.224694685494292 0.0848251922111064 0.0183960369854363 0.00541283888266899 -nan(ind) 0.0217645397950628
0.000136200657894737 0.218655837282975 0.0895702033424859 0.018758714346688 0.00521018985535334 -nan(ind) 0.221936826372678 0.0833523335679113 0.018758646392131 0.00521337205938645 -nan(ind) 0.0219967981634627
0.00013203125 0.217164405326245 0.0885703046926609 0.0189676285623294 0.00509790949476211 -nan(ind) 0.22036761593496 0.0825146259660466 0.0189675631085172 0.00510097215595032 -nan(ind) 0.0221180926143177
0.761121323529412 2.79586256275505e-06 3.2546918011475e-09 8.50648714698679e-05 4.85710062176717e-07 7.68330489918949e-05 0.015829578971656 4.86507453690431e-06 8.50697845799814e-05 4.7938429320968e-07 7.68363888808633e-05 9.87654464718235e-05
0.646953125 2.60091696599519e-09 5.01889002021274e-07 0.000151083521456807 2.77302459583491e-06 0.000142313363927736 0.00144195059281128 0.000117349809317693 0.00015110475069595 3.01388170727137e-06 0.000142328297785039 0.000181744193016458
0.5175625 2.27693002023371e-05 4.76490598545161e-07 0.000279304619796513 4.86511228185468e-06 0.000251021294223757 0.00657123716807625 4.21070165165219e-06 0.000279466772677404 5.57709915465523e-06 0.000251098854103732 0.000357235873308658
0.431302083333333 9.23767522324445e-06 1.08479835533264e-06 0.000408314107264029 6.02002572875378e-06 0.00039599752654516 0.000504754066730865 0.000250787616755334 0.000408773989106137 7.52674348568833e-06 0.00039624875860202 0.000568972745581706
0.3696875 8.28839479023657e-06 8.88460464271577e-06 0.000602282929587171 6.58795080827399e-06 0.000567192785628967 1.02093819942741e-07 0.000805146906046976 0.000603342459969967 8.94916389736685e-06 0.000567812050117399 0.00089761373098089
0.215651041666667 8.08987838957389e-06 3.60742333782478e-06 0.00245614485627456 0.000241989815702974 0.00216584918618303 0.00015858518370438 2.93078529151566e-05 0.00246921055869105 0.000637963524144251 0.0021725113295392 0.0040348096146812
0.129390625 0.00518781497683342 0.0111680061397052 0.00632012882648114 0.016954414611451 0.00635717016136262 0.0344607743586455 0.0473927212993356 0.00636189052543554 0.0382336090304993 0.00638308720219944 0.00981552404370857
0.0862604166666667 0.08015577400573 0.0924371848457002 0.0113773772727965 0.0980908888398726 0.0112767135263094 0.269090926920054 0.272966170977905 0.0114573056774589 0.157009604950154 0.011322234812473 0.0151899492669007
0.0431302083333333 0.526367057488254 0.31804682677494 0.0199707756884356 0.220582679405848 0.0169332781215656 0.868862482368794 0.59881098034504 0.0200916168235235 0.253583467048755 0.0169934690051854 0.0120376350277681
0.0215651041666667 0.39750023729558 0.190319894939491 0.0106440125686079 0.098392102563556 0.00932517160432455 0.458118493908443 0.29817393183509 0.0106730645192889 0.100191024726391 0.00934188656757299 0.0017366497125593
0.0107825520833333 0.00109397717460781 2.30729774163604e-06 0.00452251954340553 0.00294227412727114 0.00284394009261263 0.000852798949459055 3.25508502691885e-06 0.00452633035678557 0.00286658366006219 0.00284537492387832 0.00060988293230226
0.00646953125 0.312471213752814 0.0772619672863341 0.00313186789451843 0.0446932680635792 0.00205387773651098 0.254567591053094 0.0945615493482841 0.00313312362197546 0.0439615639598647 0.00205430007673167 0.00132127717410798
0.00431302083333333 0.583204296319886 0.176121133146467 0.00397893324895045 0.0518144845959091 0.00260920442665931 0.543132621337272 0.190272481696849 0.00398014236331939 0.0515199779573076 0.00260948862138757 0.00333535401818111
0.0025878125 0.633476248491832 0.248858337354182 0.00579660671544492 0.0399168799809223 0.00471660427456056 0.650570078442738 0.237262777069152 0.00579917174206828 0.0399089089764867 0.00471747645509582 0.00682333101790394
0.0016173828125 0.556211194006318 0.257633376049501 0.00793204460864429 0.0285171312114298 0.00796850772986017 0.583128278391689 0.230431517525755 0.00793460151533617 0.0285492379337604 0.00796971945238741 0.0105678852967187
0.00129390625 0.509113021690381 0.248199345582193 0.00887638630071902 0.0240147674638869 0.00955651689100458 0.533385590660479 0.218546765789901 0.00887840430083146 0.0240462174001593 0.00955783695940037 0.0123091385571156
0.000650204145728643 0.390070205280622 0.204745853339939 0.0116307489551666 0.0142220568486941 0.0135306020028926 0.404103528840896 0.178281123353125 0.0116317172429481 0.0142400988632463 0.0135314021391985 0.0163082122842437
0.000431302083333333 0.33766938159222 0.179466725055908 0.013531621103397 0.0104277578634643 0.0155947442605321 0.347482937985376 0.157844766463577 0.0135320817387012 0.0104393962969885 0.0155952501776241 0.0188219708826829
0.0003234765625 0.30857997568601 0.163846976437989 0.015095337269666 0.00834481704662264 0.0169172403810054 0.316294335151517 0.145661002556872 0.0150956949072087 0.00835314119893612 0.0169175490919271 0.0202334764732978
0.00025878125 0.288675992826248 0.152793120421273 0.0163539618543768 0.00696941352851355 0.0178926816230888 0.295088013480765 0.13711574048911 0.016354156812559 0.00697572523102715 0.0178928581160068 0.021193134461048
0.00018484375 0.266363197873782 0.137965300289658 0.0188178046070541 0.00523158067433542 0.0200697781715542 0.270222985488467 0.125703690536841 0.0188178698459825 0.00523558659309714 0.0200698420331163 0.0233686065123443
0.000152224264705882 0.255919726635348 0.130316290087364 0.0202423701983425 0.00438191423436414 0.0214836343004161 0.258722996140179 0.119745165578569 0.0202423727877719 0.00438490562128337 0.0214836903287549 0.0246700609234033
0.000143767361111111 0.25287877381457 0.128076251213764 0.0206561190295306 0.00414949236870176 0.0218986224574682 0.255418782047574 0.11795455792636 0.0206561088420282 0.00415222291125915 0.0218986698442585 0.0250366116209447
0.000136200657894737 0.249962034013245 0.125885005375547 0.0210515315412936 0.00393642286398878 0.0222921642060508 0.252274234103834 0.116244923303334 0.0210515099788588 0.00393892210573804 0.0222922050274722 0.0253805722962477
0.00013203125 0.248254879093361 0.124617583943505 0.0212815489581212 0.00381677440432633 0.0225189528134418 0.250445558279513 0.11525004162829 0.0212815214019998 0.00381914737433786 0.0225189900081967 0.0255773976087322
0.761121323529412 1.90355475348015e-06 1.69176721649735e-08 8.15159126100506e-05 5.84942760981031e-07 7.16638816319437e-05 2.89156045722477e-23 1.49359243774359e-05 8.15203514324127e-05 6.01313554828825e-07 7.16685740090527e-05 8.94617440280924e-05
0.646953125 2.91969348015036e-06 7.17841497212163e-07 0.000147048230608214 3.35977359210772e-06 0.000129299177590835 0.000548488200186755 0.000146643444886022 0.000147068331801031 3.56735606824587e-06 0.000129317164043262 0.000171857414691279
0.5175625 2.98434951090144e-08 7.47260404933445e-07 0.000266618159552038 5.91999589503832e-06 0.000229344851792662 8.21221845558377e-06 0.000136216293451313 0.000266733871002603 6.62801596192109e-06 0.000229436859643628 0.000332327101137474
0.431302083333333 1.37853770144478e-05 1.01854507799776e-06 0.000408947978656645 7.54481866274258e-06 0.000351281010418628 0.00120315743737304 0.000161922330215569 0.0004093683759102 8.67824133571041e-06 0.000351522479061262 0.000509716716857325
0.3696875 9.33425882410025e-06 1.75660488201693e-09 0.000568866306555643 8.26037315425029e-06 0.000499102280820459 0.000494446166016907 1.77520290135166e-07 0.000569812800059662 1.10009338609959e-05 0.000499664245698077 0.000773972906297123
0.215651041666667 1.35835523128331e-05 4.21188755411054e-06 0.00223310610797318 0.000212915534080401 0.00190647756849089 0.000251080364709734 3.69300367045685e-05 0.00224412862409937 0.000547390894687779 0.00191257345017809 0.00373425818144029
0.129390625 0.00377950110358385 0.00887102692708104 0.0060444790105669 0.0145936731796949 0.00564081890936058 0.0282868422509781 0.0404220525242545 0.00608230396583078 0.0344708570048904 0.00566468809195466 0.0091148071251956
0.0862604166666667 0.0659906623061107 0.0796198417055052 0.0108372865796364 0.0879208499271638 0.010262321273043 0.244005855241452 0.249581745081374 0.0109083553541451 0.146653737777281 0.0103058022898974 0.0135587533496368
0.0431302083333333 0.485124433522741 0.29970548104231 0.019338495428236 0.217921268750249 0.0164183961479177 0.852071278558127 0.594074780769259 0.0194546940896055 0.256641897624854 0.0164799261476782 0.0129704896068622
0.0215651041666667 0.42414063579868 0.204935810640609 0.0116417550106528 0.113029200907384 0.0106805080429321 0.513406598688068 0.331651116350952 0.0116780459074189 0.116944053305626 0.010704534192042 0.00164604506030108
0.0107825520833333 0.00114664546876061 0.00170785790206321 0.0043587665892534 0.000482216350323068 0.00331692566597897 0.0009238060861777 0.00246681681808117 0.00436290607595548 0.00047222305337334 0.00331918169902485 0.000422185994705858
0.00646953125 0.243900090811879 0.058791779392676 0.00299349540162658 0.0384181238138351 0.00163219535087725 0.200026790148726 0.0739434139027426 0.00299463764053889 0.0377731159907841 0.00163256891101511 0.00079755712262532
0.00431302083333333 0.52289594123305 0.155421198610904 0.00331133848067172 0.0498875759741688 0.00166936978582683 0.484009693438182 0.172192465395284 0.00331225300559838 0.0495673281154094 0.00166952159477579 0.00242062182479703
0.0025878125 0.61474506149283 0.23876871133189 0.00507217151504482 0.0399232467913184 0.0035335986332726 0.627800497180356 0.231931076837027 0.00507407759457703 0.0399070627601712 0.00353377246682196 0.00687834910750266
0.0016173828125 0.562224818318374 0.260900338594881 0.00762074220435602 0.0287569882970514 0.00680972729534481 0.588249702871612 0.236077659277554 0.00762291162196518 0.0287893084085109 0.0068105204771296 0.0113376582495819
0.00129390625 0.522092051035502 0.257110435175775 0.00877259941240811 0.0242300707005743 0.00841314540902715 0.546329344829754 0.228249367158794 0.00877472765268723 0.0242628848641398 0.0084139771661162 0.0128730590022471
0.000650204145728643 0.404665868802025 0.22222893950692 0.012140351299304 0.0139276791059353 0.0135892435063031 0.41926427616287 0.193500388528554 0.012141552164395 0.0139461931890259 0.0135899411373514 0.0166557012145708
0.000431302083333333 0.353509826032975 0.200494991926868 0.0143430982580083 0.00992911123776783 0.0161765527903596 0.363616646454483 0.175930706938069 0.0143436961048124 0.00994079561403417 0.0161770374317753 0.0195342807292657
0.0003234765625 0.324189612040337 0.186552653015923 0.0163695862151712 0.00780060798458779 0.0180529095634386 0.331981302234124 0.165368138806394 0.0163700099203243 0.00780881140510072 0.0180532252685035 0.0212144465077641
0.00025878125 0.30279683758686 0.175894328516966 0.0179980657975151 0.00639655290978199 0.0193846564346577 0.309086107447132 0.157387975820403 0.017998332024901 0.00640263369069044 0.0193848741632845 0.0222352183876667
0.00018484375 0.276414875359603 0.160691305228836 0.0205509902814367 0.00460898539326595 0.0216450267723093 0.279614284973384 0.146091651652009 0.0205510908411713 0.00461266866372116 0.0216451292805997 0.0244694322071801
0.000152224264705882 0.261755959908338 0.152527921797584 0.0216833949410623 0.00373439157633175 0.0228141358202331 0.26368574168943 0.139863373223274 0.0216834593127701 0.00373706130614772 0.0228141904867391 0.0257895350209166
0.000143767361111111 0.257406837009943 0.149957485147628 0.0219947192705994 0.00349631290803344 0.0231486119424473 0.259044745668033 0.137899920435665 0.0219947632908252 0.00349872787537512 0.0231486539702041 0.0261710706518174
0.000136200657894737 0.253310308289224 0.147454753745971 0.0222950971210434 0.00327867472448919 0.0234721109617117 0.254698194650054 0.135985605169321 0.0222951228151789 0.0032808655447523 0.0234721416957649 0.0265371683753566
0.00013203125 0.250930122156537 0.145987242580605 0.0224728141151969 0.0031567617193564 0.0236630298245637 0.252218734648957 0.134852737394458 0.0224728297541055 0.00315883080503188 0.0236630543535894 0.0267510644760188
0.761121323529412 7.03774100557551e-06 2.40860570486431e-08 7.94397192633577e-05 6.22516704675036e-07 6.8852138101422e-05 0.0297705388287576 2.60148870773992e-05 7.94446268925554e-05 6.30764728506655e-07 6.88574137953739e-05 8.59010788811112e-05
0.646953125 2.06016888585799e-08 4.67633589284722e-07 0.000142530687887373 3.83260470699377e-06 0.000122743389671648 1.38796607921759e-06 8.66636325583965e-05 0.0001425498931963 4.01114588224591e-06 0.000122762116446693 0.000159712772826431
0.5175625 3.92239801134949e-06 9.34456376526435e-07 0.000254051731602224 6.54577089263589e-06 0.000224910016632306 0.00125349054332018 0.000186331034280068 0.000254168775286199 7.25076967195677e-06 0.000224986849956753 0.00030953232335268
0.431302083333333 1.54366951313052e-08 1.14865511709474e-06 0.000368502516514285 8.37807585419089e-06 0.00033825585205733 4.80194533526322e-08 0.000242627961609556 0.000368860192321138 9.78913023308663e-06 0.000338482257604517 0.000471835046255663
0.3696875 1.47999053438813e-05 1.81419499162256e-06 0.000534090797264327 9.38373834133914e-06 0.00046427291874533 2.74738849464469e-08 4.46856461851764e-05 0.000535157297816892 1.16538630937775e-05 0.000464852333347626 0.000705695040552003
0.215651041666667 4.67498931668798e-06 1.40416867325768e-05 0.00207034739162366 0.000192704697881365 0.00172947554230212 5.49241479368761e-06 0.000130555698074029 0.00207998798126539 0.000484492695093757 0.00173472705219424 0.00320333527791811
0.129390625 0.00295175946999216 0.00722762746524684 0.0059294710817565 0.0128164502744586 0.00575057693023234 0.0241699586768013 0.0350923227297884 0.00596601939351337 0.0313726464301105 0.00577480162400668 0.00855903183649491
0.0862604166666667 0.0556152241276051 0.0704913367175715 0.0102457786624807 0.0798134233424277 0.00970467351813018 0.223167875640933 0.232644926194994 0.0103132732867031 0.138137586793989 0.00974495048228303 0.0136848413797714
0.0431302083333333 0.449667015476778 0.284002106245933 0.0185470729526672 0.213788492846143 0.0162210842127051 0.831936956879221 0.588924400755229 0.0186563325533496 0.257170039669447 0.0162811323006355 0.0115684193937346
0.0215651041666667 0.43791521908026 0.215615212592564 0.01308682628328 0.124899023686434 0.0111723983255571 0.551590110373233 0.358852441743402 0.013130992923377 0.131012992492689 0.0111988859124911 0.00176401394088735
0.0107825520833333 0.0077339805659625 0.00560955150063207 0.00436036615615047 2.84227287432311e-05 0.00351429883301939 0.00646860239981372 0.00828204053796127 0.00436507075073338 2.80085985736578e-05 0.00351699609323856 0.000187631555623377
0.00646953125 0.190130177918045 0.0448596411696973 0.00302266525320463 0.0331595069440983 0.00114661652559793 0.15762313194905 0.0577047030612435 0.00302375211120242 0.0326088560540784 0.00114695236844968 0.000491930104862111
0.00431302083333333 0.464998528790339 0.137471636833671 0.00300423703980966 0.0479732954019844 0.00164697184736684 0.431004697699185 0.155570054269741 0.00300497710002547 0.0476379448650342 0.00164719689479757 0.0019681703120563
0.0025878125 0.58173663373489 0.227298705278957 0.00457786031570372 0.0399607627837014 0.00323005718853708 0.592032434434286 0.224449461945112 0.00457861061891507 0.0399369896020323 0.00323018511792099 0.00575318361703236
0.0016173828125 0.550328027452733 0.257906934298393 0.00724187764167701 0.0288197378830981 0.00628611859851736 0.575099921492181 0.23605580240665 0.00724372413449879 0.0288521964900622 0.00628669950275178 0.0107526329966717
0.00129390625 0.517452893697068 0.257247750098588 0.00852400698920605 0.0241252517652301 0.00805889079107606 0.541646078549217 0.230423789579349 0.00852580337851013 0.0241589848074318 0.00805952324848001 0.0131169741999231
0.000650204145728643 0.414846891031673 0.232247733737051 0.012400899149906 0.0138748686772375 0.0134321876545501 0.429607757112175 0.202835133097198 0.0124020968743269 0.0138942439164535 0.0134327359815078 0.0173423503854639
0.000431302083333333 0.362321301359125 0.216401392257603 0.0147824874907663 0.00968475432829958 0.0163264019894356 0.372268009034798 0.19001948138673 0.0147829778436309 0.00969677692681439 0.016326832537188 0.0202898263039194
0.0003234765625 0.328899469517036 0.205081287317147 0.0167142759282891 0.00743302513730932 0.0182387744669931 0.336317688578143 0.181815390094364 0.0167145891333208 0.00744126791328466 0.0182390793297755 0.0219413422109534
0.00025878125 0.304065492654528 0.194961970257796 0.0181797678950099 0.0060062839058599 0.0196010500808735 0.30986770874361 0.174459777939763 0.0181799977120953 0.00601232006806943 0.0196012687728994 0.0229787519767314
0.00018484375 0.273458551067116 0.178634515867865 0.0207824776272483 0.00417594289216461 0.0222610156985259 0.2759925582443 0.162491357190287 0.0207826100842065 0.00417949663171669 0.0222611310669462 0.0251760048837788
0.000152224264705882 0.257144158997849 0.167870999402453 0.0223649079835957 0.00327742357377507 0.024030698107393 0.258323764921195 0.154104490218774 0.0223649633535379 0.00327994354137133 0.0240307614413635 0.0264809960193707
0.000143767361111111 0.25229198678269 0.164442582057843 0.0228153918144151 0.00303439184590487 0.0245474650494553 0.253242875345709 0.151423995102384 0.0228154245920987 0.00303665389760103 0.0245475138057371 0.0268592386015425
0.000136200657894737 0.247626792448988 0.161193402676473 0.0232312309439283 0.00281301549009694 0.0250314059382302 0.248498379862549 0.148883466821606 0.0232312886902733 0.00281505071184106 0.0250314414834296 0.0272215383997138
0.00013203125 0.244968012956683 0.159338970975878 0.02346514999078 0.00268938926214565 0.0253068748934426 0.245796808321561 0.147426356011063 0.0234651964401609 0.00269130123736648 0.0253069031477696 0.0274328067841131
