0.00017 0.264098161771304 0.140157122546785 0.0195719997081426 0.00470732624335345 0.021250891882868 0.267244272177528 0.128123674664681 0.0195720529789543 0.00471081207316463 0.0212509637548284 0.0242752379441705
0.0002 0.273724098317652 0.147448519375198 0.0183555286921555 0.00546372060313052 0.020051805903996 0.277955011430874 0.13375001353734 0.0183556463165593 0.00546814887413375 0.0200519165514247 0.0231721337883842
0.00025 0.29011000471894 0.157716043339069 0.0167411887257496 0.00663472211761936 0.0185398968650629 0.296304470209813 0.141595500395298 0.0167413817010965 0.00664071145502584 0.0185400849351877 0.0216993066416902
0.0003 0.307026177978938 0.166629578929577 0.0156781166704417 0.00771841470807574 0.0175517267993164 0.31433883895414 0.148417187294675 0.0156784416061058 0.00772595153041786 0.0175520056832141 0.0207827881123997
0.00035 0.322788255421833 0.174570606626817 0.0148760238461363 0.00873775453055053 0.0167719068151781 0.331156596633762 0.154541792523818 0.0148764703447069 0.00874684263660869 0.016772266984766 0.0200869509224042
0.0006 0.384246705225052 0.206136681934847 0.0121950596654287 0.0132936690909078 0.0143146332901035 0.397545669798193 0.179623651308523 0.0121958435010355 0.0133105992796283 0.0143153671777345 0.0173916873228492
0.001 0.464139560181195 0.236539925512186 0.00977219680440456 0.0197102403235827 0.0113797261757072 0.48458825562632 0.206429980097268 0.00977392925182638 0.0197372328033709 0.0113808576725361 0.0141435081990474
0.0015 0.543155155149084 0.256365649022567 0.00800802235974804 0.0269727079591741 0.00849686170831465 0.569369011702207 0.228426206992659 0.00801034319104515 0.0270055405207618 0.00849803560005445 0.0111801763802832
0.003 0.638409500572741 0.233015666704806 0.0049615615131585 0.0439273467482335 0.00352596704854515 0.642701760648012 0.230319271541496 0.00496379334375515 0.043873275760677 0.0035262707166308 0.00559720256746821
0.006 0.357661460116969 0.0909712558323981 0.00290470365664743 0.046937225562051 0.00141874220419459 0.298324090527713 0.109531161514362 0.0029055673580553 0.0462707708886913 0.00141900987255459 0.00136956851610021
0.012 0.0119002148968325 0.00675539015303106 0.00494381858641384 5.72731344622008e-05 0.00335218070552494 0.00972178456986834 0.00977434788641444 0.00494866979079445 5.59612106796929e-05 0.00335451840566486 0.000544190228249819
0.02 0.345301754074301 0.162537391089851 0.0100722448542483 0.0806643468162294 0.00866122266657778 0.384774051275996 0.254023303303061 0.0100975404358493 0.0817238332242202 0.00867620765625804 0.00152505383730537
0.03 0.580587873796762 0.308315228616749 0.0179549950347817 0.188644288631232 0.0143695918730542 0.800507583850167 0.516782875217154 0.0180359148892816 0.202455186019509 0.0144115659244678 0.00505308460690549
0.05 0.419102533430839 0.278328721675052 0.0187530164694788 0.210835576266113 0.0171082129566425 0.785403461453256 0.576584538625433 0.0188737251194462 0.255350179445373 0.0171753722501295 0.0142689785828823
0.08 0.106296972742003 0.113743764979542 0.0121378127739299 0.116233862086924 0.0115643557088164 0.330621796396517 0.323158064481563 0.0122240573195566 0.178777049914289 0.0116131614687331 0.0155969397586292
0.1 0.0342720000428935 0.0489860825682551 0.00930970688821401 0.0574181378962522 0.00883728887574789 0.148327605523918 0.164280294992871 0.00937239241498212 0.103694837384272 0.00887377524398602 0.0130962023752622
0.199 1.12077509390216e-07 1.97657600252648e-05 0.00291379664807777 0.00054437277810186 0.00262477894332191 1.60782758782403e-06 0.000147351704737098 0.00292979266737832 0.00152478277712461 0.00263377103300924 0.00472872851267455
0.3 2.30491016506496e-05 1.6190615895706e-05 0.00102126495124025 1.15566126152141e-05 0.000908268835548915 0.00041331768197084 0.000365819729827325 0.00102433768730526 2.10672696537063e-05 0.000910040993416602 0.00166290349765672
0.4 2.82089455184905e-06 1.7090726694663e-05 0.000519952825192529 6.77453570013457e-06 0.000454640104370525 0.000211689743447072 0.00279092800156227 0.000520643676775628 8.30650054495789e-06 0.000455115158445502 0.000681461619525003
0.5 0 1.07992809673086e-06 0.000298804802584117 5.31567247258378e-06 0.00027197778145771 0 0.000334684507861111 0.000298965670750821 6.0692894670427e-06 0.000272087778231951 0.000379833098389428
0.7 1.09506501130954e-06 3.43995589107525e-07 0.000113858785514787 1.77863152353341e-06 0.000103851042977151 0.0011400761510398 0.000115508912404891 0.000113868428295017 1.84170668833906e-06 0.000103861224253999 0.000138302878791675
0.85 3.15803185599824e-07 8.71553910384675e-09 4.8095807484138e-05 7.37332149017489e-07 4.32674589465154e-05 0.0175555940403391 0.000131597613923065 4.80966708796084e-05 7.25140213767416e-07 4.32685441904966e-05 5.15084922479647e-05
0.9 2.33790901819675e-08 2.14227966876307e-08 3.16889310250375e-05 3.96573794199913e-06 2.90373709504376e-05 6.19775753511599e-24 6.90145522110029e-05 3.16892633598617e-05 4.29820154093103e-06 2.90377159137776e-05 3.35296385290958e-05
0.95 7.80123798024997e-09 3.79401963136703e-08 1.77615297605186e-05 7.50390606381503e-06 1.65543630725179e-05 4.70815997489391e-05 2.497841361602e-05 1.77615544215722e-05 8.94922360698194e-06 1.65544054713973e-05 1.78482684616933e-05
0.98 6.31548885376742e-09 3.5831935046176e-08 2.06369623021919e-06 4.13751125222212e-08 0.000218170121746079 0.000772386711711163 1.35454125908864e-05 2.06369041037014e-06 2.90390417580758e-08 0.000218158965780612 1.26890102978818e-06
0.00017 0.265189555738352 0.142732291816716 0.0196281141870418 0.00465658640373862 0.0214898988105578 0.268244687378134 0.130449927017719 0.0196281742014969 0.00466005778409008 0.021489984701573 0.0244344282271737
0.0002 0.275220756871846 0.150474415648506 0.0184244466597919 0.00541224699090788 0.0203116916335496 0.279380957235334 0.136453370070338 0.018424572278992 0.005416659213684 0.0203118197791259 0.0233468179956702
0.00025 0.292114211782074 0.160977983709548 0.0168196223349034 0.00658092539862551 0.0187571120585314 0.298297347124605 0.144472249945957 0.0168198223229635 0.00658689488272647 0.0187573163811439 0.0218309833934073
0.0003 0.309469030868828 0.169936212166253 0.0157694952537223 0.00765896425270853 0.0176914827977894 0.316804860357404 0.15129408635773 0.0157698287792355 0.00766647081830216 0.0176917712908151 0.0208519166885084
0.00035 0.325506898713907 0.177830028571147 0.0149755309883092 0.00867370224912952 0.0168320795790843 0.333927137435576 0.157350218620577 0.0149759874937279 0.00868275585262921 0.0168324428216774 0.0201068163054697
0.0006 0.386206136198718 0.208807667855351 0.0122423693612545 0.0132481195999282 0.0142974954035009 0.399593355243773 0.181937233883466 0.0122431739847452 0.013265202400352 0.0142982226230063 0.0174635719664096
0.001 0.466176452512233 0.238008699564354 0.0097127159054933 0.0197055398629815 0.0115456792755658 0.486739232424956 0.207804377656671 0.00971453177089921 0.0197326553544042 0.0115467986444785 0.0143063428886741
0.0015 0.54427233627099 0.256738694994056 0.00786388573182179 0.0269832844153009 0.00845836723888897 0.570473242600176 0.229010267292081 0.00786624670473534 0.0270163357878887 0.00845950885726597 0.0112363621660528
0.003 0.635561423918792 0.231601469764019 0.00480408087137617 0.0438726184344266 0.00334936011562678 0.639424778451121 0.22945726530987 0.00480621499027922 0.0438173354480829 0.00334964207474092 0.00557027365896884
0.006 0.34969074700191 0.0887911512687028 0.0028134729053875 0.0463629243528477 0.00117769878218239 0.291696526077472 0.107228181160652 0.00281418963114596 0.04570122364266 0.00117792373993018 0.0012868055417607
0.012 0.0133836474249429 0.0075068659318693 0.00479589065189035 0.000129241249843968 0.00337990784595472 0.0109911394848338 0.0108913497425161 0.00480054273501444 0.000126424599195183 0.00338234612650591 0.00052013178892594
0.02 0.348358028487121 0.164484002004951 0.010337272275249 0.0821585860764611 0.00885209015886788 0.390330978964925 0.257790454176815 0.0103637762040282 0.0833743853076986 0.00886788767581297 0.00158705992359822
0.03 0.577945418437256 0.308010487532845 0.01746931278878 0.189512026462502 0.014387274605573 0.801474148760394 0.518832377326677 0.0175491404641985 0.203822574425462 0.014429773342713 0.00525760201802732
0.05 0.414229289852752 0.275907548350446 0.0186514379785875 0.21003876068671 0.0170302613116354 0.781488015435215 0.575177420412558 0.0187704239862997 0.255114862797031 0.0170976421213508 0.0141579804055559
0.08 0.104110561056714 0.11228158660465 0.012059303856243 0.114993470071025 0.0111832009779276 0.327109339386514 0.320965055871133 0.0121445169486823 0.177656125119486 0.0112307546597099 0.0154474443604858
0.1 0.0334095546236126 0.0479691943768712 0.00920972850774137 0.0566130990196949 0.00872984003326604 0.147255220784636 0.161936646739449 0.00927148521550828 0.102806376340039 0.00876624071769144 0.0129453825204711
0.199 1.09906844262739e-07 2.08125154616871e-05 0.0028802381993432 0.000532904861690393 0.00263873326034885 1.43589918064617e-06 0.000156396163349909 0.00289597690119363 0.00148966671493452 0.00264786086697216 0.00468728448260046
0.3 2.25924524724046e-05 9.97167907948222e-06 0.00100128701833177 1.16495667147993e-05 0.000893357218200016 0.000629071326538307 0.000227701106543255 0.00100427045458987 2.11834894816052e-05 0.000895146755175769 0.00161038015582845
0.4 3.13796203429618e-07 1.63284883313458e-05 0.000519004760063813 6.97064605912067e-06 0.000450522296701476 2.38495047485553e-05 0.0023123650242643 0.000519686875931814 8.77009159554963e-06 0.000451036560651655 0.000676604462395349
0.5 0 1.6593491210414e-06 0.000296344948019284 5.53310634602749e-06 0.00027557186162813 0 0.00049745033130576 0.000296503386315525 6.29857807367317e-06 0.000275689827596061 0.000374112546437114
0.7 1.19938897507016e-07 5.32566584991926e-07 0.000113158803151822 1.81268555200037e-06 0.000103402097770915 0.00358444921501632 0.000176127908985005 0.000113168714366468 1.88976502839346e-06 0.000103410943612778 0.000136814731443092
0.85 8.67991669716282e-07 1.00320054525245e-09 4.80603515114915e-05 7.38765925034867e-07 4.2863931691877e-05 0.0419603947250348 1.52000469411205e-05 4.80612328252957e-05 7.27335554603075e-07 4.28649589458886e-05 5.13248237342168e-05
0.9 1.44411664993748e-09 1.72795476028123e-08 3.17691512848187e-05 4.03868820715383e-06 2.91360435598849e-05 1.12305258214663e-06 5.96161436555751e-05 3.17694854440319e-05 4.37856321686838e-06 2.91364400618062e-05 3.33570372170717e-05
0.95 2.63235470434829e-08 3.41476063288754e-08 1.76300387630518e-05 7.59457648554201e-06 1.64057678970558e-05 5.3878345652276e-06 1.90521544930293e-05 1.76300636324307e-05 9.05817466854187e-06 1.64058098914276e-05 1.77698008709866e-05
0.98 2.19715976855786e-08 5.67780319432473e-08 1.90050143538961e-06 1.1030898117559e-07 0.000206828081672761 0.00203562118242092 8.66555899016646e-06 1.90049370098403e-06 7.6614885606099e-08 0.000206829920876468 9.40499192986372e-07
0.00017 0.229702743656891 0.0970021573660857 0.0172578235788515 0.0060621928119353 -nan(ind) 0.233575309586493 0.0894956703218067 0.0172577481830497 0.00606632104450555 -nan(ind) 0.0208986192268783
0.0002 0.238023626748762 0.102942889686964 0.0160594228192457 0.00675309224495818 -nan(ind) 0.242469700640709 0.0943398806076777 0.0160593724542415 0.00675806327946605 -nan(ind) 0.019819743335416
0.00025 0.250839358177223 0.112041781568916 0.0145066675460147 0.00781612019026921 -nan(ind) 0.256111707401215 0.101723305321788 0.0145066799075888 0.00782250633794764 -nan(ind) 0.0182914892537047
0.0003 0.263532348817752 0.120374784020094 0.0135156337291346 0.00879995561351205 -nan(ind) 0.269558721931021 0.108463123528738 0.0135157518997915 0.00880773269788316 -nan(ind) 0.0172698247456535
0.00035 0.275734372567227 0.128095672398227 0.0127897344102835 0.00972445424845913 -nan(ind) 0.282526703095601 0.11470272611037 0.0127899656018504 0.00973360390214534 -nan(ind) 0.0164827301910389
0.0006 0.33138984448428 0.160945238104535 0.010598243195571 0.0138604415388052 -nan(ind) 0.34217505437495 0.14127977679995 0.0105989752125586 0.0138762537211194 -nan(ind) 0.0137913357060617
0.001 0.412087169105554 0.201530381584292 0.00848615657365048 0.0197295029660844 -nan(ind) 0.429579469977704 0.175504088963646 0.0084878154805857 0.01975462925804 -nan(ind) 0.0115854990150802
0.0015 0.501410173813719 0.235860707352502 0.00745551446152274 0.0265991469048343 -nan(ind) 0.526291041175647 0.20727384478413 0.00745807176342557 0.0266310258605017 -nan(ind) 0.0100966795207617
0.003 0.657424248121986 0.250630070800489 0.00580252296003513 0.044057221516098 -nan(ind) 0.672867649411656 0.238393059996831 0.00580589679968122 0.0440293824086741 -nan(ind) 0.00726798549080893
0.006 0.48632135264207 0.130200402593344 0.00406948482097077 0.0561868997277915 -nan(ind) 0.409558398873425 0.148536637191489 0.00407095781822 0.0554901789273244 -nan(ind) 0.00306730966663144
0.012 0.000479561048081407 1.17600731822604e-05 0.00483546669623447 0.00333956266767222 -nan(ind) 0.000396278962457396 1.6286654206408e-05 0.00483930533329378 0.00323069618217353 -nan(ind) 0.00113644519297236
0.02 0.278714431373969 0.125515749501135 0.00837939543819076 0.0519728247631208 -nan(ind) 0.281253109653882 0.185689638223349 0.00839470070865515 0.0512775509307603 -nan(ind) 0.00143593518596143
0.03 0.589387508044063 0.306237989465363 0.0152324303506764 0.170873472693705 -nan(ind) 0.7452470494702 0.477708711734193 0.0152888347541011 0.176840367734026 -nan(ind) 0.00390001750165851
0.05 0.50457912026641 0.319174874476175 0.0199636885838666 0.221397789029948 -nan(ind) 0.833526554956186 0.593321534581992 0.0200909020215617 0.254355468304875 -nan(ind) 0.0127935539222088
0.08 0.150656964577539 0.146408690796585 0.0138806140252819 0.138673208286763 -nan(ind) 0.394796187570826 0.370400184363333 0.0139773951300051 0.197420775358559 -nan(ind) 0.0170796637978257
0.1 0.0518106776820023 0.0678878162721491 0.0106955688523158 0.073053270593494 -nan(ind) 0.182860735849287 0.200775435051311 0.0107697337583093 0.12068907088856 -nan(ind) 0.0159121085039998
0.199 1.28763652938901e-05 5.52513908456303e-05 0.00358674241554036 0.000718291232270512 -nan(ind) 0.000177831500340162 0.000360016260151984 0.00360760998838734 0.00205603683371358 -nan(ind) 0.00562536755027191
0.3 3.77098352497193e-06 4.98858530161473e-06 0.00128523751801152 7.33762869543978e-06 -nan(ind) 1.28356966842504e-26 8.76595184430322e-05 0.0012897029532812 1.46494153967438e-05 -nan(ind) 0.00220508980379441
0.4 7.05190867259172e-06 0 0.00055761718083276 3.82849233498623e-06 -nan(ind) 5.68055476460468e-26 0 0.000558832480672576 4.95740258243206e-06 -nan(ind) 0.000906895066465486
0.5 1.32120478272792e-28 9.50517459633261e-07 0.000345245762769536 3.48625270743501e-06 -nan(ind) 0.00422607369992509 0.000503208770852853 0.000345490361818581 4.11980220345666e-06 -nan(ind) 0.000461817512679831
0.7 1.70635308519928e-06 2.64748083645856e-07 0.000131500200774492 1.07778457873128e-06 -nan(ind) 1.55774987029325e-23 0.00013416587454409 0.000131511090131226 1.13702506826148e-06 -nan(ind) 0.000169007600851845
0.85 3.44288211376827e-07 1.19287144632672e-08 5.12689391488329e-05 7.97953900843713e-07 -nan(ind) 0.0120147459975077 0.000136791558487487 5.1269962135349e-05 7.85556277313242e-07 -nan(ind) 5.93726340543664e-05
0.9 0 0 3.36070043056257e-05 3.76550701796564e-06 -nan(ind) 0 0 3.36071985674322e-05 4.0547390008719e-06 -nan(ind) 3.54467561881737e-05
0.95 0 6.1406294805859e-08 1.88326987438595e-05 7.42113300832952e-06 -nan(ind) 0 3.33991131941319e-05 1.88327148230246e-05 8.83855212656013e-06 -nan(ind) 1.97434310094873e-05
0.98 1.47024965706694e-29 6.09470514804801e-08 3.84388495525077e-06 1.30377116540172e-06 -nan(ind) 5.20011881335703e-26 2.15050662461756e-06 3.84388076034161e-06 1.1566247930218e-06 -nan(ind) 6.35459312216355e-06
0.00017 0.261795468670799 0.134623430426569 0.0194422388024748 0.00485325137151008 0.0206818443391754 0.26517031722764 0.12314255714453 0.019442274657371 0.00485679507093995 0.0206818930698919 0.0239455408088644
0.0002 0.270786615698136 0.141235278438763 0.018196570898364 0.00560585306650834 0.0194849668657759 0.275196979722918 0.128214486208521 0.0181966682972429 0.00561033113128291 0.0194850477727989 0.0227877002994077
0.00025 0.285930220192043 0.151169919816548 0.0165723418716321 0.00677344301142642 0.0180701811260441 0.292138663137033 0.135863518314437 0.0165725147566076 0.00677948077787159 0.0180703409542476 0.0213670746030265
0.0003 0.301493317369211 0.160012648919492 0.015496979934784 0.00785863400046888 0.017222857462677 0.308741941421937 0.142684668999776 0.015497279333325 0.00786622938633836 0.0172231182179109 0.020538563250876
0.00035 0.316278019725188 0.167968144040016 0.0146867304208394 0.00887845272329126 0.01658519006674 0.324516768993115 0.148872652958521 0.0146871488952057 0.0088875976100001 0.0165855425762025 0.0199047890007819
0.0006 0.378995471495302 0.199822294103761 0.0120452664547879 0.0133876910210397 0.0141700357389164 0.392061790067586 0.174172326513486 0.0120460626107068 0.0134043022576377 0.0141707681879758 0.0169679121623527
0.001 0.459320417887717 0.232794744569183 0.0098457823264694 0.019708621453488 0.0109546444398785 0.479516764123919 0.202978240910137 0.00984742776378701 0.019735428829344 0.0109557835982759 0.0137768655026467
0.0015 0.540366852604907 0.255135718392481 0.00826203127540604 0.0269212646225099 0.00853273523921586 0.56662075315497 0.226782001801468 0.00826432483888812 0.0269537753296349 0.00853396683932092 0.0111907069414387
0.003 0.644332755052702 0.236075508777299 0.00527797171717433 0.0440153009934094 0.00397594996826103 0.649865340847231 0.232104234510979 0.00528041938660536 0.0439643098626993 0.00397631579853551 0.00582579724112122
0.006 0.375598762221535 0.0960767341495165 0.00316552770349598 0.0482515313510025 0.00208771954678935 0.313265110268006 0.114877403681696 0.00316669985301122 0.0475747616854626 0.00208809970258138 0.0015660169576883
0.012 0.00871188889851416 0.00517208424060669 0.00517989889452293 1.12112842027047e-06 0.00328904049698045 0.00702081672738965 0.00743870671797675 0.00518506069978854 1.10276524951492e-06 0.00329112004075329 0.000599247080428889
0.02 0.337996699743831 0.15811671838586 0.00942901015408095 0.0770968982874611 0.00820182229840794 0.371893845022339 0.245150547765654 0.00945161830085601 0.0778213073240522 0.00821471185416065 0.00141839673887523
0.03 0.584873319944916 0.308804742590742 0.0185114936379683 0.186543459158213 0.0144810622002104 0.796363327036157 0.511956980278106 0.0185924091442518 0.199231873668788 0.0145217005770963 0.00469492077290569
0.05 0.42998670092141 0.283645109759801 0.0189718208484011 0.212691732941452 0.0171033277915902 0.793160766216076 0.579280152150927 0.0190954130257037 0.255870783896932 0.0171673754743945 0.0145160688653419
0.08 0.111640187280876 0.117150352288044 0.0123998105443438 0.119105957011059 0.0124026831703677 0.339275050413118 0.327875123919649 0.0124879294711063 0.181322838758678 0.0124529898054942 0.015877152281073
0.1 0.0363023788547169 0.0513162996900214 0.00950128381793953 0.0593115617547072 0.00912605956064017 0.151377650242626 0.169363553732858 0.00956581000883982 0.105800547916561 0.00916229841114029 0.0133804946680087
0.199 5.41933482151165e-08 2.07266215907076e-05 0.0029922373238683 0.000568379767828226 0.00264191279144972 8.58879891180945e-07 0.000151721585015102 0.00300886125303682 0.00159937370555567 0.00265065728701478 0.00485650439392169
0.3 1.86707539958169e-05 2.8926010629724e-05 0.00106582457354751 1.11653659665029e-05 0.000952333452929501 0.000142752069964547 0.000636256945407585 0.00106910352224769 2.04621684407579e-05 0.000954065172804243 0.00176484087468236
0.4 1.17907047648859e-05 1.10203671097941e-05 0.000522691012383352 6.32533944079104e-06 0.000467094572185888 0.00086370106068794 0.00141235127381032 0.000523401431700158 7.51974293103896e-06 0.000467475243084554 0.000696302505462655
0.5 0 3.58399980665426e-07 0.000304154050800532 5.03610712132285e-06 0.000268871763515678 0 0.000109634466988477 0.00030432003271209 5.8267540093184e-06 0.000268966214770763 0.000393422621867759
0.7 2.89831973230902e-06 1.14417950558733e-07 0.000116947923328068 1.69516929405063e-06 0.000106091236689839 9.59574531108344e-06 3.99095889240995e-05 0.000116959064704325 1.74063996600139e-06 0.000106102662336512 0.000142539083991684
0.85 2.67937850097188e-09 3.36565061370678e-08 4.78303103038692e-05 7.43954043563266e-07 4.36213459565885e-05 0.00080392013088903 0.00049842362784671 4.78312140694266e-05 7.307680966984e-07 4.36224039203179e-05 5.26099616132788e-05
0.9 7.20985027541915e-08 2.70228474863611e-08 3.19379346910169e-05 3.86910755775473e-06 2.89187399427563e-05 3.89171265671886e-06 7.01959128851632e-05 3.19382377806792e-05 4.19058085609776e-06 2.89189865480371e-05 3.38614694572746e-05
0.95 3.73465371727216e-11 3.97734425038147e-08 1.80577938178876e-05 7.43357946269796e-06 1.67865987871147e-05 0.000114597364173598 3.21719050305783e-05 1.80578179733021e-05 8.86360475194778e-06 1.67866385050745e-05 1.80372058380337e-05
0.98 4.75147612401653e-11 9.42950614146109e-09 2.31503943612999e-06 4.15969315020719e-11 0.000149355045164228 7.7500467911746e-05 1.80011402371378e-05 2.31503581374503e-06 3.4652627094121e-11 0.00014935073231851 2.13935251373592e-06
0.00017 0.27014482153679 0.157165692674907 0.0210679397605964 0.00421888524922136 0.0221662689036119 0.27274796867614 0.14348328625028 0.0210680508955928 0.00422210204726225 0.0221663499529753 0.0250521332886173
0.0002 0.282131853140136 0.16411723591163 0.0199857317856312 0.00499563401508999 0.0211006171457268 0.285971224416827 0.14863168794361 0.0199858646919758 0.00499980073984877 0.0211007406047441 0.0238769915952701
0.00025 0.29974460422199 0.174279661340382 0.0182591234620752 0.00619606465758648 0.0195956427327455 0.305800574307542 0.156185708869639 0.0182593687912532 0.00620185743882311 0.0195958455719301 0.0224154005918015
0.0003 0.316699023266518 0.182919187592478 0.0169074663071249 0.00730452409432821 0.0185085229137017 0.323965652685752 0.162637055713427 0.0169078333371576 0.00731195820707012 0.018508792391164 0.0215465011604877
0.00035 0.332184121899062 0.190371504337997 0.0157998243448231 0.00834564146162414 0.0175709407946106 0.340563700205415 0.168255024335702 0.0158003151416004 0.00835471099392411 0.0175713052246059 0.0208463433317699
0.0006 0.392979133043096 0.217551684979867 0.0125665350405517 0.0129739360104444 0.0140242355431062 0.406511964752465 0.189510257609363 0.0125675966866746 0.0129907995755328 0.0140248848965762 0.0170516169126247
0.001 0.476239770872934 0.246855088683247 0.0100575286331703 0.0198733461231291 0.0105155740677442 0.497034421046862 0.216246947134121 0.0100593769480303 0.0199016880368858 0.0105164854038327 0.0145129898528703
0.0015 0.549086122237478 0.260408173134389 0.00802370217616737 0.0271564985245068 0.00734209196441608 0.57477784083325 0.233894693922347 0.00802584507358934 0.0271897582012425 0.00734290574614368 0.0118830602994568
0.003 0.614158416876779 0.221928598964785 0.00446470765834305 0.0437423685777724 0.00279474123780698 0.61529246159595 0.222802510416781 0.00446564009244343 0.0436778370838215 0.00279490394144655 0.00540048631171124
0.006 0.304032421700261 0.0762271012541057 0.00295632562697938 0.0429047645070986 0.00153156044969941 0.254317932209622 0.0936508220613721 0.00295729929027754 0.0422762238811234 0.00153185350604693 0.000978424203072921
0.012 0.023783818764722 0.012176802521647 0.00521331730871816 0.00107794450420452 0.00380295534276309 0.0200348740194056 0.0179642882475343 0.00521921620466069 0.00105945079988938 0.00380611077483195 0.000443437182525908
0.02 0.370083423512966 0.174904382592888 0.0104319451155541 0.0919720336306343 0.00946686938766167 0.427813364611459 0.279664426017549 0.0104605955495556 0.0942337259481991 0.00948597832486549 0.00128029432340847
0.03 0.57211835109689 0.305959609972329 0.018249904078006 0.193538478111285 0.0153743952789224 0.816373347050307 0.528643784225887 0.0183382540614714 0.210699103516866 0.0154218706392993 0.00536343751892693
0.05 0.384908787305975 0.262433966708118 0.0181331467788874 0.206438289408306 0.0156103160625721 0.760855179425218 0.56651407716239 0.0182482968962452 0.255325668538699 0.0156718434662151 0.0152527535456417
0.08 0.0932329244195777 0.102237975989667 0.0118748895837462 0.107917260761633 0.0111319984887114 0.310944354578823 0.303831803556609 0.011952901746093 0.170829616329844 0.0111787291063921 0.0143914576648608
0.1 0.02870953934943 0.0427912089673121 0.00890902170739583 0.0521869296421011 0.00850744736965825 0.132898247143918 0.150093193308609 0.00896739345153578 0.0974918905411043 0.00854368021587427 0.0117976875254304
0.199 3.36250622170301e-06 6.30086939354105e-06 0.00269783130900553 0.000483995592530125 0.00237094397822331 6.37359604577367e-06 4.93962364311727e-05 0.00271200262537065 0.00132181299711803 0.00237914935286178 0.00441452254654138
0.3 2.63939450743609e-05 8.31994479816828e-06 0.000942882453202166 1.26907537598193e-05 0.000816064256502925 0.000507283304284407 0.000207839439111529 0.000945536866887925 2.23206486219782e-05 0.000817693178448626 0.00138173712465724
0.4 4.25391380429853e-06 1.75561622113658e-06 0.000468171411420555 7.55767114067317e-06 0.000416019540130112 0.000330919386003306 0.000299877050076576 0.000468755462907875 9.31208013424964e-06 0.000416390868753993 0.000629765463477877
0.5 8.94559479773337e-08 5.20018796547082e-07 0.00028568976139246 6.36284719313363e-06 0.000253084660288083 2.02434954366211e-05 3.07384279624092e-05 0.000285834276102292 7.13912796416905e-06 0.000253190621411064 0.000357320345554361
0.7 0 1.7420571761844e-07 0.000113034074157425 1.9866384975864e-06 0.0001013170772167 0.00187116483492146 5.39618965501047e-05 0.000113044058226697 2.04260262619578e-06 0.000101325880477842 0.000129231037133126
0.85 3.06787829414108e-09 0 4.70417734400012e-05 7.49492503058049e-07 4.1347233118626e-05 0.000150329940560782 0 4.70429012616773e-05 7.37292089246244e-07 4.13485664825927e-05 4.89464347314261e-05
0.9 1.65185928217116e-07 2.25958509652397e-08 3.20881822637259e-05 3.98407086398783e-06 2.81879116615606e-05 0.00102499254038853 3.29347296463095e-05 3.20884087946529e-05 4.33168787812528e-06 2.81883474762767e-05 3.18422416166801e-05
0.95 1.1047099158178e-10 2.23568038228593e-08 1.76713009760536e-05 7.5007646472095e-06 1.6649462673607e-05 6.39803168838433e-07 1.11670197426706e-05 1.76713236775258e-05 8.95104149456669e-06 1.66495122255453e-05 1.81154185220206e-05
0.98 1.1064816755036e-10 1.02687668466742e-07 6.98211734435763e-07 4.0170291116365e-07 0.000132910180787562 1.73963244092967e-05 1.15865554641436e-05 6.98210617071617e-07 2.62643575626235e-07 0.000132911163149405 5.01451758489717e-08
0.00017 0.266406843286002 0.174102500169641 0.021471918166684 0.00377422850491776 0.0230241439586477 0.268313571258066 0.159072135535524 0.0214720183469062 0.0037773043087598 0.0230242365142224 0.0257497628014525
0.0002 0.280039482889963 0.182642750533393 0.0201290787349802 0.00457527337170187 0.0215486014461487 0.283242085688928 0.165466295554281 0.0201292379993474 0.00457932798151378 0.0215487379506766 0.024599235340059
0.00025 0.300512210588938 0.193342250589591 0.0184201318739131 0.00580294331651462 0.019824595131024 0.30606129221451 0.173282126346293 0.0184203516941801 0.00580868202574382 0.0198248012828151 0.0231602759522217
0.0003 0.320226624458966 0.201747474160545 0.0172065558666831 0.00692710278484147 0.0186813649599375 0.327082877443441 0.179390236228506 0.0172068343114833 0.00693454138019883 0.0186816315134527 0.0222785676922082
0.00035 0.338103190380879 0.208442643030761 0.0161932570291931 0.0079939058774576 0.0177687175760824 0.346152397556514 0.184268230095283 0.0161936279439469 0.00800306336202872 0.017769062185487 0.0215723526670909
0.0006 0.404886130647392 0.227781780953022 0.0128589409815161 0.01302626138502 0.0139966714627072 0.418621715444124 0.198921650690111 0.0128600247056324 0.0130441490111183 0.0139971889301333 0.0179735592838372
0.001 0.476900350710447 0.25172284221165 0.0100091471430541 0.0195459371544915 0.0102087313879938 0.497877594658459 0.221987696113378 0.0100108237862612 0.0195749909533424 0.0102093696356503 0.0149972875685856
0.0015 0.539922225863953 0.258456381016464 0.00767781682753506 0.0271668131411282 0.00687362207369837 0.564849059371501 0.234612095076574 0.00767966418044698 0.0272005613562401 0.00687422537537969 0.0116086424179734
0.003 0.573526693584698 0.207698986025297 0.00397848512551933 0.0434696353724597 0.00267967777514733 0.572935779456354 0.2123220761301 0.00397926222285576 0.0433931232547743 0.00267983246450382 0.00451021152068482
0.006 0.245712264320608 0.0607045883544586 0.00294109725189985 0.038252476445307 0.00112276122189781 0.207306405025867 0.076271632638489 0.00294195718364445 0.0376854685963995 0.00112303598075141 0.000628908016667722
0.012 0.0413910965925495 0.02025699739973 0.00507728331095044 0.00371807209873163 0.00358180486300946 0.036570333853077 0.0305548224440624 0.00508383417578476 0.00367956789837735 0.00358513405359654 0.000237771412246814
0.02 0.389452998857946 0.187759888294861 0.0117196805472451 0.104452791801713 0.00985388851375889 0.46927329997207 0.308343959792463 0.0117547419631645 0.108425297992077 0.00987544135371676 0.00132514518967811
0.03 0.555646147205519 0.302044601787617 0.0185240351314529 0.197616072477412 0.0151989229288127 0.823760872131493 0.541011097679844 0.0186161534892289 0.21868597225849 0.0152520723404008 0.00571620089293478
0.05 0.349824621584704 0.245290361313541 0.0172069088293667 0.200012949516499 0.0152158811442731 0.734137692105727 0.554488057069375 0.0173127575003892 0.253570482595425 0.0152740978121176 0.013321321668373
0.08 0.0794690155775648 0.0915007691277695 0.0111763141943617 0.0988162143477679 0.0106252225263228 0.28653124232508 0.285697889333676 0.0112505995919488 0.162076940319415 0.0106688280438748 0.0143915942272299
0.1 0.0236172916884869 0.0368237528421162 0.00853970611511227 0.0467151560325055 0.00789598537304665 0.11964321166327 0.13679208229878 0.00859381037702953 0.0907623878166562 0.00792890114773136 0.0118152783572291
0.199 3.78920597191911e-06 1.1519721107231e-07 0.0024848377710096 0.000428310385927134 0.00215827787059448 7.24956224512438e-05 9.50831283140041e-07 0.00249712841830015 0.00115201230097396 0.00216540255878688 0.00394764619032876
0.3 7.43355863504322e-06 9.83957824878013e-06 0.000885950177565688 1.4264833193098e-05 0.000732517616787896 0.000254125658167898 0.000269345114829083 0.000888538645131726 2.41084707260053e-05 0.000733899815461906 0.00115836550218485
0.4 3.97417455849349e-09 1.96729499298321e-06 0.000443085495393605 8.73912454598187e-06 0.000393019313234731 3.2836911402922e-07 0.000318997818238132 0.000443606080498738 1.03188839726281e-05 0.000393360607354177 0.000571724047744146
0.5 5.09732559595467e-05 7.55348547923597e-07 0.000273493694488217 6.9892207220721e-06 0.000250254344350952 0.0109231144862075 0.000156571364672628 0.000273663382434257 7.78099940051262e-06 0.000250364243161583 0.000330758132135052
0.7 9.52678975877178e-13 2.68094651037885e-07 0.000109402775760282 2.20078720617675e-06 9.33708064361744e-05 0.00716033599708979 1.60416974671604e-09 0.000109414316212559 2.22494236597691e-06 9.33796240620134e-05 0.000120812005569087
0.85 3.68060134549153e-13 3.41139390046799e-11 4.5772449716914e-05 7.20057942289366e-07 4.01394225869679e-05 0 5.46291900704319e-07 4.57733211827786e-05 7.06429099906158e-07 4.01407255674007e-05 4.62668010551651e-05
0.9 6.20064868383672e-11 3.92975420806594e-08 3.06101746319543e-05 4.0959539851026e-06 2.72503834383006e-05 2.19556540561558e-10 5.87943601987453e-05 3.06104020418952e-05 4.46596375420556e-06 2.72508368167646e-05 3.05603860866775e-05
0.95 0 1.13212031858677e-08 1.7295420497374e-05 7.49703913720058e-06 1.57062417524264e-05 0.000531713984175499 5.57226593028284e-06 1.72954506677481e-05 8.95374693353236e-06 1.57063189199555e-05 1.69079875575071e-05
0.98 0 3.55176926347026e-08 1.91998011694196e-07 2.05808336884317e-06 6.23543288880811e-05 0.014370163639169 9.51575011193709e-06 1.91994087357669e-07 1.30582960743839e-06 6.23554927472859e-05 1.54557200261774e-05
