0.000459183673469388 2.01111469259194 1.96229763930926 1.52392769037825 1.94161886715113 1.14611681622759 1.95397881425831 1.92261620610359 1.52368003271034 1.94426322208696 1.14604012465824 39.9398005860205
0.000632514282417302 1.80443406354001 1.75266160547106 1.33828309602542 1.73839408269705 0.995765620166568 1.73759097811711 1.70905347353772 1.33808179863881 1.74116555402821 0.995703266645133 34.6886062856394
0.000871272958028082 1.61700433745091 1.56213307971148 1.17029002922648 1.5507782650324 0.860687030709315 1.53902201897762 1.51428196917769 1.17014772394457 1.55365811776204 0.860642928816992 29.9816415610144
0.00120015719564444 1.44826793367015 1.38993087054815 1.01860592295969 1.37725912221972 0.739710101618055 1.35755776600498 1.33744427543657 1.01853552633875 1.38021611333177 0.739688255425565 25.777445328466
0.00165318719120708 1.29787643973152 1.23564295310526 0.882292443278969 1.21678668125217 0.631941895586356 1.19271358505355 1.17801630869776 0.882306312942095 1.21977545874979 0.631946133717048 22.04517520828
0.00227722493277525 1.16473551230037 1.09793583170858 0.759018007327196 1.06730216368771 0.535456835393181 1.04302754636506 1.0342377833892 0.759124864357446 1.07023252390688 0.535489864727865 18.7153863891424
0.00313682166304886 1.04897725369247 0.976959829603131 0.648984133453651 0.928873504686756 0.45042530253215 0.90868612490345 0.90634345807101 0.649193663927308 0.931662693752589 0.450490128601824 15.7944381625266
0.00432089514046424 0.949348141829908 0.871267708222365 0.55011191795761 0.800491660128306 0.375098741404589 0.787937565263917 0.792144800110232 0.550425646866929 0.802989860509199 0.375195845021715 13.2176817245272
0.00595192740308383 0.865437006418825 0.78038631870346 0.461750418693561 0.681864063171085 0.308929664256856 0.680210456758851 0.690934539867752 0.46216724256882 0.683900189020181 0.309058712568114 10.9647955768782
0.00819863446345382 0.796070612693717 0.703019940173022 0.38278350110191 0.573344765307411 0.250964016625349 0.5838878462511 0.600776797427859 0.38329377997238 0.574691336596331 0.251122025054525 8.99807565216848
0.011293418503476 0.74027613392603 0.637908705204422 0.312574437992049 0.475402307622099 0.200610242998895 0.497596580669527 0.52000386727908 0.313161430831006 0.475790946196241 0.200792027369108 7.2915600413672
0.0155564078461091 0.696957055917631 0.583313763268595 0.250551178023591 0.388372448907492 0.157252493442181 0.419838962916732 0.446733770168966 0.251190290475669 0.387500068803521 0.157450442651935 5.81974642255868
0.0214285714285714 0.665040878288509 0.537359810417613 0.196304137448413 0.312100312355735 0.120375237830969 0.349325818585092 0.379456428582722 0.196964388895788 0.309656266818649 0.120579754167135 4.56088468295246
0.0295173331794741 0.64338669328764 0.498097830856082 0.149542060684439 0.245857025908938 0.0895381234311952 0.285094533050126 0.317200113788495 0.15018809539346 0.2415596012044 0.0897382441235045 3.49617767906713
0.0406594047079772 0.629969136850698 0.463010508370586 0.109985783616296 0.188318883196695 0.0642302068294241 0.226418168361409 0.259714889056701 0.110581369234531 0.182007199704872 0.0644147115780039 2.60600312662355
0.0560073357967406 0.6220110591945 0.429637184319272 0.0773784733901629 0.138869211321098 0.0440472683547647 0.173090642456214 0.207186332492469 0.0778910570009431 0.130578697514853 0.0442060661580095 1.8758292954808
0.0771487355896636 0.613620827723824 0.393852756821812 0.0513855828976855 0.0981211358912794 0.0284761834859161 0.125384545018742 0.159088550465569 0.0517928425518485 0.0882710642837126 0.0286023561286174 1.28892377484469
0.106270496862845 0.597135350222916 0.351509629157022 0.0316479580510077 0.0665198267553608 0.0170526009276591 0.0843339648506727 0.114335326498582 0.031940681914628 0.0559614446408813 0.0171432939126838 0.832364415698141
0.14638501094228 0.561817057849798 0.299110691326029 0.0176831519952601 0.0425060444844873 0.00925008338213805 0.0515204468858622 0.0727968910530209 0.0178677175759798 0.0325188496497211 0.00930726544969266 0.494061501009403
0.201641773221665 0.493642029283553 0.234619602589681 0.00874280322096702 0.0232399461452639 0.00441691540527204 0.0278218817457008 0.0374549081534489 0.0088403966955157 0.0152811795921183 0.00444715079493719 0.261292487637821
0.277756612143912 0.381475361663128 0.157859656567616 0.00376625077696392 0.00936021560129194 0.00180704039771179 0.0123177585314277 0.0131948526945685 0.00380623406219319 0.00444285441777006 0.00181942777442263 0.118451092332231
0.382602941627845 0.231551265738889 0.0772670516646384 0.00140835148976652 0.00266562813894147 0.000611474039917201 0.00358029626713827 0.00251895119135444 0.00141933943104707 0.000663779516022712 0.000614878226449824 0.0438336361705324
0.527026196828879 0.0868705372666555 0.0186013528909658 0.000411918231066597 0.000521768485722616 0.000146961210009961 0.000466834138059743 0.000347793054991892 0.00041340856172797 0.000151743464584841 0.000147422886404136 0.0119201738365441
0.725965699485092 0.0101403426355178 0.000892988280724163 4.65571899296069e-05 2.02999760658419e-05 1.12193740026129e-05 1.54375285445416e-05 1.56397221446893e-05 4.65977131490416e-05 1.09170932730194e-05 1.12319239672067e-05 0.00132716975811003
1 8.470329472543e-22 -1.32348898008484e-22 -2.48154183765908e-24 -2.06795153138257e-24 2.06795153138257e-25 8.470329472543e-22 -1.85288457211878e-22 -2.48167436629116e-24 -2.07926064131982e-24 2.06773065032911e-25 0
0.000459183673469388 2.05869298509697 2.00976737061713 1.57234449229475 1.9890842244484 1.19603016433707 2.00097207471693 1.96985100136555 1.57209821974747 1.99172808519462 1.19595297262618 41.0329634287143
0.000632514282417302 1.84438621543881 1.7924808859361 1.37898265833513 1.7779983752611 1.0378230689065 1.77688432068998 1.74861330727131 1.37878344001693 1.78076739529025 1.03776060765091 35.5692593597942
0.000871272958028082 1.65039738083352 1.59529343077476 1.20422855782065 1.58357927984154 0.895914565322317 1.57167733735523 1.54715355037512 1.20408904409569 1.58645409801917 0.895870800932029 30.6823461595288
0.00120015719564444 1.47596475670861 1.41739347185536 1.04669890381824 1.40417190331395 0.768985781188146 1.38443145531999 1.36458225504457 1.04663199473294 1.40712042925267 0.768964761414245 26.3268275843845
0.00165318719120708 1.32070975926972 1.25818945411331 0.905312064140378 1.23860328862725 0.656087058110657 1.21463170326924 1.20019355120619 0.905330057918459 1.24157927876548 0.656092640791112 22.469148605205
0.00227722493277525 1.18336456157845 1.11623496087192 0.777639517864374 1.08469088596079 0.555143013957532 1.06064710822096 1.05211354749976 0.777750987840556 1.08760311034383 0.555177892459717 19.0342464537653
0.00313682166304886 1.0640736165706 0.991697311294674 0.663898226372585 0.94250884164584 0.466336815514918 0.922676258949159 0.920593337263875 0.664112720314571 0.945273491335877 0.466403988382294 16.0289047048254
0.00432089514046424 0.961449938956967 0.882971004568892 0.561866684882015 0.810972644749016 0.387787377936106 0.798836569466362 0.80329081719592 0.562185496475164 0.813439025892697 0.387887259510595 13.3839559795637
0.00595192740308383 0.875038831145178 0.789535454670919 0.47085207353188 0.689761719094338 0.318906246430207 0.688514403981328 0.699453182244399 0.471273839947253 0.691757949974111 0.319038418339595 11.0775847931655
0.00819863446345382 0.803575861408891 0.710018171745823 0.389681446264681 0.579132580901504 0.258677105135239 0.590011365467259 0.607080956440172 0.390196230629996 0.58043109724183 0.258838446731093 9.06860802560323
0.011293418503476 0.746039954795004 0.643092748244582 0.31765907102503 0.479491150198462 0.206446523867249 0.501920762232391 0.52444936333799 0.318249848637025 0.479824345151768 0.206631707657857 7.33071592104136
0.0155564078461091 0.701258872905404 0.586964346860439 0.254175850077713 0.391121318566431 0.161562891970299 0.422680232478662 0.449646753461899 0.254817779521739 0.390188354023195 0.161764134053521 5.83621752568368
0.0214285714285714 0.668105739625599 0.539709773553726 0.198786697327911 0.313800214710469 0.123464643589172 0.350986921265668 0.381138183210269 0.199448633201063 0.311294552464985 0.123672177212311 4.56187076519247
0.0295173331794741 0.645380520981712 0.49933770209054 0.151150249145742 0.246757722889123 0.0916748008493613 0.285858835561099 0.317934375250057 0.151796769882692 0.242403909975237 0.0918775104674627 3.48754716914026
0.0406594047079772 0.630964392082931 0.46329325902048 0.110948073695313 0.188648221342525 0.0656402555926218 0.226526765815511 0.259753720969564 0.111543057152802 0.182294302088977 0.0658268207606968 2.59232362698428
0.0560073357967406 0.62201057805743 0.429071516365882 0.0778975510865327 0.138845186224726 0.0449253569530283 0.172776784600859 0.206743707346168 0.0784086819399052 0.130537017200012 0.0450856320624005 1.86058262217825
0.0771487355896636 0.612554354787329 0.392530047735669 0.0516166574690578 0.0979061618865464 0.0289815127445127 0.124859692649508 0.158334998656892 0.0520219910162859 0.088072445177693 0.029108616085807 1.27451818876857
0.106270496862845 0.594903001041158 0.349559603950967 0.0317159688242808 0.0662152170058074 0.0173155126397293 0.0837728921761032 0.113447551390137 0.0320067030274432 0.0557116027156558 0.0174066853675798 0.82037242901501
0.14638501094228 0.558379025738837 0.296722516998927 0.0176771002196836 0.0421704714993659 0.00936963895570145 0.0510418435341788 0.0719861626775692 0.0178599847714876 0.0322709391817884 0.00942699008240108 0.485296396596945
0.201641773221665 0.489176753482867 0.232040153695048 0.00871714604927753 0.0229630717130397 0.00446179520165038 0.0274812893740634 0.0368922562547451 0.00881359047359645 0.0151046313494942 0.00449203881977491 0.255733682263549
0.277756612143912 0.376622963611911 0.155504370525554 0.00374414232913047 0.00921701811701483 0.00181935528000678 0.0121213644816996 0.0129444445561797 0.00378352991687284 0.00438288099624148 0.00183170638379992 0.115445005800274
0.382602941627845 0.227522663795922 0.0757075032989241 0.00139415387125393 0.00261928901087183 0.00061249737701023 0.00350733033946382 0.00246835832537723 0.00140493500217102 0.000661629020286039 0.000615878127541916 0.0424442372439166
0.527026196828879 0.0848198773683181 0.0180951003742963 0.000404694821502089 0.00051023776138659 0.000145885372149385 0.000455931782222765 0.000340713247747745 0.000406149289327668 0.000150868911925582 0.000146341411180963 0.011390621086387
0.725965699485092 0.00980465740512342 0.000862161937392344 4.5143796417373e-05 1.96172940867189e-05 1.09591620664725e-05 1.51674821645773e-05 1.51347367906665e-05 4.51829935560172e-05 1.06031862166319e-05 1.09714485363071e-05 0.0012348401048612
1 1.6940658945086e-21 -2.11758236813575e-22 9.0989867380833e-24 -4.96308367531817e-24 -4.39439700418796e-25 1.27054942088145e-21 -2.64697796016969e-22 9.09843138000603e-24 -4.97843175309015e-24 -4.39629027036049e-25 1.19114008207636e-22
0.000459183673469388 1.80294233641632 1.75492365433102 1.31217318560823 1.73413189053483 0.927453511344647 1.74843908677521 1.7163010268558 1.31192045830093 1.73677802104879 0.927380252141176 35.0640419871201
0.000632514282417302 1.62865705424244 1.57775046838179 1.15942242393281 1.56412789761006 0.810454647378637 1.56478100475592 1.53530820787866 1.15921277833528 1.56690948796954 0.810393859982994 30.7322489942759
0.000871272958028082 1.46950013727864 1.41552477914024 1.02027672222191 1.40576879204043 0.704667359649991 1.39484675344349 1.36897118105237 1.02012265519441 1.40867019236879 0.704622667732758 26.8094024636787
0.00120015719564444 1.32527813534005 1.26800833701988 0.893802519628006 1.25781448446159 0.609298812223817 1.23828600391345 1.21698351684279 0.893716969906632 1.2608081368137 0.60927397036169 23.2696242331089
0.00165318719120708 1.19590301808004 1.13492172917213 0.779333098838159 1.11955337735775 0.523751643623296 1.0948711689399 1.07895787440612 0.77932859990855 1.12259799460789 0.52375028824472 20.0927273695464
0.00227722493277525 1.08099018369317 1.01562429487299 0.675132675154718 0.989345384255217 0.446681278036521 0.963845159849765 0.953835588983694 0.675218566023919 0.992355615092619 0.446706121917766 17.2315737571984
0.00313682166304886 0.980616238422513 0.910205749472891 0.581355758002652 0.867203690577455 0.378207225524839 0.845340903728212 0.841793518346592 0.581542295669007 0.870101769603976 0.378261247631504 14.6906981925459
0.00432089514046424 0.894114341612991 0.817840077689021 0.49642006495467 0.752638126571289 0.31710454982855 0.738178204913767 0.741246440716881 0.496709808118758 0.755278402792007 0.317188497431163 12.4245656808026
0.00595192740308383 0.821260348211843 0.738249618622637 0.419832469181907 0.645513423137727 0.262990294759565 0.641965592840372 0.651675197275751 0.420225487694694 0.647728636728129 0.263104193675886 10.4188661621805
0.00819863446345382 0.761230536103814 0.670495693969213 0.35076366687119 0.546449206512707 0.215202084320194 0.555380755987282 0.571445026530591 0.351251684618509 0.548012857627551 0.215343540981234 8.64619374360158
0.011293418503476 0.713276102234926 0.613548717757132 0.288724836124885 0.456151723864126 0.17330040212032 0.477249643125305 0.49906401303648 0.289292484186723 0.456792496071086 0.173464966525926 7.08776464093494
0.0155564078461091 0.676565352196175 0.565912698633632 0.233334245035222 0.375237426353834 0.136889920545169 0.406222755473759 0.432776337915498 0.233958159235062 0.374642794007141 0.137070812646497 5.7247200429086
0.0214285714285714 0.650271675803491 0.525904186738376 0.184367882410099 0.303781464686584 0.105628556008116 0.341144082481192 0.371152880191293 0.185017977800703 0.301622601459398 0.105817059929726 4.54160904011623
0.0295173331794741 0.633519186728043 0.491741345824148 0.14167598896804 0.241260732644566 0.0792177186726471 0.281113208054675 0.313303733791641 0.14231732725706 0.237227775548086 0.0794036955280596 3.52532383627347
0.0406594047079772 0.624709523069671 0.461139875256038 0.105147424945866 0.186422982280039 0.0573266310463721 0.225545618247691 0.259118825943581 0.105743498248183 0.180314155409246 0.0574994883776604 2.66242611155121
0.0560073357967406 0.621348841372913 0.431757763524914 0.0746864363472335 0.138714295548078 0.0396779148492338 0.174257525996714 0.208926979434436 0.0752037353321521 0.1305164837372 0.0398279378249607 1.94265077067978
0.0771487355896636 0.617916444689632 0.399532886351605 0.0501079567348573 0.0989185620075562 0.0259096355419338 0.127639852626098 0.162361982686619 0.0505225723717124 0.0890049919934272 0.0260298791046595 1.35424610818797
0.106270496862845 0.60684597805439 0.360209211789894 0.031199313147019 0.0678014980290193 0.0156840479311512 0.0868329413416632 0.118325714070253 0.0315001657625233 0.0569992374866092 0.0157713046410896 0.88788981159498
0.14638501094228 0.577229479807422 0.3100155751004 0.0176324341895391 0.0439977105327532 0.00860615505721327 0.0536600692240673 0.0765479822104549 0.0178241438085557 0.0336094458657211 0.00866175618361249 0.535409213297802
0.201641773221665 0.514083167884082 0.246543856420162 0.00882363834956135 0.0245155186174615 0.00416208849102464 0.0293802473792875 0.0400872719323428 0.00892625130976687 0.0160886921539828 0.00419184822984088 0.287933429857788
0.277756612143912 0.404068825745228 0.168923619762892 0.00385269264855337 0.0100307077363281 0.00172927710837308 0.0132376832846831 0.0143918229990977 0.00389534709619941 0.00471882308815981 0.00174164788677586 0.133055302344648
0.382602941627845 0.250645060270048 0.0847320823191364 0.00146893495426366 0.0028827721024419 0.000599060711951304 0.00393205346194969 0.00275974553211615 0.00148087200173659 0.000667701031582649 0.000602522694129797 0.050690015238592
0.527026196828879 0.0967951663729509 0.0210813265801509 0.000444880403603124 0.000576306729938208 0.000150169212936839 0.000516027181973425 0.000377980568874905 0.000446539620617978 0.000153772398248657 0.000150650357937623 0.0146361961211501
0.725965699485092 0.0118165363966468 0.0010476058465145 5.34519864871729e-05 2.36324665026102e-05 1.23689358821074e-05 1.79645457985579e-05 1.79809950888498e-05 5.3498969715272e-05 1.23722366555162e-05 1.23825566856222e-05 0.00184092999927984
1 1.27054942088145e-21 2.64697796016969e-23 -2.48154183765908e-24 -8.27180612553028e-25 -2.06795153138257e-25 1.6940658945086e-21 3.97046694025453e-23 -2.48146610701218e-24 -8.23949438285242e-25 -2.06747821483944e-25 -1.58818677610181e-22
0.000459183673469388 1.94048048989603 1.89192233808114 1.45209075991247 1.87120467106806 1.07201638618134 1.88422371738887 1.85259453384545 1.45184119257354 1.87384969412428 1.07194062060182 38.3028827164215
0.000632514282417302 1.74494090438124 1.69346006747503 1.2777799579298 1.67941949536362 0.933149268875044 1.67908798530958 1.65024143310452 1.27757568169984 1.68219447414586 0.933087236187817 33.365451483598
0.000871272958028082 1.56722430417452 1.51265597454373 1.11969525111784 1.50184935777085 0.808118526673399 1.49035230425007 1.46523826546066 1.11954886408431 1.50473659872426 0.80807405292601 28.9249948430379
0.00120015719564444 1.40688924413055 1.34892530857152 0.976630996254078 1.3370939399002 0.695907127848132 1.31741826789057 1.2969270484806 0.97655543646915 1.34006341068943 0.69588414432997 24.9457379468194
0.00165318719120708 1.2636763659356 1.20187919165607 0.847786303446632 1.18416377595538 0.595717820692698 1.15988915321367 1.14480765082769 0.847793999907493 1.18717150946108 0.595720103101628 21.4007867894478
0.00227722493277525 1.13674914066306 1.07044272577801 0.731010117705758 1.04122522249913 0.505835058293116 1.01655957612537 1.00738133751567 0.731110006137523 1.04418258692909 0.505865325674416 18.2284256715338
0.00313682166304886 1.02622138223935 0.954744893184185 0.626485092242181 0.908333274296687 0.426410865293695 0.887598849097777 0.884862502055818 0.626687058272532 0.911159130529333 0.426472125040326 15.4343467268652
0.00432089514046424 0.931037844378474 0.853560302039017 0.532319312239053 0.784628369306587 0.355885688978911 0.77144461921659 0.775277934137981 0.532625229470514 0.787174245049318 0.355978517344058 12.9607968459303
0.00595192740308383 0.850851988484527 0.766485454332587 0.44791948952334 0.669867942203318 0.293771178517192 0.667587300697773 0.677987359940594 0.448328647643488 0.671963979216718 0.293895367399386 10.7896151856409
0.00819863446345382 0.784624680402711 0.692344388854016 0.372266772607871 0.564516101701772 0.23921415156438 0.57453451534618 0.591155209000697 0.372769978226199 0.56593504262376 0.239366911845208 8.88680151932374
0.011293418503476 0.731452283693001 0.629957634020053 0.304782356232138 0.469126171291769 0.191677861438291 0.490966851041626 0.513177838325727 0.305363312213437 0.469598553485104 0.19185424702851 7.22854691914681
0.0155564078461091 0.690334660636763 0.57767827300499 0.244959872453742 0.384124604425411 0.150628153393386 0.415440390283238 0.442224117942083 0.245594374482591 0.383344063351934 0.150820817932524 5.79186969667738
0.0214285714285714 0.660284547741311 0.533693331573658 0.192454239796783 0.309444466254659 0.115603698666514 0.346720235232143 0.37681610577936 0.193111581761679 0.307094221222805 0.115803315469035 4.55718286610257
0.0295173331794741 0.64025394037844 0.496113108855076 0.147028799239486 0.244420987132104 0.08621954130985 0.283864330463878 0.31600546950257 0.147673733344565 0.240209931990748 0.0864154025463656 3.50768249736241
0.0406594047079772 0.628356627655614 0.462499340682106 0.108463046790671 0.187760734571914 0.0620265151718773 0.226202591609394 0.259594369615353 0.109059210598575 0.181514478315476 0.062207576806579 2.62581741337713
0.0560073357967406 0.621913363731459 0.430426028573993 0.0765447466952328 0.138868723455374 0.0426645107618078 0.173528380834287 0.207811411243943 0.0770592449753747 0.130606769420029 0.0428207745673746 1.89853399708097
0.0771487355896636 0.61515366278919 0.395800824820087 0.0510025879583457 0.0984192581863866 0.0276725193511986 0.126161296979098 0.160207773147356 0.0514125528683128 0.0885464924451743 0.0277970393390563 1.3106844451422
0.106270496862845 0.600438621247273 0.354429181980717 0.0315248072486108 0.0669643408160661 0.0166295031307424 0.0851723069450754 0.115668803908194 0.0318204084076187 0.0563236567085499 0.0167192893107978 0.850630831886755
0.14638501094228 0.566974600870668 0.302728716862418 0.0176806026667214 0.0430077087233954 0.00905457655878435 0.0522351402505091 0.0740323828208038 0.0178676347248165 0.0328876536503466 0.00911138600775396 0.507521371191564
0.201641773221665 0.500403575982454 0.238543826799104 0.00877625852735835 0.023661018353093 0.00434161020535728 0.0283342345046227 0.0383132680843306 0.00887555582426605 0.01554892617923 0.00437177036848053 0.269893823330667
0.277756612143912 0.388882762596328 0.161469967672632 0.00379757120936672 0.00957918546732603 0.00178525200144537 0.012620602467476 0.0135807872640684 0.00383844962549221 0.00453372931344325 0.00179766845881275 0.123135162362009
0.382602941627845 0.237749311543343 0.0796786743587406 0.00142925026303991 0.00273655440440962 0.000608794061602936 0.00369132261538524 0.00259742821894718 0.0014405523663865 0.000666123210702699 0.000612226774929569 0.0460124948968328
0.527026196828879 0.0900577794422703 0.0193921192644422 0.000422859578718844 0.000539505082425095 0.000148345488058875 0.000484115573766264 0.000357784607524329 0.000424405000559201 0.0001527814413158 0.000148814828363198 0.0127652701239755
0.725965699485092 0.010669632365983 0.000941679710892588 4.87624037971137e-05 2.1365856483122e-05 1.16080321090969e-05 1.59664353840388e-05 1.64081804593707e-05 4.88049958044537e-05 1.1396444642082e-05 1.16209635040536e-05 0.00148014765678007
1 2.11758236813575e-22 0 -5.79026428787119e-24 0 3.6189151799195e-25 0 1.58818677610181e-22 -5.79008758302842e-24 -9.89547119509237e-27 3.61979870413334e-25 -2.64697796016969e-22
0.000459183673469388 2.0180940592401 1.9692599308147 1.5310301807575 1.94858126779461 1.15344042760208 1.96087199032928 1.9295438735119 1.53078272151083 1.95122555276506 1.15336365659799 40.1006636266713
0.000632514282417302 1.81030016964277 1.75850688619687 1.3442579754928 1.74420937078594 1.00194190905078 1.74336001275906 1.71486053709853 1.34405697959242 1.74698048616248 1.0018795344183 34.8183438893441
0.000871272958028082 1.62191065285789 1.56700580857372 1.17527692213869 1.55559803500899 0.865864720478283 1.54381960111633 1.51911216342077 1.17513502438073 1.55847715186498 0.86582066383723 30.0849939799888
0.00120015719564444 1.45234056230431 1.39396871996451 1.02273716667645 1.38121591947365 0.744016805231547 1.36150905000532 1.341434291993 1.02266728137896 1.38417167091745 0.74399507735103 25.8585863988876
0.00165318719120708 1.30123705358429 1.23896107489561 0.885681049553353 1.21999678138194 0.635497106916684 1.19593929112023 1.18128002479706 0.885695526057686 1.22298368349722 0.635501541015378 22.1078805185214
0.00227722493277525 1.16748020193918 1.10063173751734 0.761762172282255 1.06986329825146 0.538358396574828 1.04562339578302 1.0368712985099 0.761869710141011 1.07279099522055 0.538391697806924 18.7626231075226
0.00313682166304886 1.05120388983415 0.979133476617947 0.651184235587739 0.93088435555186 0.45277290674045 0.910749577140218 0.908445220641496 0.651394500763374 0.93366993716584 0.452838079886037 15.8292354541994
0.00432089514046424 0.951135233946182 0.872996013064867 0.551847955045301 0.802039456141956 0.376972909264685 0.789547147021115 0.79379089475458 0.552162438465642 0.804532974330946 0.377070425505616 13.2424108565981
0.00595192740308383 0.866856734419948 0.78173926347183 0.463096358943725 0.683031854492705 0.310404976099606 0.681438562584451 0.692194393364716 0.463513918870361 0.685062104520671 0.310534490113728 10.9816114813554
0.00819863446345382 0.797181857296437 0.704056327869228 0.383804859822698 0.57420190271823 0.252105822128113 0.584794946984299 0.601710612516598 0.384315812422856 0.575541389530701 0.252264329363576 9.00864200474629
0.011293418503476 0.74113078795235 0.638677826172794 0.313328547973353 0.476009083591592 0.201475493685578 0.498238243244936 0.52066367130074 0.313916109929813 0.476389539695543 0.201657788409044 7.29746768846412
0.0155564078461091 0.697596124326214 0.583856624603365 0.251089836541833 0.388781384797688 0.157892467409634 0.420261869776538 0.447167325751079 0.25172937648607 0.3879000524178 0.158090912804456 5.8222776490541
0.0214285714285714 0.665497386684298 0.53771055621135 0.196673818607271 0.312354172222299 0.12083467412514 0.349574149282453 0.379707956684219 0.197334330858695 0.309901008374514 0.121039646986632 4.56110403847382
0.0295173331794741 0.643685006285888 0.498284460627015 0.14978218106815 0.245992460012127 0.0898564929489244 0.285209956020113 0.317311299985378 0.150428299588028 0.24168667271508 0.0900570071974827 3.49495407100443
0.0406594047079772 0.630119706146452 0.463055153085718 0.110130070940654 0.188369453930036 0.0644407612716141 0.22643604353036 0.259722706751853 0.110725578591253 0.182051482285077 0.0646255811018707 2.60401270664189
0.0560073357967406 0.622014336756053 0.429556008640309 0.0774567315540797 0.138866968275583 0.0441787313105058 0.173045589450832 0.207122487172492 0.0779691098728775 0.130573786471511 0.0443377570406699 1.87359093000643
0.0771487355896636 0.61346620908838 0.393659214490952 0.0514208129824671 0.0980903030017762 0.0285520888501536 0.12530774122734 0.158978073632878 0.0518277951093225 0.0882425843432095 0.0286784069726589 1.28679839445859
0.106270496862845 0.596808121543195 0.351222658541236 0.0316586811906358 0.0664753859337875 0.0170922594349067 0.0842514564706733 0.114204480759064 0.0319511156995604 0.0559250652714995 0.0171830292198141 0.830589438619298
0.14638501094228 0.561310754087134 0.298758043216879 0.017682638527062 0.042456687682761 0.00926822134777776 0.0514499336123733 0.0726769442945733 0.017866958375706 0.0324824435362958 0.00932543222508373 0.492760486810139
0.201641773221665 0.492982374566302 0.234237955577822 0.00873919196087928 0.0231989994837214 0.00442378747003543 0.0277715483059098 0.0373715380186712 0.00883661680435843 0.0152550979130708 0.00445402613726385 0.260465332456927
0.277756612143912 0.3807565759479 0.157510290916578 0.00376305610822678 0.00933898919243044 0.00180896419295827 0.0122885822789311 0.0131575908893623 0.0038029516185693 0.00443399003019428 0.00182134705726504 0.118002774583261
0.382602941627845 0.230952905663682 0.077035038492506 0.00140627473917556 0.00265875717100894 0.0006116623990605 0.00356948737184631 0.00251142246827345 0.00141723209662278 0.000663490534505878 0.000615063351372573 0.0436259282587911
0.527026196828879 0.0865649254717476 0.0185257682614718 0.000410851183397875 0.00052005605067623 0.000146810324164772 0.000465207305565471 0.000346757105914822 0.000412336190606732 0.000151623593598242 0.000147271196270109 0.0118405233866271
0.725965699485092 0.0100900718053483 0.00088836844015545 4.63462663222377e-05 2.0198078035748e-05 1.11810908944079e-05 1.5395614249231e-05 1.55647734623625e-05 4.63865916563269e-05 1.08705919148002e-05 1.11936024973233e-05 0.00131310060199366
1 6.35274710440725e-22 -1.05879118406788e-22 0 -2.48154183765908e-24 1.03397576569128e-25 4.2351647362715e-22 -1.19114008207636e-22 -1.45150406560666e-28 -2.49274997340046e-24 1.03388110238266e-25 3.97046694025453e-23
0.000459183673469388 2.07216656569649 2.02320627136064 1.58604983136851 2.00252202603107 1.21015474697557 2.01428104158964 1.98322380983593 1.58580396312693 2.00516573804423 1.21007742946825 41.3409979864985
0.000632514282417302 1.85568645047135 1.80374149649818 1.39048942155512 1.78919840607467 1.04971196084955 1.78799922797011 1.75980091963543 1.39029080066246 1.79196672342192 1.04964948283686 35.8170198177614
0.000871272958028082 1.65982866215618 1.60465999661057 1.21381171513083 1.59284423393917 0.905859206031863 1.58090113273381 1.55643886698803 1.21367299641207 1.59571761944748 0.905815548161666 30.8791519744601
0.00120015719564444 1.48377782819542 1.42514035194121 1.05462199262808 1.41176294488281 0.77724009518406 1.39201312504611 1.37223778776403 1.05455607081362 1.41470907002675 0.777219316722079 26.4808330640389
0.00165318719120708 1.32714146887869 1.26454190037106 0.91179599224301 1.24474797382094 0.662885947714766 1.22080629946807 1.20644209586134 0.911815147944889 1.24772034325572 0.662891913988152 22.5877593674379
0.00227722493277525 1.18860390493447 1.12138337622358 0.782877107383788 1.08958107611968 0.560678417748491 1.06560294076611 1.05714288710648 0.782989871758372 1.09248817328622 0.560713817654237 19.1232425365209
0.00313682166304886 1.06831331776122 0.995836758986788 0.668086711859052 0.946338437886402 0.470804367775165 0.926605265834205 0.924595727061211 0.668302593090841 0.949096158721832 0.47087219719326 16.0941915871626
0.00432089514046424 0.964843348482492 0.88625233252759 0.565162462744547 0.813911850421339 0.391344449304466 0.8018922878426 0.806415644630627 0.565482689293363 0.816369260278602 0.391445103398872 13.4301097021081
0.00595192740308383 0.877726600322671 0.79209607510753 0.473399504930485 0.691972219531871 0.321698387156055 0.69083809325481 0.701836930061989 0.473822641021933 0.693957219501992 0.321831423128275 11.1087476187409
0.00819863446345382 0.805672734474034 0.711972421815245 0.39160810004053 0.58074872291857 0.260831952566556 0.591721114643309 0.608840573376613 0.392124125890035 0.582033729667682 0.260994212039591 9.08798339071322
0.011293418503476 0.747646516045026 0.644536628616869 0.319076172007276 0.480629720719747 0.208073886927971 0.503124278792812 0.525686853475287 0.319667984179211 0.480947354294164 0.208260002325416 7.34135969362418
0.0155564078461091 0.702454796661304 0.587977639742948 0.25518358426926 0.391883814472996 0.162762202597241 0.423467828807648 0.450454413978586 0.255826273487195 0.390933875769049 0.16296434231874 5.84057033419597
0.0214285714285714 0.668954795434461 0.540358544709882 0.199474632326659 0.314269110337146 0.124322386531928 0.351444651694833 0.381601190614198 0.200137008608293 0.311746221766484 0.124530737880249 4.56194967524389
0.0295173331794741 0.645929076739198 0.499676073733364 0.151594213109112 0.247003821402615 0.0922663613182776 0.286065852805552 0.318132916602421 0.152240838901283 0.242634294405015 0.0924697679491284 3.48499416479647
0.0406594047079772 0.631233676904077 0.463364473704697 0.111212237243923 0.188735587331876 0.0660294464927973 0.226551972006193 0.259758963436477 0.111807023557948 0.182369964134085 0.0662165612601821 2.58840852153794
0.0560073357967406 0.622001218122549 0.428906136253717 0.0780388355146209 0.138834748517598 0.0451668294095625 0.172685180874232 0.206615259035568 0.0785495354844023 0.130521790154303 0.0453274938554438 1.85627034994733
0.0771487355896636 0.612247071393284 0.392154331404399 0.051678516308709 0.0978434206013024 0.0291198646802422 0.124710270268133 0.158121276954633 0.0520832919596361 0.0880144475617068 0.0292472084168211 1.27047190149435
0.106270496862845 0.594270626842504 0.3490102647823 0.031733222060771 0.0661283679233122 0.0173870458369334 0.0836146024260361 0.113198235625483 0.0320233868495218 0.0556401971826577 0.0174783378627715 0.81702113712642
0.14638501094228 0.557411461840287 0.296052230118895 0.0176744335564497 0.0420758609461037 0.00940189618588002 0.0509077354530407 0.0717591816771067 0.0178568404481473 0.0322009014937986 0.00945928493357348 0.482856545765898
0.201641773221665 0.487925526738618 0.231318859534977 0.00870948633228005 0.022885561989266 0.00447374019180441 0.0273863325568035 0.0367353230877627 0.00880560620658665 0.015055126555547 0.00450398091308692 0.254191425992409
0.277756612143912 0.375268375266422 0.154848083426777 0.00373776174530222 0.00917708257092714 0.00182253101445996 0.0120668010249602 0.0128751675377912 0.00377698190277043 0.00436609155667223 0.00183486985240183 0.114613481220263
0.382602941627845 0.226402211067988 0.0752746798975951 0.00139012063691025 0.00260637253809205 0.000612688621583974 0.00348691488158348 0.0024543174671752 0.00140084393197144 0.000660956312633338 0.000616062242000953 0.0420612890829054
0.527026196828879 0.0842521647056418 0.017955316162673 0.000402670848958092 0.00050703063808431 0.000145563667400534 0.000452920683186364 0.000338747497606835 0.00040411533701858 0.000150600523937847 0.000146018057883848 0.0112459040827257
0.725965699485092 0.00971232758541521 0.000853693755278758 4.47533064485053e-05 1.94287415228141e-05 1.08859798526581e-05 1.50846930391524e-05 1.49950650888999e-05 4.47921372590157e-05 1.05156203913834e-05 1.08981912466775e-05 0.0012100417234231
1 2.96461531539005e-21 -2.11758236813575e-22 2.15066959263787e-23 -8.68539643180679e-24 -5.68686671130207e-25 2.32934060494933e-21 -3.57342024622908e-22 2.15062099880611e-23 -8.70851952266063e-24 -5.68934373454446e-25 1.45583787809333e-22
0.000459183673469388 2.11365502070488 2.06453970369785 1.62820965340005 2.04386580130781 1.25359392971642 2.05526559745152 2.02435487066992 1.62796505683056 2.04650902268294 1.25351626256848 42.2848346738457
0.000632514282417302 1.89045229736517 1.8383524735594 1.42584195577726 1.82364491109578 1.08625375610518 1.82219794319875 1.79418854235234 1.42564519277087 1.82641104945847 1.08619125879255 36.5751952391709
0.000871272958028082 1.68878489863859 1.63343428052627 1.24322440265828 1.6213040740533 0.93638076204096 1.60922227032838 1.58496458384659 1.24308813931245 1.62417303363422 0.936337457540666 31.4806291997636
0.00120015719564444 1.5077395015581 1.44889399303543 1.07891520695141 1.43503075973699 0.802550502733155 1.41526700554396 1.39571165405774 1.07885231950595 1.43796949699424 0.802530483218059 26.9507024885275
0.00165318719120708 1.34683796381878 1.28400526153968 0.931659700515467 1.26355002727416 0.683710621246104 1.2397178032155 1.22558732030157 0.93168241489329 1.26651125945419 0.683717773369652 22.9490012058997
0.00227722493277525 1.20462641985049 1.13714166350389 0.798905877550439 1.10452360276958 0.577612786008064 1.08076005995058 1.07253676958375 0.799022594395645 1.10741493967009 0.577649783505791 19.3937716896921
0.00313682166304886 1.0812658940142 1.00848751002302 0.680888040960498 0.958036565186916 0.484455570192251 0.938608156311429 0.936827320334183 0.681108145791504 0.960773000673358 0.484525399297938 16.2923478906509
0.00432089514046424 0.975199722094525 0.896265253585799 0.575221412836443 0.822885324998269 0.402199531935692 0.811216231893315 0.815950302005004 0.575545933511704 0.825315211890643 0.402302527624647 13.5698122223684
0.00595192740308383 0.885919319105632 0.799900069224202 0.481164246147772 0.698709241777449 0.33020727365505 0.69791900174447 0.709100741231535 0.481591523003469 0.700659845299563 0.330342917269304 11.2025331514388
0.00819863446345382 0.81205445902082 0.717915522339308 0.397468045589873 0.585663136136953 0.267386578963012 0.59692248850681 0.614188443583846 0.397987808117212 0.586906811528666 0.267551601878225 9.14611971578425
0.011293418503476 0.752524430355178 0.648918342317361 0.323379753302434 0.484084805320046 0.213017293333457 0.506771571724932 0.529440688808803 0.323974658549079 0.484354903370217 0.21320620109089 7.37300691131859
0.0155564078461091 0.706078466106482 0.591043143179088 0.258239995176663 0.394188946095147 0.166398465605506 0.425847806131929 0.452896293974771 0.258884930408725 0.393187232121546 0.166603283904519 5.85318523260589
0.0214285714285714 0.67152116948699 0.542312002780139 0.201554044972769 0.3156797696593 0.126919302318684 0.35282207113416 0.382992481848213 0.202217686332264 0.313104432390922 0.127130082333875 4.5616919345548
0.0295173331794741 0.647576163853767 0.500686478410382 0.152932176314822 0.247738904388231 0.0940529900909399 0.286677003679508 0.318720552065323 0.153579048308585 0.243321671759516 0.0942584563815619 3.47688224126562
0.0406594047079772 0.632030250176328 0.463560040851566 0.112005084826221 0.188990956590286 0.0672019439128088 0.226614104259551 0.259760534107482 0.112599202742189 0.182589973841736 0.0673906684178829 2.57625941262435
0.0560073357967406 0.621948338108504 0.428382230637369 0.07845946257178 0.138792596648385 0.0458921327338948 0.172396016184093 0.206210932547046 0.078968793673145 0.130465416963948 0.0460539283333872 1.8430057815242
0.0771487355896636 0.611285889582431 0.390995391813302 0.0518600525983277 0.0976456742416038 0.0295341533565642 0.124246716231956 0.157461502316129 0.0522630835209672 0.0878315324912654 0.0296621829907333 1.25809674203563
0.106270496862845 0.592325038324247 0.347328055009192 0.0317813293500947 0.0658597777990891 0.0176000672862116 0.0831289110169953 0.112438207856089 0.0320697290793906 0.0554190386729353 0.0176916880473403 0.80682276034292
0.14638501094228 0.554450896075251 0.29400192408212 0.0176641091655103 0.0417858812262086 0.00949727422794814 0.0505015310424913 0.0710658963779463 0.0178450439011814 0.0319859269985586 0.00955475523269621 0.475455664463535
0.201641773221665 0.484110135903522 0.229122766993714 0.00868497940565393 0.0226491403792 0.00450865322113517 0.0271005038299492 0.0362587230327795 0.00878010485205625 0.0149038829734993 0.00453887329174978 0.249524267370663
0.277756612143912 0.371150114470565 0.152855514097257 0.00371786074678146 0.00905576108515389 0.00183153969071388 0.0119018898818117 0.0126672183674817 0.00375656941628291 0.00431494358198718 0.00184383651727765 0.112102597091909
0.382602941627845 0.223005449033994 0.0739645229073817 0.00137768136052406 0.0025671563718744 0.000613048036259204 0.00342423481056048 0.00241179929093652 0.00138822869398258 0.000658758807714239 0.000616398684593827 0.040908652077515
0.527026196828879 0.0825371862329417 0.0175340072313989 0.000396499204258686 0.000497308967991382 0.000144536753820525 0.000443860307016417 0.000333032244972824 0.000397913435548325 0.0001497298147986 0.0001449859726215 0.010813276243282
0.725965699485092 0.00943473071229941 0.000828268038705766 4.35758324692184e-05 1.88603253487433e-05 1.06627720162726e-05 1.47517742806157e-05 1.45784086198985e-05 4.3613559012929e-05 1.02497267251506e-05 1.06747524251262e-05 0.00113680625621199
1 -8.470329472543e-22 -5.29395592033938e-23 2.48154183765908e-24 8.27180612553028e-25 -2.06795153138257e-25 -1.6940658945086e-21 -2.11758236813575e-22 2.48171223161461e-24 8.16578321986857e-25 -2.06760443258427e-25 -6.61744490042422e-24
0.000459183673469388 2.14729019294873 2.09800032730748 1.66234684371218 2.07735056087696 1.28875631920196 2.08849581083291 2.05765283433638 1.66210331282353 2.07999334759309 1.28867841642481 43.0447283776607
0.000632514282417302 1.9185976843607 1.86634360636654 1.45441905992226 1.85151933379591 1.11580421714919 1.84988773029054 1.82200024459515 1.45422382745384 1.85428368395658 1.11574174546556 37.1844164243952
0.000871272958028082 1.71216337318306 1.65668245692093 1.26696243805677 1.64429733556085 0.961009647054 1.63209043410774 1.60801312255811 1.26682817652948 1.64716269158613 0.960966661820861 31.9630012520566
0.00120015719564444 1.5270558220484 1.46803907883209 1.09849613402629 1.45377768763809 0.822947623503083 1.43401517817346 1.41463176926112 1.09843570267307 1.45671044104517 0.822928240540709 27.3265396415241
0.00165318719120708 1.362682501923 1.29967488960472 0.947647124621148 1.27866354376408 0.700464865286995 1.2549336573601 1.24100117840322 0.94767270327327 1.28161576071853 0.700472986289273 23.2371771954049
0.00227722493277525 1.21748864390659 1.14980885183574 0.811784738673302 1.1165103023567 0.591212441418907 1.09292938793901 1.08491118589332 0.811904621261956 1.11938889616261 0.591250726021147 19.6089509502474
0.00313682166304886 1.09164712411216 1.01863307477194 0.691153546884781 0.967412630058144 0.495398930666186 0.948227675609698 0.94663644165603 0.691377018398835 0.970131872982248 0.495470355412529 16.4495801301027
0.00432089514046424 0.983486399629822 0.904276237350481 0.583270889404935 0.830069294327453 0.410884276010515 0.818674681867511 0.823577847330179 0.583598815481188 0.832476993314596 0.410989125635222 13.6802118841806
0.00595192740308383 0.892462354097588 0.806131340720253 0.487364999134894 0.704089182302432 0.337000147873183 0.703571605300637 0.714899404443164 0.48779553963429 0.706012122756946 0.337137841298776 11.2760379053033
0.00819863446345382 0.817138858850234 0.722645469467252 0.402132996945888 0.589574315963392 0.272605735777123 0.601063798327774 0.618440926465066 0.402655682999466 0.590784801098154 0.272772920803402 9.19141099249587
0.011293418503476 0.756397400586828 0.65239435738823 0.326797003553152 0.4868253727314 0.216944411351264 0.509660010971187 0.532416927452304 0.327394302076206 0.487057383891192 0.217135488298584 7.39729933191082
0.0155564078461091 0.708946216547488 0.593463401146284 0.260661379929286 0.396006965575496 0.169278722257443 0.427723334460123 0.454822230546735 0.26130802006924 0.394963859424534 0.169485605507577 5.86245405411964
0.0214285714285714 0.673544102232628 0.543842618744209 0.203193109121469 0.316783692891528 0.128971539352307 0.353900287182322 0.384078824139834 0.203857662907158 0.314166539561474 0.129184176468567 4.56086551448725
0.0295173331794741 0.648860851171469 0.501467225347903 0.15398174046949 0.248307255358762 0.0954593251426159 0.287141269097913 0.319167997046666 0.154628713721296 0.243852156377869 0.0956663522011396 3.469983593766
0.0406594047079772 0.63263676074311 0.463690405251442 0.11262249995246 0.189181185349675 0.0681211447484527 0.226646137973069 0.259744153774534 0.113215996956678 0.182752349498967 0.0683110705429777 2.56628676972632
0.0560073357967406 0.621876603676245 0.427940270444653 0.0787828755770182 0.138746578207528 0.0464579161273261 0.172153108650521 0.205872598514716 0.0792910408930099 0.130408510591087 0.0466205423713647 1.83226494383676
0.0771487355896636 0.610489087244731 0.390052966674291 0.0519962299520828 0.0974797172716552 0.0298556080910844 0.123867217958594 0.156924772095853 0.0523978101934253 0.0876779041108061 0.0299841241516777 1.24816557785645
0.106270496862845 0.590748741791464 0.345974899657467 0.0318141753127677 0.0656404422009028 0.0177638396678056 0.0827371074049787 0.111830909772693 0.0321011272084582 0.0552379945413213 0.0178556771484924 0.798697385616349
0.14638501094228 0.552072184277318 0.292356627561676 0.0176530442865126 0.0415522548611793 0.00956970482655575 0.0501794484010502 0.0705107568381656 0.0178327814122079 0.0318123165662813 0.00962722989380144 0.469589492728681
0.201641773221665 0.481061242034722 0.22737208734427 0.00866393054626711 0.0224601744290176 0.00453462728275491 0.0268762514515378 0.0358798950496405 0.0087582539868472 0.0147826989323628 0.00456481507747884 0.24583982306533
0.277756612143912 0.36787449181206 0.151274103584346 0.00370138525654003 0.00895936590277771 0.00183788018181277 0.011772035704749 0.0125050521456147 0.00373968360073841 0.00427410974817226 0.00185013717970352 0.110127902928183
0.382602941627845 0.220315748469784 0.0729298280520355 0.00136755918302068 0.00253602279068936 0.000613043843134674 0.0033733842374549 0.00237822292894663 0.00137796628341903 0.000656802069748833 0.00061637444030646 0.0400067002140573
0.527026196828879 0.0811872620929885 0.0172036013556957 0.000391564743434153 0.000489610717381457 0.000143654305720276 0.000436781637725495 0.000328729469622757 0.00039295500198953 0.000148963154897509 0.000144099184775336 0.0104787048900527
0.725965699485092 0.0092180205886283 0.00080846014286392 4.26514916897279e-05 1.8414240419532e-05 1.04838097251129e-05 1.44124213405893e-05 1.42552036915198e-05 4.26883515951371e-05 1.00383611748328e-05 1.04956020624574e-05 0.00108148473672471
1 -1.05879118406788e-21 1.05879118406788e-22 8.27180612553028e-24 3.30872245021211e-24 -3.87740912134232e-25 -3.17637355220363e-21 -7.94093388050907e-23 8.27192603238787e-24 3.29801918545007e-24 -3.87717246307075e-25 -5.9557004103818e-23
0.000459183673469388 2.17554455046928 2.12610705622304 1.69101366295876 2.10547191163379 1.31827228720582 2.11641203989853 2.08562375693429 1.69077105008984 2.10811431741472 1.31819421643634 43.6798614917171
0.000632514282417302 1.94221484966548 1.88982624169598 1.47838553852909 1.87490755049662 1.14058212602868 1.87312459742915 1.84533309783209 1.4781916079106 1.87767038269151 1.14051970169724 37.6928115805398
0.000871272958028082 1.73175374328747 1.67616343089953 1.28684770393454 1.66356279704191 0.981637886337434 1.65125494127736 1.62732741668189 1.28671513176578 1.66642510745888 0.981595189532529 32.3648299715586
0.00120015719564444 1.54322130646806 1.48405983605873 1.11487392299775 1.46946253539684 0.840007427580996 1.44970669147746 1.43046466129751 1.11481555241818 1.47239024790995 0.839988592398966 27.639043026134
0.00165318719120708 1.37592394709053 1.31276891047548 0.961003978406836 1.29128964100865 0.714460064318351 1.26765092164235 1.25388167512228 0.961031949833926 1.29423428092588 0.714469003593707 23.4762985852317
0.00227722493277525 1.22822146427766 1.16037765970662 0.822530207098615 1.12650883148075 0.602556458290006 1.10308476775698 1.09523570483707 0.822652724221659 1.12937673435189 0.602595818567266 19.7870568849296
0.00313682166304886 1.10029703553341 1.02708496265747 0.69970545557904 0.975223493363943 0.504513509008198 0.95624304156173 0.9548077720157 0.699931718157444 0.977928331682384 0.504586257335939 16.5793664875345
0.00432089514046424 0.990379685514222 0.910938590533768 0.589965305664511 0.836044811784463 0.418106116425751 0.824878374129956 0.829920729693131 0.590296043706806 0.838433947857886 0.418212494853594 13.7710126550399
0.00595192740308383 0.897894765287705 0.811303894193915 0.492512540614927 0.708554752564465 0.342639560898666 0.708263146478166 0.719711896776402 0.4929457634563 0.710454584592707 0.342778935758582 11.3361872348418
0.00819863446345382 0.821352006277737 0.726563106338974 0.405997454930572 0.59281298008975 0.276930145077702 0.604492932536834 0.621961541928185 0.406522529461795 0.593995783637705 0.277099095460025 9.22825301770275
0.011293418503476 0.759598562355445 0.655265178170656 0.329621702360264 0.489088229189464 0.220192221829833 0.512043447939145 0.534873105846473 0.330220938868236 0.489288527571947 0.220385060591536 7.41681346126647
0.0155564078461091 0.711309946950395 0.595455089501369 0.26265743635169 0.397501988432872 0.171655479373896 0.429264691736052 0.456404934653578 0.263305435048041 0.396424481191719 0.171864030285496 5.86962008634439
0.0214285714285714 0.675204926771142 0.545095170933625 0.204539534225679 0.317686122482778 0.130660854736037 0.354780113048254 0.384965175617811 0.205204784431407 0.31503429565395 0.130874981537151 4.55978211954647
0.0295173331794741 0.64990810837652 0.50209744688411 0.154840331945546 0.248766830838635 0.0966136757330174 0.287512749690541 0.31952533367792 0.155487328944316 0.244280436487087 0.0968219447299313 3.46398344956198
0.0406594047079772 0.633121192274068 0.463782082338313 0.113124745821213 0.189328855938135 0.0688731360057783 0.226662108652547 0.259718871003781 0.113717671432021 0.18287713550192 0.069064006577098 2.55783523630133
0.0560073357967406 0.621797847214459 0.427558668233763 0.0790432640879162 0.138700673407758 0.0469189792138858 0.171943547684417 0.205582510901264 0.0795504144453327 0.130353878875673 0.0470822482584856 1.82325878691832
0.0771487355896636 0.609809233142927 0.389259146337752 0.0521036248072726 0.0973366721793707 0.030116252020376 0.123546928529758 0.156473448293179 0.0525039643029868 0.0875454249577311 0.0302451334259898 1.2398904345831
0.106270496862845 0.589424457528939 0.344843874428437 0.0318378213346798 0.0654551014311805 0.0178956961632153 0.0824092637277891 0.11132429416437 0.0321235471133404 0.0550846821911794 0.0179876850608103 0.791962998748224
0.14638501094228 0.550086127392278 0.29098692296095 0.0176418731695102 0.0413569339916824 0.00962744653736455 0.0499114109059908 0.0700500526830632 0.0178206031549716 0.0316669053278919 0.00968498989090013 0.46474661496007
0.201641773221665 0.478526190000643 0.225919646520503 0.0086455123911803 0.0223032798635973 0.0045549747042088 0.026690063048672 0.0355668757067084 0.00873916489320138 0.0146819349127472 0.00458512600366653 0.242808006766428
0.277756612143912 0.365161568717566 0.149966885456465 0.00368732804179927 0.00887963074183014 0.00184261470855752 0.0116647113557055 0.0123715668445493 0.00372528460741607 0.00424021572880098 0.00185483472588679 0.108507730546204
0.382602941627845 0.21809708246553 0.0720780760845825 0.00135904359028208 0.00251028578418092 0.000612857329296736 0.00333177218157998 0.00235056026937511 0.00136933443018178 0.00065504397098047 0.000616170250300883 0.0392696465919192
0.527026196828879 0.0800788447882351 0.0169330429334568 0.000387466232632949 0.000483261715248494 0.000142883718544992 0.000430963455781086 0.000325177648961398 0.000388836715462753 0.000148283429550472 0.000143324873081068 0.0102077082603286
0.725965699485092 0.00904125764717238 0.00079232581076403 4.18944130148482e-05 1.80490625653046e-05 1.03348841625378e-05 1.41122031461736e-05 1.39901096619948e-05 4.1930563346441e-05 9.86374906158079e-06 1.03465183647e-05 0.00103748830426577
1 -3.17637355220363e-21 2.64697796016969e-22 1.73707928636136e-23 7.85821581925376e-24 -6.72084247699335e-25 -5.71747239396653e-21 2.64697796016969e-23 1.73709758793436e-23 7.83701123812142e-24 -6.72111068970113e-25 -2.58080351116545e-22
0.000459183673469388 2.19988245362233 2.15033939330524 1.71571337908332 2.12970094599178 1.34369182157491 2.14045985350727 2.10973960153946 1.71547157204245 2.13234301898737 1.34361362486178 44.2249506466746
0.000632514282417302 1.96254180703641 1.91004288155687 1.4990138053749 1.89504127862548 1.161896717458 1.89312536801101 1.86542126273775 1.49882100686395 1.89780279184734 1.16183435003683 38.1285764786668
0.000871272958028082 1.74860691564998 1.69291439942041 1.30394940321434 1.68012584910409 0.999376392701939 1.66774303727032 1.64393534852537 1.30381829145083 1.68298551682676 0.999333956700632 32.7087002914639
0.00120015719564444 1.55711257703057 1.49782607325362 1.12893511613662 1.48293904653685 0.854655940230096 1.46319158933147 1.44406974985551 1.12887851872332 1.48586239351752 0.854637584713861 27.9061382668258
0.00165318719120708 1.38729245121973 1.32400251403496 0.972461644438454 1.30212814467994 0.726465614716528 1.27856975134759 1.26493219233783 0.972491667905465 1.30506624514757 0.726475261117826 23.6803534647181
0.00227722493277525 1.23742619841269 1.16943122959851 0.831738517365452 1.13508181562184 0.612277009673756 1.11179445508843 1.10407989752095 0.831863287279855 1.1379405119202 0.612317292392977 19.938722511318
0.00313682166304886 1.10770567699798 1.03431831046286 0.707025225279343 0.981910843206495 0.512313797234832 0.963108661033509 0.961800745540151 0.707253867423934 0.984603295258331 0.512387674146077 16.6895663383222
0.00432089514046424 0.996274410477618 0.916633850027734 0.595687307350593 0.841152112878347 0.424278578122313 0.83018355197604 0.835342443814284 0.596020435607064 0.843525304561456 0.42438625455105 13.8478628016983
0.00595192740308383 0.902531477530667 0.815717997054416 0.49690539508836 0.712364715779386 0.347453729075267 0.71226648755265 0.723817993893665 0.497340890139454 0.714244717318421 0.347594526309584 11.3869543220509
0.00819863446345382 0.824942453104337 0.729901576659105 0.409290913557344 0.595571624278464 0.2806161480824 0.607412960064576 0.62496128807659 0.409818001893237 0.596730711472585 0.280786585481114 9.25917836073629
0.011293418503476 0.762321470598956 0.657705406281855 0.332024671800357 0.491011079359815 0.222956564126764 0.514068698134002 0.53695898400029 0.332625531124631 0.49118424103392 0.223150881439053 7.4330232058158
0.0155564078461091 0.713315835018855 0.597143555904414 0.264350513360952 0.398768820378081 0.173675113981819 0.430570216358778 0.457744516246824 0.264999634967234 0.397661921804057 0.173885059009525 5.87538184694528
0.0214285714285714 0.676608991243395 0.546152867426711 0.205678928998574 0.318447492675544 0.132092763996722 0.355519960256331 0.385711812856379 0.206344735533274 0.315766099435534 0.132308129469596 4.55860032411829
0.0295173331794741 0.650789631567815 0.502622735057485 0.155564325897029 0.249150865175524 0.0975902497273508 0.287821648515713 0.319821039057677 0.156211305183765 0.244637848673005 0.0977995443399424 3.45868437146702
0.0406594047079772 0.633522096178301 0.463849446963111 0.113546563971729 0.189447078396343 0.0695076067654406 0.226669260804801 0.259689368595513 0.114138966088139 0.182975976790646 0.0696992511866272 2.55051166591591
0.0560073357967406 0.621717827525541 0.427223634199609 0.0792601642794483 0.138656601032803 0.0473068569917689 0.171759337912908 0.205329443923931 0.0797664179220684 0.130302570062177 0.0474706446627997 1.81551876204769
0.0771487355896636 0.609217197250822 0.38857375035172 0.0521916059495267 0.0972110715150363 0.0303345236468624 0.123270651314976 0.156084922512001 0.052590863563196 0.0874290693788649 0.0304636930204184 1.23280831802169
0.106270496862845 0.588283153288344 0.343872538223797 0.0318556118091871 0.0652947015532672 0.0180055510187896 0.082127748026151 0.110888600951131 0.0321402760640983 0.0549517567487994 0.0180976517065812 0.786222322235286
0.14638501094228 0.548382244566641 0.2898163616761 0.0176309232079613 0.0411893189192563 0.00967519279190017 0.049680669742533 0.0696578237535357 0.0178087864970896 0.0315419505839006 0.00973274069749316 0.460630282066824
0.201641773221665 0.476358024399064 0.224679852478151 0.00862918972870648 0.0221694296474289 0.00457156371356112 0.0265291587992476 0.035301017914401 0.008722266447948 0.0145959098472492 0.00460167807133782 0.240237565928474
0.277756612143912 0.362848838745589 0.148854372884414 0.00367508311480446 0.00881175265827153 0.00184632930210091 0.0115728514218023 0.0122573172428269 0.00371274736760302 0.00421129418335944 0.00185851538597829 0.107137021135928
0.382602941627845 0.216212522856854 0.0713556613465192 0.00135171093904182 0.00248838633089432 0.000612584334082243 0.00329757321579952 0.00232706025114099 0.00136190265753612 0.000653456305434821 0.000615881576992923 0.0386480542211483
0.527026196828879 0.0791405131339744 0.0167044348188564 0.000383968920669161 0.000477870725652003 0.000142203723482557 0.000426000665079584 0.000322054464468743 0.000385322613027333 0.000147678113232134 0.000142641634622081 0.00998056387661827
0.725965699485092 0.00889237532899518 0.000778747691357586 4.12549950925427e-05 1.77408475773348e-05 1.02077170167929e-05 1.38627905939739e-05 1.37639218136847e-05 4.1290546392794e-05 9.71551704132843e-06 1.0219215352501e-05 0.00100107854159796
1 -5.0821976835258e-21 5.55865371635635e-22 2.64697796016969e-23 1.24077091882954e-23 -1.26662031297182e-24 -8.68208770935658e-21 1.98523347012727e-22 2.6470044658961e-23 1.23770130327515e-23 -1.26672917577674e-24 -3.4410713482206e-22
0.000459183673469388 2.22124626002321 2.17163839774827 1.73740535303378 2.15097687734966 1.36600254087044 2.16156988841321 2.13093670836756 1.7371642662647 2.1536186590402 1.36592424890849 44.7019611959589
0.000632514282417302 1.98037343224117 1.92778383679991 1.51711156848518 1.91270958564838 1.18058339529444 1.91067170688626 1.88304986604935 1.51691977309597 1.91546993418228 1.18052109106188 38.5094778130095
0.000871272958028082 1.76338762285655 1.70759576222194 1.3189428671372 1.69463971412345 1.0149287907216 1.68220463851204 1.65849155057996 1.31881304222154 1.69749704458004 1.01488659382472 33.0087951943718
0.00120015719564444 1.56928307162448 1.50988676334058 1.14123975598589 1.49474404783251 0.867478630451341 1.47500676325763 1.45598950261308 1.14118471385527 1.49766353829006 0.867460702544629 28.1389748301727
0.00165318719120708 1.39724590332719 1.33382685113489 0.982481492961544 1.31161523954068 0.736966122062495 1.2881296762284 1.27459647608752 0.982513310887816 1.31454758497962 0.736976391287619 23.8579723131349
0.00227722493277525 1.24547811760575 1.17733653086908 0.839784812619366 1.1425780983236 0.620770646391515 1.11941345103099 1.11180223316254 0.839911547187144 1.14542871173739 0.620811735736402 20.0704664736699
0.00313682166304886 1.11417902345895 1.04063005568702 0.713414365405846 0.987749687124815 0.519121262202306 0.96910821784228 0.967902496126859 0.713645076874447 0.99043128192177 0.519196120616514 16.7850046138956
0.00432089514046424 1.00141685000045 0.921599079892648 0.600675292037748 0.845603719464737 0.42965882317347 0.834812148986347 0.840068823281358 0.601010493007167 0.847962948761018 0.4297676238438 13.9142020224783
0.00595192740308383 0.90656769032248 0.819559902735491 0.500728683804837 0.715679773570398 0.351645539650788 0.715750452175234 0.727391199583647 0.501166142944692 0.717542421664804 0.351787564601849 11.4306707469223
0.00819863446345382 0.828063609317177 0.732803861963478 0.412154141438527 0.597968515211286 0.283820980798525 0.609949337978832 0.627568993058117 0.412682962541402 0.599106883111045 0.283992696152145 9.28567175029535
0.011293418503476 0.764684008346227 0.659821315879869 0.334110207565069 0.492677857391129 0.225357003397824 0.515824161255109 0.538765881773483 0.334712454058222 0.492827338853678 0.225552586867235 7.4467672540184
0.0155564078461091 0.715052400529948 0.598604125961446 0.265815367423647 0.399864244166412 0.175426114032744 0.431698563363188 0.458901345998063 0.266465436256264 0.398731736244816 0.175637248601534 5.88010654490595
0.0214285714285714 0.677819763638519 0.547064685410273 0.206662600925804 0.319103361312583 0.13333100366996 0.356154490534224 0.386354073123378 0.207328860491212 0.316396255371513 0.133547420183549 4.5573643041668
0.0295173331794741 0.651546985103062 0.50306933170176 0.156187128022753 0.249478687120852 0.0984332019678891 0.288083898461957 0.320070834679783 0.156834060807508 0.244942569681686 0.0986433608964908 3.45392746137268
0.0406594047079772 0.633861090528171 0.463899262481762 0.113908133895608 0.189543059405332 0.070053847373024 0.226670657274601 0.259657137685049 0.114500050603022 0.18305520743322 0.0702461384411685 2.5440460102711
0.0560073357967406 0.621637841860364 0.426924388475879 0.0794445796108512 0.138614385263025 0.0476399000929852 0.171594655285896 0.20510476686467 0.0799500272725982 0.130254227823164 0.0478041140298447 1.80873862999125
0.0771487355896636 0.608692371441521 0.387970570276855 0.0522652049075837 0.0970988654009907 0.0305210409754428 0.1230278547348 0.155744110486761 0.0526635016848541 0.087325096248974 0.0306504413029378 1.22662577889995
0.106270496862845 0.587280646877745 0.343021961711849 0.0318691163718937 0.0651532316490951 0.0180989443577225 0.0818812526292901 0.110506070449318 0.0321528439595057 0.0548342918297904 0.0181911278774651 0.78123061204846
0.14638501094228 0.546891544450365 0.288796651217053 0.0176201664559313 0.0410426612377035 0.00971549165351019 0.0494776974383624 0.0693177152361563 0.0177972696765042 0.0314324809495266 0.00977303434297532 0.457060550770548
0.201641773221665 0.474466346286653 0.223600281517545 0.00861448639306737 0.0220530069007749 0.00458536283306617 0.0263865645735698 0.0350709082422802 0.00870705920770434 0.0145210518568859 0.00461544022683332 0.238014028402176
0.277756612143912 0.360837577397566 0.147888627114637 0.00366421691845786 0.00875280632211936 0.00184929589173854 0.0114924309345082 0.012157410951887 0.00370162614717444 0.00418612512164917 0.00186145043992778 0.105953680535256
0.382602941627845 0.214579556738308 0.0707305376495563 0.00134527658121269 0.00246937845332267 0.000612252333377512 0.00326940695748715 0.00230668534804848 0.00135538207801104 0.000652002149570214 0.000615535430309256 0.0381131179941509
0.527026196828879 0.0783300031819032 0.0165073097659061 0.000380925032851994 0.000473200577602356 0.000141593151536289 0.000421659321316631 0.000319217280075074 0.00038226417769552 0.00014713044306421 0.00014202818531863 0.00978623651313819
0.725965699485092 0.00876440851338137 0.000767086627177142 4.07039621724049e-05 1.74754066230372e-05 1.00969342326698e-05 1.36515437911388e-05 1.35663655633001e-05 4.07389974301005e-05 9.58713767972727e-06 1.01083134922202e-05 0.000970333320523264
1 -2.11758236813575e-22 3.30872245021211e-23 2.48154183765908e-24 8.27180612553028e-25 -3.10192729707385e-25 -1.27054942088145e-21 -6.61744490042422e-24 2.48147241789942e-24 8.28190354511711e-25 -3.10197462872817e-25 7.94093388050907e-23
0.000459183673469388 2.24027889866567 2.19062928210759 1.75673492486562 2.16993418187286 1.38587335979496 2.18037724961479 2.14983714029694 1.75649449080618 2.17257570282346 1.38579499638129 45.1256408068605
0.000632514282417302 1.99624959040198 1.94358127071825 1.53322286899099 1.92844395786375 1.19721082336368 1.92629466310755 1.89874759593269 1.53303197524836 1.9312032634101 1.19714858703974 38.847427163321
0.000871272958028082 1.77654092123934 1.72065517313199 1.33228135022906 1.70754821047797 1.02876516680234 1.69507484042072 1.67143984374239 1.33215267592339 1.71040344631063 1.0287231919569 33.2746666610156
0.00120015719564444 1.58010349289315 1.52060925084827 1.1521690427356 1.5052373143954 0.878870877067522 1.48551191440008 1.46658689425044 1.15211538531198 1.50815335321756 0.878853336004126 28.3450199305407
0.00165318719120708 1.40608868239684 1.34254809525044 0.991375812870072 1.32004120276509 0.746287798932387 1.29662314927029 1.28317570567698 0.991409223778498 1.32296841214033 0.746298625059628 24.0149249067517
0.00227722493277525 1.25262524276791 1.18434451004804 0.846921717185157 1.14922921044439 0.62830367932944 1.1261765209283 1.11864792674571 0.847050191201334 1.15207262405225 0.628345484842019 20.1866561686172
0.00313682166304886 1.11991913198304 1.04622115730979 0.719075511428668 0.992924011356047 0.525152014416939 0.974428658958878 0.973307396380592 0.71930804994862 0.995595947786214 0.525227739606019 16.8689572855155
0.00432089514046424 1.00597050267333 0.925993333146269 0.605089463248715 0.849543053391565 0.434419674876107 0.838910996226809 0.844251398720415 0.605426489100588 0.851889873897758 0.434529464248941 13.9723802996004
0.00595192740308383 0.910134859744578 0.822954950159176 0.504107207781576 0.718608587552285 0.355350820771666 0.718828755247593 0.730548304414209 0.504546390520683 0.720455825078368 0.355493921478303 11.4688926844826
0.00819863446345382 0.830818427533413 0.735365266655504 0.414681179420211 0.600082983513729 0.286649803977074 0.612186521121585 0.629870091791747 0.415211514164696 0.601202978090337 0.28682263457781 9.30872439796094
0.011293418503476 0.766765271064174 0.661684213255221 0.335947924384597 0.494144966461253 0.227473181533643 0.517368908129344 0.540355430886513 0.33655137444777 0.494273472826112 0.227669865709293 7.45860287039896
0.0155564078461091 0.716579011086035 0.599886924252784 0.267102684769415 0.400825928162083 0.176967295935993 0.432688657858447 0.459915939840215 0.26775356425837 0.399670768020544 0.177179460460046 5.88403291593101
0.0214285714285714 0.678880349843892 0.547862631317149 0.207525020214553 0.319676909103748 0.134418375673528 0.356707421879551 0.386914931359108 0.208191652323927 0.316947100197131 0.134635696958469 4.55609113363966
0.0295173331794741 0.652207526200358 0.503455086330377 0.156731273341046 0.249762871784889 0.0991719992753148 0.288309539930616 0.320285006523815 0.157378137493735 0.245206403362472 0.0993828970377741 3.4495981772681
0.0406594047079772 0.634152057871306 0.463935654635907 0.114222840917324 0.189622268238108 0.0705313728383647 0.226667541662789 0.259623072806972 0.114814302537486 0.183119719362448 0.0707242112712321 2.53825222827378
0.0560073357967406 0.621558285223957 0.426653222265078 0.0796037625596163 0.138573685189536 0.0479302388237512 0.171445425340118 0.204902194297707 0.0801084757043664 0.13020826025731 0.0480948073662301 1.80270770958708
0.0771487355896636 0.60822024923931 0.387431953794811 0.0523276503662156 0.0969972323500855 0.0306828975101846 0.122811088964021 0.155440489343401 0.0527250810707194 0.0872308960249763 0.0308124843290248 1.22114618204229
0.106270496862845 0.58638713009419 0.342266243404309 0.0318793387898686 0.065026634756588 0.0181795425786692 0.0816621617433484 0.110165786525651 0.0321622273170331 0.0547289929946174 0.0182717862737531 0.776823878283325
0.14638501094228 0.545568119826178 0.287894457929425 0.0176096384147305 0.0409124023895258 0.0097499997943071 0.049297046025475 0.0690179731272629 0.0177860645296461 0.031335131265174 0.00980752955733843 0.453917656944673
0.201641773221665 0.472791494638362 0.222646161457334 0.00860105711246693 0.0219501703998904 0.00459699453722504 0.0262590627544571 0.0348685678911191 0.00869318216520151 0.0144548878134331 0.00462703487951221 0.236061227042877
0.277756612143912 0.359062305834457 0.147037644355267 0.0036544332512318 0.00870083844846222 0.00185167851456168 0.0114211669345869 0.012069119735571 0.00369161654740155 0.00416388602663635 0.00186380338455972 0.104916584388013
0.382602941627845 0.213143016118191 0.0701813734629546 0.00133954217245638 0.00245262956846945 0.000611874732870867 0.00324557795666278 0.00228875980907217 0.0013495715205936 0.000650654278162672 0.000615144863634016 0.0376457683576963
0.527026196828879 0.0776192817332777 0.016334772918539 0.000378234546945545 0.000469092700150758 0.000141036378740222 0.000417816432018034 0.000316645030041401 0.000379560892123262 0.000146627227787065 0.000141468816927798 0.00961754738690854
0.725965699485092 0.00865276047849494 0.000756922347159971 4.02218060863885e-05 1.72432615439572e-05 9.99888633851297e-06 1.34627733490676e-05 1.33919394400051e-05 4.02563899276106e-05 9.47415783235344e-06 1.00101595032909e-05 0.000944031874385052
1 -8.470329472543e-22 2.64697796016969e-23 -8.27180612553028e-25 8.27180612553028e-25 -1.03397576569128e-25 -1.48230765769503e-21 -1.98523347012727e-23 -8.27180612553028e-25 8.29200096470393e-25 -1.0344017505801e-25 2.64697796016969e-23
