0.284444444444444 0.37135481382542 0.151791198872415 0.00351828252563123 0.00862125837266486 0.00167926695984681 0.0114510022880007 0.0119481560135516 0.00355520043354147 0.00394193569360311 0.00169070465487821 0.11086824401068
0.20649691007576 0.486895133361444 0.229314425524845 0.00825183066060759 0.02198923315633 0.00415625058857664 0.0264075987754179 0.0352133761669463 0.00834408809466726 0.0142317837736971 0.00418483287653449 0.247812974085158
0.149909673764659 0.558028131360444 0.294748203337859 0.0168552808234015 0.0409303204238774 0.00879601448361268 0.0494461043540281 0.0699102797817836 0.0170325320131574 0.0310445041748148 0.00885093026676562 0.473275651114753
0.108829281174142 0.59533723578753 0.347998829040094 0.0304202627754527 0.064518576413914 0.0163565403290937 0.0815923531206977 0.111119387036945 0.0307045099938136 0.0539537484399008 0.0164446073463805 0.803328168553321
0.0790063252320461 0.612762212589774 0.390976319433128 0.0497081121766417 0.0954569072368762 0.0274898671214479 0.122092984903043 0.155660158748595 0.0501070320676055 0.0855202184246005 0.0276134563843955 1.25065592852255
0.057355882160829 0.621442944383424 0.427091062507053 0.0752222772554449 0.135537949841043 0.0427355686185389 0.169351945886025 0.203463754843832 0.0757277330455819 0.127114451286251 0.0428921586075656 1.82742302861883
0.0416384031124708 0.629204874399196 0.460482812785154 0.107325229531622 0.184366227803721 0.0625559196326665 0.222271911576295 0.255642905260466 0.107915743588708 0.177905346068893 0.062738853948953 2.54630091193614
0.0302280524409871 0.642107013483159 0.495346346553979 0.14635531854952 0.241281323827158 0.0874673766412398 0.280543036457888 0.312764416599122 0.146998843089978 0.236839709802171 0.0876667205452757 3.42402457486809
0.0219445292343932 0.663098007309885 0.534235047275975 0.192574873059586 0.306846838388568 0.117880943968927 0.344343286335969 0.374658683668887 0.193235283083772 0.30427356422037 0.118085510223249 4.47527207115125
0.0159309755155173 0.694215850639657 0.579641364580509 0.246259324924124 0.382350687688147 0.154298626473955 0.414370526831336 0.441549321062798 0.246901163552618 0.381371708124878 0.154497421836352 5.71927373321205
0.0115653417836024 0.736648483150347 0.633525191404363 0.307693575772967 0.468559427542007 0.197158644913803 0.491552670189957 0.514334397853061 0.308285419299471 0.468865204418077 0.197341933215505 7.174568954744
0.00839604143771708 0.79147082169989 0.697779164186608 0.377273208947069 0.565699372597614 0.246968410743305 0.577148623835885 0.594474455874163 0.377789852085394 0.566984465735501 0.247128391337158 8.86263776423292
0.0060952380952381 0.859781874533376 0.774172387798204 0.455558110354645 0.673453470352735 0.304339042715967 0.67266014984639 0.683853914131797 0.455982198537301 0.675446102041143 0.304470342010983 10.8087685811273
0.0044249337873377 0.942582667414022 0.864016202055971 0.543190744147975 0.791334211939847 0.369872253959295 0.779498790720302 0.784193438461553 0.543512241711728 0.793804382988091 0.369971764534143 13.0393596717623
0.00321235015209983 1.04103938147504 0.968603593310638 0.64128681220417 0.919007596294582 0.444522215316157 0.899273718883764 0.897420520287922 0.641504146458709 0.921781294224247 0.444589458415624 15.5921570539652
0.0023320560251602 1.15554486143127 1.08838083805274 0.750398132322981 1.05663968270595 0.528754385437458 1.0325294148713 1.02420281620442 0.750512341512157 1.05956282414453 0.528789691437939 18.4846473085371
0.00169299268354385 1.28740178698487 1.22485443059739 0.872708198594103 1.20532469105078 0.624404387327908 1.18108494517912 1.16681221179774 0.872728702712666 1.20831261515009 0.624410679381973 21.7846240867415
0.00122905461773205 1.4364767636896 1.37786777810757 1.0079767270811 1.36491099186327 0.731271219500685 1.34475649362161 1.32502186388674 1.00791221216435 1.36787244012122 0.73125119380433 25.4847230314791
0.00089225149526723 1.60383222875059 1.54871716441672 1.1584814471058 1.53742905001128 0.851236096823226 1.52496185246902 1.50053688172423 1.15834404022823 1.54031597340539 0.85119351086861 29.6527457656018
0.000647743980878294 1.78985266083756 1.73785853557542 1.32520795612175 1.72393136390029 0.98521446541333 1.72223261868693 1.69394678181637 1.32501060579931 1.7267116443431 0.9851533328138 34.3205463438365
0.000470239912165569 1.99508247453756 1.94604917939056 1.50950191179999 1.92595258261735 1.13439717123072 1.93727176421301 1.90608605838357 1.50925728072433 1.92860685839721 1.134321415535 39.530100479806
0.000341378046761085 2.22043200950356 2.17426252185502 1.71294426703901 2.1453898878704 1.30024253647828 2.1711643799769 2.13797932085775 1.71266403433435 2.14790910143496 1.30015577386442 45.332401130625
0.000247828752505766 2.46625990114108 2.42285321582155 1.93613511602074 2.38298878336732 1.48332127861761 2.42433640671427 2.38999930518472 1.93583055183534 2.38536770979266 1.48322699807497 51.7472082749474
0.000179915173665366 2.7341898150469 2.69348998651481 2.18162413818667 2.64164363957582 1.68619341842253 2.69866443345374 2.66383842960473 2.18130392077023 2.6438851837723 1.68609430416283 58.8645939054582
0.000130612244897959 3.02413273217415 2.98608882444054 2.44935920018463 2.92131098397814 1.90876803227937 2.99405593579171 2.95941450727484 2.44903211706353 2.92341851767034 1.90866680161938 66.6813020513543
0.368044444444444 0.246458342989075 0.0848215039722172 0.00158528236095405 0.0030988359125873 0.000707998136293811 0.00422428135270528 0.00312407492652902 0.00159827042311634 0.000845389492940163 0.000712070990772222 0.0485597311828925
0.267187642552713 0.392610034132872 0.165259149571659 0.00417969595446344 0.0104991416686559 0.00204743735191639 0.0136022661456532 0.0151175951673228 0.00422437493132434 0.00528036272369607 0.00206144765905789 0.128382842875004
0.193969063819553 0.499742364166451 0.240536019672242 0.00956685280603115 0.025046802680614 0.00492031255970384 0.0298694184991916 0.0406373394655068 0.00967228534366437 0.0168740128993737 0.00495337482723826 0.27844076323142
0.14081488709423 0.564252665794373 0.303726295768103 0.0190887814389347 0.044781480657546 0.0101557356875632 0.0545200729141097 0.0767600855982358 0.0192838472870751 0.0347313347809517 0.0102169071734092 0.519984108709886
0.102226778007277 0.597808283897757 0.355242603960584 0.0338027886590058 0.0695892550819732 0.0185191093999695 0.0883321624685096 0.118728152318383 0.0341073430760867 0.0591054038641859 0.0186146155493067 0.868810149809423
0.0742131344021602 0.613937318654141 0.397196848060881 0.0544507196364674 0.102379761188704 0.0306728953132917 0.130327866485405 0.163984356807437 0.054869674369096 0.0926960679614994 0.0308042694083955 1.33815497494606
0.0538761900272454 0.623020483735365 0.433268745111885 0.0815342144728564 0.144416531740166 0.0471711818930827 0.178980901130335 0.212910831759824 0.0820568482614379 0.136328859713071 0.0473350638012957 1.94115691466734
0.0391122659787209 0.632427063788866 0.46756479489617 0.115437276127639 0.195240410038203 0.0685106003039752 0.233414833355506 0.266528668393731 0.116040204275809 0.189125942390559 0.0686996552913766 2.6920510460609
0.0283941635296891 0.647676316373868 0.503981061201717 0.156522889076901 0.254395783219674 0.0952158136385762 0.293435109731436 0.325321446972672 0.157173199299473 0.250274813335921 0.0954197100539168 3.60801964861708
0.0206131887881248 0.671548845154643 0.545049191835571 0.205081964313991 0.322607410127497 0.127740220510863 0.359318927380303 0.389157618005198 0.20574338010087 0.320308211974074 0.127947589539521 4.70546569994732
0.0149644680171893 0.706033470190855 0.593238168682992 0.261426247569889 0.401216099717087 0.166626320748913 0.431851751751062 0.458347158196351 0.262063524880855 0.400453648098184 0.166826101570941 6.0050068716104
0.0108636904915211 0.75230017479601 0.650573189527963 0.325915706076291 0.490961559746077 0.212366066569807 0.512081407982196 0.53399441592436 0.32649840745886 0.491427174879175 0.212548715907697 7.52761165649423
0.00788666666666667 0.811478499989071 0.718962553343972 0.399019540175181 0.591953825872574 0.265539821470153 0.601371989493014 0.617730800625748 0.39952387540187 0.593350644836568 0.265697885667417 9.29721801653582
0.00572544948327243 0.884705372215493 0.800106957361248 0.481348245071857 0.703882135064749 0.326785324190003 0.701242126335802 0.711412809795971 0.48175803382538 0.705947204774098 0.326913739696337 11.3409668662214
0.00415647993899043 0.973013911578807 0.895323962485068 0.573645287913277 0.826372150169141 0.396792132131911 0.813112626782999 0.816777870754978 0.573951490505535 0.828883656514191 0.396888059439349 13.6864315875929
0.00301746186630494 1.07760256704814 1.00590196308025 0.676996601066733 0.959134810272925 0.476500612495867 0.938590992868423 0.935711076734258 0.677198352985742 0.961923744816944 0.476563790811285 16.3720220267534
0.00219057381444165 1.19903409038383 1.13249563176208 0.792355533162004 1.10271345144807 0.56671808922973 1.07843787661927 1.06915666103955 0.792455106098686 1.10563742964811 0.566749238825892 19.4272126648244
0.00159028145147486 1.33854199796375 1.27653208695695 0.921666863389115 1.25799903821594 0.669090657373089 1.23433139931995 1.21920770543964 0.921674062778485 1.26097583735921 0.669092857535069 22.9126439149237
0.00115448978629811 1.49605193246975 1.43792361141468 1.06488134846101 1.42513287758153 0.783579862899136 1.4061566015993 1.3856978144538 1.0648049187868 1.42807413621756 0.78355586041002 26.8266773564724
0.000838119985258305 1.67284532288764 1.61813342271317 1.22444270147404 1.60628687200856 0.912273762102797 1.5955647503645 1.57052951248547 1.22429526437321 1.60915017869749 0.912227515940121 31.2448630762432
0.00060844636135048 1.86925922194146 1.81772893966533 1.40141000626489 1.8026741502346 1.0561138369954 1.80301783368238 1.77435647320125 1.40120441136758 1.8054289503617 1.05604937928673 36.2002175561319
0.000441711188316961 2.08607986917692 2.03750224252508 1.59710811165497 2.01587318010941 1.21637227750417 2.02945394215277 1.99804488660171 1.59685695249605 2.01850101014678 1.21629355632744 41.7365224354986
0.000320667171796913 2.32433101435307 2.27856761771961 1.81333827462331 2.2478926666339 1.39463827397731 2.27607736930222 2.2427617838901 1.81305312956959 2.25038577835518 1.3945489179828 47.911590741407
0.000232793367675452 2.58448436367277 2.54142684886139 2.05084490968941 2.49957873022151 1.5916361014884 2.54342961545695 2.50902055708889 2.05053675735304 2.50193229840353 1.59153955088577 54.7512944074898
0.000169 2.86833108822294 2.82797619688355 2.31235451437616 2.77408225992555 1.81012556001984 2.83355133215238 2.79874435814915 2.31203185623963 2.77630000032194 1.81002447684084 62.3534110005265
0.0940444444444444 0.612671664123488 0.376346932973934 0.03776635291164 0.0786946562362034 0.0191948304359061 0.101595428932448 0.134896068091437 0.0381108419759966 0.068098797216918 0.0192947405628541 1.05205498942602
0.068273040893798 0.619470181790792 0.41230793899648 0.0588007274632129 0.113143865225882 0.0307176548905174 0.144847908448476 0.179737063099779 0.0592569487169217 0.103826396386761 0.0308499654740387 1.56363237765722
0.0495638858884404 0.622304180828354 0.443057834677672 0.0856060550972202 0.156037653706287 0.0459333149296066 0.193303050765463 0.227632362939476 0.0861568251650375 0.148616652767549 0.0460930409987759 2.20112303439338
0.0359816810882009 0.627348762758064 0.47258974752923 0.118368687952137 0.206477195008772 0.0651695029829499 0.246234696569869 0.279342386910754 0.118986054819633 0.201168330487074 0.0653485327374599 2.97443039701351
0.0261214662798453 0.638913345073822 0.504271338963039 0.157237068220643 0.264170107685972 0.0887510611972828 0.303473421541414 0.334942278900384 0.157885992936391 0.260880258077856 0.0889392339807981 3.89455944144964
0.0189632885394241 0.659173709082408 0.540480240559216 0.202315731171247 0.329988566854179 0.116986903764454 0.365390482362851 0.3942368097288 0.202960006192972 0.328464283039808 0.11717371341609 4.97346503829143
0.0137666970290606 0.689314731881743 0.583124322426867 0.25371102354113 0.4049720282617 0.15016758317279 0.432597071697526 0.457497821238959 0.254316854941136 0.404888771926308 0.150343224991988 6.22322755824723
0.00999414983830135 0.730206678805504 0.634094838530157 0.31160353606243 0.489522117790342 0.188624526066678 0.506162269263243 0.525880664355806 0.312143155563821 0.490550422137789 0.18878095866856 7.65859493960329
0.00725540997812126 0.782675477368047 0.695021055794494 0.376266534695623 0.583258367416823 0.232721666290339 0.587363271961211 0.601056070280006 0.376719724889973 0.58510025942902 0.232853018565801 9.29639625607816
0.00526717877981791 0.847522409428346 0.767194376929088 0.448140939487362 0.685461264114987 0.282869545575769 0.677501617619675 0.684698789341066 0.448495229413951 0.687863293877502 0.282972211937814 11.1557593929838
0.00382379112720354 0.925526615935257 0.85159760430832 0.527894946983801 0.795514596220975 0.33963379165772 0.777804104023888 0.778354066870187 0.528145427693965 0.798274452154896 0.339706354030085 13.2599143175664
0.00277594120034521 1.01724167163347 0.94884121012164 0.615989353359412 0.912880008631844 0.403383007515937 0.889149423799439 0.883090185724618 0.616136676505821 0.915833517028271 0.403425660429031 15.6247741893314
0.0020152380952381 1.1231317525192 1.05952232933016 0.713697974155747 1.03812581319377 0.475102054590799 1.01237796595303 1.00005273970019 0.713748147896618 1.04115870297328 0.475116545176995 18.2864478839555
0.00146299373343853 1.2435525199622 1.1840533863989 0.821717881369607 1.1712800830379 0.555329967517611 1.14810495039537 1.13005913562332 0.821681205797627 1.17431317491842 0.555319287492484 21.2654716997721
0.00106208326903801 1.37855116757422 1.32257972181897 0.940589736283948 1.3130792549246 0.64448795045349 1.29645453344375 1.27329951041278 0.94047641871328 1.31604084418173 0.64445506344733 24.5760111553451
0.00077103602331859 1.52847606555634 1.47568357739141 1.07184785863239 1.46493418196767 0.743774113944542 1.45811240094074 1.43073759149371 1.07167106394615 1.46779247320875 0.743722839134313 28.2601056537217
0.000559745705996684 1.69338433045389 1.64360452446398 1.21610428352352 1.62762034148172 0.853778016887548 1.63324993126739 1.60265366937776 1.21587671979091 1.63035196845153 0.853712041735744 32.3370099901533
0.000406356182987659 1.87353588915946 1.8265864465681 1.37430886500638 1.80240183581805 0.97529159166767 1.82228023853216 1.78935375028149 1.37404270831892 1.80499424441605 0.975214445792939 36.8324630112261
0.000295000650622728 2.06926120978294 2.02508081861463 1.54742946710025 1.99047735311669 1.10919193824053 2.02569277005091 1.99132799428484 1.54713589909267 1.99292677620678 1.10910686207603 41.7747114906225
0.000214160353677886 2.28090322565096 2.23942576445018 1.7361926770955 2.19273813201391 1.25622153337517 2.2439473539728 2.20892134578299 1.73588160111313 2.19504396436905 1.25613139618502 47.1874686156904
0.000155473070959741 2.50897565913463 2.47015597479946 1.9417722974049 2.41063326627663 1.41755118420707 2.47774935663587 2.442685619933 1.94145168352597 2.4128012186959 1.41745829413612 53.1082200158943
0.000112868116710384 2.75351592127087 2.71728735800006 2.16416621773863 2.6441484762759 1.59320139606045 2.72713201763637 2.69263305532544 2.16384397438771 2.64618325635077 1.59310804287361 59.5375217537286
8.19383812972188e-05 3.01526835130038 2.98149222833122 2.40469729859629 2.89487042132893 1.78457888041027 2.99303878387157 2.95943977213354 2.40437888877781 2.89677966232703 1.78448664183796 66.5201485525997
5.94844542931116e-05 3.29428700843484 3.26298853737476 2.66364638939793 3.16301072092999 1.99232378912421 3.27559011301702 3.24332723052504 2.66333639582047 3.16480202616406 1.99223399482406 74.0701711358334
4.31836734693878e-05 3.59096685027156 3.56204177938721 2.94163008641951 3.44912956946755 2.21706568633678 3.57526206812987 3.54456503939078 2.94133204399185 3.45081061581822 2.21697935502774 82.2089899402582
0.194706172839506 0.509731277556021 0.246204977957371 0.00953836410946586 0.0255654426392581 0.00473897132282854 0.0305217606577743 0.0417672794683024 0.00964590401857117 0.0171692550289733 0.00477163522501505 0.291151405162248
0.141350002959497 0.571967571317609 0.308959601784296 0.01893809586994 0.0453598307432322 0.00973120064839501 0.0553993811807129 0.0783796635628833 0.0191362187041294 0.0351102872864 0.00979137899413046 0.539666484260504
0.102615253770711 0.602736593550802 0.359406314076346 0.0333700482718202 0.0699835716240511 0.0176583690909058 0.0892880469484487 0.120418182896913 0.0336781440751401 0.0593705652547594 0.0177519501114715 0.895036422007525
0.0744951544814946 0.616103134877319 0.39982052143615 0.053491857448882 0.102411929824186 0.0291094604877465 0.131053819307014 0.165235978336845 0.0539140240823406 0.092684072827435 0.0292376859557839 1.36845954759097
0.0540809269314083 0.622545920875276 0.43399271142572 0.0797187072429487 0.143812186759113 0.0445608064169455 0.179031148797498 0.213261215336067 0.0802433960148287 0.135756715514987 0.044720164814129 1.97099775683388
0.0392608979485619 0.629399313268118 0.466101581279129 0.112354480002156 0.193570975563552 0.0644355464457913 0.232259968686815 0.265536464489568 0.112957556596197 0.187545729226966 0.0646187065337858 2.71467162626494
0.0285020652416406 0.642035886510306 0.500013671097357 0.151658307317437 0.251114353084225 0.0891759147806256 0.290477817586089 0.322436447260855 0.152306365165289 0.247115875499597 0.0893727233473026 3.61413143677569
0.0206915217299173 0.663065858409541 0.53817168975857 0.197846952862651 0.317124922181087 0.119154136111676 0.353943020839198 0.383744075379182 0.198503526257161 0.314961570865182 0.119353517965793 4.68300563578096
0.0150213350460704 0.694264953125311 0.582942052548869 0.25113634560966 0.392894783964365 0.154812119692044 0.423340761100831 0.449685933459461 0.251766378634174 0.392267209183706 0.155003425155039 5.93864999038627
0.0109049740039204 0.736652420003977 0.636239565209322 0.311775211610785 0.479050585770983 0.196545134752049 0.499675064138369 0.521316281509291 0.312348667829652 0.479640738391023 0.196719240888394 7.39847969012125
0.00791663708062284 0.791217726662442 0.699860880211605 0.380131703101518 0.575551011065208 0.244829660301006 0.584228471409733 0.600196061441259 0.380625344035178 0.577056627273179 0.244979514686743 9.08262307241359
0.00574720697580398 0.858932771865814 0.775368410321851 0.456714678815313 0.681953733078421 0.30018913476187 0.678407148369647 0.688105244969952 0.457112973298465 0.68410981045582 0.300310023522102 11.0137312263563
0.00417227513227513 0.940705971103524 0.863927298943794 0.542138718092317 0.797727415273559 0.363186572632376 0.783534464394523 0.786648843995179 0.542433262647113 0.800311965276046 0.363275946810032 13.2164758398706
0.00302892863484637 1.03753114717324 0.966656148291544 0.63736103679348 0.922387782416191 0.434622339253114 0.901035612235473 0.897580003227452 0.637551586229111 0.925233772877521 0.43468013242377 15.7227956721173
0.00219889829508667 1.14981733895018 1.08403559700675 0.743170140866744 1.05636052368229 0.515143935389355 1.03151633317358 1.0216642944146 0.743259412230587 1.05932692874495 0.51517097961423 18.5565106899588
0.00159632473888917 1.27852333177819 1.21717416640853 0.861246973780428 1.20036107668157 0.606139198395084 1.17639690248311 1.16069585970003 0.861245091880679 1.20336830164885 0.606138573743051 21.7691251122279
0.00115887700567303 1.42356587590517 1.36599081194172 0.991541498864135 1.35449808746689 0.707559682012876 1.33554958141338 1.31451011708471 0.991457532328364 1.3574599866989 0.707534147572117 25.3585547733285
0.000841304956040613 1.58579477642357 1.5315743428889 1.13621812906482 1.52059825211593 0.821133350193827 1.510199974133 1.48463168894151 1.13606478438665 1.52347432403699 0.821086765643595 29.3869990035679
0.000610758540892298 1.76544212341121 1.71428768119934 1.29603316952553 1.69968223816869 0.947649246941641 1.70070642992176 1.67150872587877 1.29582332805409 1.70244379023292 0.947585526550835 33.8807250740959
0.000443389751355371 1.96295971094402 1.91471362494045 1.47218095280222 1.89309346010284 1.08808321324791 1.90767227887699 1.87579415394029 1.47192715646027 1.89572358406468 1.08800616564686 38.8743770873143
0.000321885750987223 2.17906055468559 2.1336344487101 1.66609835718565 2.10262059257072 1.2437878149247 2.13199169219581 2.09831917141057 1.66581205784386 2.10511268088163 1.24370091624392 44.4135337849047
0.000233678014369723 2.41407093163137 2.3713896069797 1.87836270540146 2.3289502868695 1.41533116988625 2.37405992002621 2.339434041827 1.87805475431618 2.33130055803823 1.41523771342117 50.5175914875209
0.000169642223156204 2.66927223835689 2.62928385191492 2.1111406156975 2.57456431010105 1.60485950386792 2.63540800118437 2.60046681471506 2.11081932178688 2.57677710520771 1.60476200896635 57.2605326025773
0.000123154435195799 2.94452510021507 2.90717689516403 2.36421555312384 2.83921126703232 1.81214776559389 2.91587166603513 2.88127531081553 2.36388949468777 2.84129025087203 1.81204883343194 64.6345971093308
8.940589569161e-05 3.24111396985722 3.20633691875827 2.6392857834145 3.12492004950427 2.03913185705281 3.21692999203055 3.18313391710422 2.63896114477545 3.12687185964006 2.03903336439931 72.7067229102701
0.295367901234568 0.354169089551593 0.141795272161049 0.00315131844288905 0.00751958399620483 0.00149376149582673 0.0101282412674679 0.010104381733554 0.00318363378186853 0.00322658135790762 0.00150379163266556 0.0992276359735674
0.214426965025197 0.475023269394667 0.220384485099639 0.00751644499695685 0.0200272410011629 0.00377470550745675 0.0242151125354733 0.0317109058018465 0.0076004348930141 0.0126161015628514 0.00380077462697503 0.226753724974092
0.155666621652982 0.55111107263263 0.287339278292376 0.0155995904767384 0.0384298189191885 0.00812574576302304 0.0462003334623685 0.0652903996886233 0.0157652773770045 0.0287358387583675 0.00817717315595678 0.440343010121518
0.113008627874788 0.591921220059693 0.342023259552634 0.0285490212872813 0.0613904616489185 0.0153298255768142 0.0772612623923888 0.105929779944934 0.0288196231941905 0.0508388712774623 0.0154138193697504 0.756991235403336
0.0820403875829713 0.611089730756356 0.386108735601541 0.0471494197263875 0.091314283423099 0.0260396799239039 0.116878971891031 0.150143323353242 0.0475348078962535 0.0812557960391481 0.0261592967283051 1.18937079737959
0.0595585073576998 0.620463678686904 0.422894425624703 0.0719475377007037 0.130355572729791 0.0408251227182959 0.163443221028311 0.197538472308325 0.0724413128162866 0.121727483533389 0.0409783755194006 1.75000054610768
0.0432374334542205 0.628214273532135 0.456542553658001 0.103321188184863 0.178231178603481 0.0601582137744601 0.21576651559438 0.249244709462612 0.103903133995802 0.171526368322456 0.0603388262184925 2.45156986726283
0.0313888936215333 0.640469609420692 0.49121643593143 0.141610902201018 0.234253556908838 0.0845488895214943 0.273492280936411 0.305880192440782 0.142250054930025 0.229571786792611 0.0847472442408498 3.31042519882761
0.0227872601140196 0.660568954597918 0.529689111636609 0.187096058257644 0.298872773385404 0.114430273948931 0.336746232147436 0.367340436869485 0.187756557266582 0.296082202332705 0.114635244606142 4.3418361795705
0.0165427692280229 0.690606885150301 0.574429710156759 0.240053297791819 0.373311420263325 0.150296447430917 0.406179677630446 0.433803739772079 0.240699512806448 0.372151058429498 0.150496968685096 5.56460230058682
0.0120094830340421 0.731853666189851 0.627423012679113 0.300764361227484 0.458409532254854 0.192589052404201 0.482672170549514 0.506052003351296 0.30136415175357 0.45857229532087 0.192775145685834 6.99708670487025
0.00871847275126274 0.785401785396272 0.690605586932445 0.369613130363432 0.554512467458308 0.24181313782015 0.567446675311368 0.585484013711699 0.370140355199843 0.555690019022302 0.241976696807525 8.66073577789896
0.00632931216931217 0.852354845590027 0.765782624693077 0.447142431188726 0.661345630758543 0.298573642360877 0.662005746118448 0.673973035563901 0.447578712503003 0.663261115738848 0.298708968141688 10.5806399338595
0.00459486353625421 0.933762348733731 0.854356416529953 0.534011405243959 0.77841124717121 0.363496860557366 0.767819927936709 0.773323823657724 0.534345990992622 0.780830503134834 0.363600616700406 12.7839076493197
0.00333571332113533 1.03078364199585 0.957621426366012 0.631323072861293 0.905408837747508 0.437530086595179 0.886486976072929 0.885447585288966 0.631553509756815 0.908152372286267 0.437601519024917 15.3082430666416
0.00242161345445975 1.14382556310729 1.07602803796942 0.739533066598755 1.04232890362639 0.521060584815355 1.01856576702426 1.011017560945 0.739659736941257 1.04523698127382 0.521099821558084 18.1686045921776
0.00175800830534938 1.27423852120649 1.21114177676516 0.860926254461921 1.19036781330816 0.616010507143354 1.16593152290999 1.15237345856482 0.860957973198165 1.19335119766177 0.616020289084954 21.4358146170159
0.00127625372909357 1.42193605493544 1.3628555169331 0.995296088770546 1.34930633702479 0.722208760502265 1.32847261664229 1.30938582073045 0.99524155957648 1.35227298447376 0.72219179441225 25.1037734162058
0.000926516431161868 1.58791564835644 1.53237693328054 1.14477237186968 1.52108620360629 0.841423851477684 1.50750903129292 1.48362665912572 1.14464329104263 1.52398306834673 0.841383768711333 29.2361620140266
0.000672619149032856 1.77265065135558 1.72028030884016 1.31047967406618 1.706822072937 0.974655846220642 1.70368540407663 1.67584538604878 1.31028903612078 1.70961572408533 0.974596681484657 33.8682905152594
0.000488298431014705 1.9766731547453 1.92727960559524 1.49374934669937 1.90807180899207 1.12311905469909 1.9176915610395 1.88683210996021 1.49350985494767 1.91074159568142 1.12304475196972 39.0425501838945
0.000354487912029063 2.20087434749242 2.15435452173987 1.69614165183244 2.12666496193056 1.28823233333207 2.15058854175637 2.11761932518819 1.69586511096596 2.12920051809024 1.28814655450552 44.8089379473297
0.000257346065015189 2.44564075529174 2.40188790371208 1.91832298141978 2.36343502307071 1.4706103616408 2.40283857906333 2.36861327810918 1.91802080967301 2.36583073882311 1.47051664819651 51.1888402471865
0.000186824416098487 2.7125598917985 2.67151648459861 2.1627559821694 2.62117787391118 1.67273878512101 2.67626960923701 2.64147241804863 2.1624371107019 2.62343571543209 1.67263990501658 58.2698045521674
0.000135628117913832 3.00170572392715 2.96333101700749 2.42967095515881 2.90018023759429 1.89479961632518 2.9709806500957 2.93629287162367 2.42934415903117 2.90230375366885 1.89469828805716 66.0581944515891
0.39602962962963 0.209631136910405 0.0674575805907849 0.00123714750348203 0.00223830743400802 0.000536746716875248 0.00292558905506821 0.00198444079650728 0.00124616331210539 0.000537942055896522 0.00053958303814168 0.0371838560515852
0.287503927090896 0.360551726664431 0.146112375143801 0.00338417244776808 0.00813765484598534 0.00163743003370546 0.0108403281634241 0.0111308841165348 0.00341906876269647 0.0036671008125388 0.00164840859793396 0.104025699061852
0.208717989535253 0.477960071564615 0.223607286718666 0.00800491018907827 0.0210967484153314 0.00409358881859712 0.0253711857308265 0.0335492482358821 0.00809342848629559 0.013559848630622 0.00412143819186658 0.235219466301626
0.151522101268082 0.551694031773723 0.289663196247322 0.0164776579146487 0.0397996030025792 0.00873474883201785 0.0479358059896382 0.067613276911157 0.0166495713765355 0.0300776640529349 0.00878883598346023 0.453365541719719
0.109999848234534 0.5914672448291 0.343828281300755 0.0299494065578516 0.0632336111859405 0.0163597452868647 0.0796602488531658 0.108538450444555 0.0302273144126239 0.052743517984377 0.0164471813740846 0.775562601615349
0.0798561167668376 0.61082158757024 0.387870998352395 0.0492279484024049 0.0939813312563459 0.0276559773687967 0.119937335697889 0.153126001145644 0.0496206047309533 0.0840341449842584 0.0277795088407054 1.21546324806679
0.0579728016668004 0.621028166016852 0.425096485678429 0.0748760903456973 0.133986410471521 0.0432124119379314 0.167234155696194 0.201173502988113 0.0753763397388516 0.12548599024403 0.0433697888197458 1.7863214877961
0.0420862655131493 0.630005021107306 0.459584239405061 0.107295043382396 0.182957737588504 0.06352711105083 0.220478318234434 0.2537863955311 0.10788227555336 0.176378235181367 0.063711850255287 2.50174788209274
0.0305531851819687 0.643950130747044 0.495556401223123 0.146884733506243 0.240293926619652 0.0891608362703947 0.279372540559493 0.311599796625374 0.147527492726976 0.235716245536426 0.0893630280794537 3.37975360692787
0.0221805644521255 0.666001962939762 0.535678546101701 0.193945849102136 0.306547162157342 0.120570714688945 0.344093454909667 0.374508123965749 0.19460822894214 0.303836649438918 0.120779068374576 4.43654764547583
0.0161023289874614 0.698319750486786 0.582478268557403 0.248800956135907 0.383012900545079 0.158306290209527 0.415373472194726 0.442762459678948 0.249447394317416 0.381907395145833 0.158509611583067 5.69279169349304
0.0116897385267215 0.742193058204117 0.637973928455891 0.311793225270319 0.470525258895591 0.202852533647037 0.494154482939747 0.517251264722388 0.312391904317234 0.470721327464163 0.203040811197015 7.16858469826171
0.00848634920634921 0.798769602022689 0.704128697138785 0.38336299936289 0.569425148260331 0.254771714033743 0.581701145759639 0.599445143364391 0.383888145246851 0.57061949190573 0.254936843680721 8.88720035348115
0.00616079843766206 0.869241670352841 0.782792320053517 0.464108886801673 0.679476723621878 0.314719256125124 0.679588510750485 0.691263719641469 0.46454250453674 0.68139720935864 0.314855589783552 10.8765861673291
0.004472528347184 0.954690554102861 0.875386419578625 0.554752285807281 0.800264300691987 0.383380049504784 0.789295997981292 0.794522409992517 0.555083776331852 0.80267974817455 0.383484247837841 13.1640029857366
0.00324690217003033 1.05639179927675 0.983302750055235 0.656481475894394 0.931583775973309 0.461788507915987 0.912528094028241 0.911227786700691 0.656708703309747 0.934317800209982 0.461859906069007 15.7912834262986
0.00235713960502573 1.1747840012771 1.10702991695918 0.769852845650678 1.07358510557691 0.550421106241163 1.04987096177713 1.04208406996485 0.769976345651663 1.0764807930482 0.550459882130877 18.7766371377247
0.00171120250214652 1.31136844650825 1.24830507127157 0.89727664333159 1.22750009470535 0.651323488940234 1.20334352089833 1.18959408335184 0.897305507848183 1.23047037116132 0.651332507641505 22.1950827256832
0.00124227432143144 1.46599751759508 1.40695954927242 1.0384939561061 1.39313488106785 0.764273689513559 1.37275306598944 1.3535296018523 1.0384366761432 1.39608684987721 0.764255627408704 26.0385405956332
0.000901848546710342 1.63992647276477 1.58440732127272 1.19586578483924 1.57265337658435 0.891308667542957 1.55969731664067 1.53570381172155 1.19573428823749 1.57553652792121 0.891267279263898 30.3807088353422
0.000654711111042187 1.83361656140116 1.78133131954677 1.37057097855007 1.76725764976654 1.03344049811921 1.76479004847563 1.73694633037324 1.37037819891663 1.77003840173711 1.03337985498579 35.2576695557775
0.000475297809688403 2.0478365884007 1.99856633359093 1.56404277446778 1.9786888642186 1.19204263993344 1.98896075662137 1.95817194649869 1.56380140768936 1.98134670973892 1.19196673602736 40.7166378285813
0.000345049906874173 2.28363945669267 2.23720469193307 1.77801671911119 2.20887902258775 1.36868466716159 2.23343500253165 2.20052545712489 1.77773853071391 2.21140389414505 1.36859720193678 46.8144276116012
0.000250494397001175 2.54140515875844 2.49768498902322 2.01320238398518 2.45858799301431 1.56396618591436 2.49866111916217 2.46446547246374 2.01289875884519 2.46097391878286 1.56387073895473 53.5732740337673
0.000181850340136054 2.82305187761861 2.78202594724577 2.27243298885165 2.7310902129626 1.78078685655909 2.78680873627169 2.75203617264489 2.27211276386789 2.73333948625157 1.78068620446617 61.0960359437371
0.496691358024691 0.104948962044444 0.0249556587729486 0.000517744424336148 0.000711316881389151 0.000197777016609085 0.000696360683769146 0.000479550802835634 0.000519964926571847 0.000188882169698736 0.000198482352682877 0.0143566399813778
0.360580889156595 0.251652413376559 0.0878019635600437 0.00167604876326104 0.00331363824879683 0.000764491336867878 0.0045341784216523 0.00344165470175033 0.0016900244571732 0.000953899480593231 0.000768931131168556 0.0502476870819101
0.261769357417524 0.395333527002609 0.167636113095365 0.00439696256906943 0.0110324970649881 0.00219253099446331 0.0141733348673881 0.0160121277054163 0.00444382142374891 0.00570905390871335 0.00220741689235772 0.131817808963759
0.190035574661376 0.50015868279532 0.242038874398054 0.0100071709238896 0.0258442963104713 0.00523281439628829 0.0307686071265276 0.0419898727814575 0.0101160903241893 0.0176243018053554 0.00526741660875337 0.284109973485114
0.137959308886097 0.563472650553686 0.304703570634019 0.019859971187863 0.0458014194997963 0.0107384819903457 0.0558456734210537 0.0783642846485854 0.0200595586067551 0.0357744478590591 0.0108018889117383 0.528374685484664
0.100153726175975 0.596945294235473 0.356077938008394 0.0350315167479632 0.0710849241193741 0.0195038156040879 0.090134513530331 0.120531923344628 0.0353409925653992 0.0606729301535588 0.0196021311340612 0.880970907669957
0.0727081698793803 0.613566425477891 0.398227200898294 0.0562747918537751 0.104565006580812 0.0322073986133009 0.132671243512923 0.166160695219293 0.0566986696879146 0.0949782836358396 0.0323420501617377 1.35571354063593
0.0527836374047653 0.623690565230784 0.4349435306534 0.0841329180271439 0.147417130794992 0.0494466886207092 0.181979866269982 0.215744740681811 0.0846598598124285 0.139424071338704 0.0496140780908166 1.96701049582927
0.0383191102499179 0.634490640103279 0.470274982483713 0.119022614104758 0.19921039266343 0.0717514461419497 0.237286951907507 0.270270148960653 0.119628905707194 0.193172754739243 0.0719440354489882 2.73023483336382
0.027818359676228 0.651345386667515 0.508018444860657 0.161347290155764 0.259605769838872 0.0996754846124504 0.298452390075469 0.330212751516106 0.161999977185329 0.255541889490851 0.0998827955067541 3.66350955611399
0.0201951749408807 0.67709931900096 0.550780410460252 0.211437761764717 0.329403278207961 0.133725446340488 0.365820128615272 0.395514012044657 0.212100653154759 0.327140951212403 0.133935985198776 4.78507479510625
0.0146610043021803 0.713734510363683 0.600993205394287 0.269646771066542 0.409938523674094 0.17447104946498 0.440196284245297 0.466529728390968 0.270284661462709 0.409196247496953 0.174673626080144 6.11653138760533
0.0106433862433862 0.762511191749998 0.660775263252696 0.336398348530163 0.502003703892627 0.222471777761454 0.522706779030328 0.544440171179114 0.336980966683785 0.502475842163092 0.222656779499671 7.6810996054531
0.0077267333390699 0.824623763963149 0.732081925330782 0.412221993161954 0.605730972712581 0.278363995216732 0.614769669141962 0.63095455946065 0.412725798920679 0.607124854804186 0.278523948011924 9.50483269559191
0.00560934337323266 0.901269404453159 0.816638056763165 0.497780107783086 0.720855905501427 0.342830060129327 0.717945368031557 0.727957688491865 0.498189053140126 0.722911847233403 0.342959879805153 11.6168252662125
0.00407219088560091 0.99356903184791 0.915846026878151 0.593923755361178 0.84710018603215 0.416666939124201 0.833736566503836 0.837271946947271 0.594229052318544 0.849599949803668 0.416763827614117 14.0474619872702
0.00295627090470208 1.10273849903845 1.03099682346442 0.701711516328253 0.984246846580104 0.500799461435332 0.963732451075958 0.960736934120466 0.701912110229598 0.9870209687227 0.500863094174479 16.835009354253
0.00214615127519947 1.22952221967772 1.16294577015762 0.822361552082575 1.13302313681083 0.596271274859252 1.10890676948332 1.09954563537138 0.822460079896527 1.13593334288498 0.596302496947619 20.0174487331445
0.00155803221170101 1.37517471181663 1.31312553830692 0.9577560911955 1.29428777965547 0.70468775494021 1.27091511270799 1.25573818087283 0.957762240166412 1.29725069617382 0.704689648381355 23.6538960914741
0.00113107794438783 1.53969709617367 1.48153215334704 1.10798296195961 1.46834211339709 0.826139121899187 1.44973632689678 1.42925037143038 1.10790546472215 1.47127034356514 0.82611446563771 27.747420789296
0.000821123791069669 1.72454145369779 1.66979458943051 1.27558438241678 1.65748070784209 0.962862011324201 1.64718690275687 1.6221486628115 1.27543594049632 1.66033256846141 0.962814842805959 32.3793491060713
0.000596107707347742 1.93014078297765 1.87862003461976 1.4618164655085 1.86305860186111 1.11591160517058 1.86382100815996 1.83521673709578 1.46160988507256 1.86580342869366 1.11584599395043 37.5856757075249
0.000432753748733158 2.15742742771503 2.10884042233748 1.66798346179403 2.08675402685709 1.28662242625746 2.10071934959098 2.06936022262497 1.66773132144898 2.08937308138361 1.28654236720205 43.4141697543818
0.000314164377903863 2.40754262927358 2.36176712589382 1.89610368235122 2.33066090709245 1.4767457898905 2.35920392317769 2.32594494373818 1.89581758267982 2.33314639823513 1.47665496587356 49.9286991005607
0.000228072562358277 2.68111124449617 2.63805454226386 2.1470869683862 2.59580772103519 1.68718753602559 2.63997536248167 2.60563586815039 2.14677780626285 2.59815472101194 1.68708940606075 57.1619256294752
0.597353086419753 0.0429540887792173 0.00672536185716907 0.000200832557681742 0.000195246308693029 6.53832312623178e-05 0.000154010099583594 0.000137771594030976 0.000201283415004774 7.89211655508864e-05 6.55274968662773e-05 0.0052145196761738
0.433657851222295 0.161372214653572 0.0467674082982399 0.000879052589423898 0.00142653118601959 0.000369669350221769 0.00169604180359886 0.00108726382938257 0.000884348285277207 0.000330279195521531 0.000371364074989109 0.0249460379387833
0.314820725299795 0.312751546373158 0.119843922088051 0.00255416987713732 0.00567125973269979 0.00122890960360946 0.00775069370789222 0.00707733685283751 0.00257858992483107 0.00217917567131217 0.00123672486825977 0.0762805008488347
0.22854904805467 0.442000286221135 0.19875978828968 0.00631797671183574 0.0163653200606099 0.00325005971272333 0.0200835531403634 0.0251665524368311 0.00638674195390436 0.00979754185409194 0.00327206787385172 0.183401722174853
0.16591876953766 0.528851962642744 0.268339956890116 0.0135770667790288 0.0335484209354834 0.00726685045093201 0.0399916778872478 0.0559216554172597 0.0137202224716292 0.0244594115780292 0.00731266765267494 0.370377879333654
0.120451335585113 0.57868065864356 0.326287776026098 0.0256034525471893 0.0554980185576944 0.0141377988762618 0.0688991060145628 0.0951190807938473 0.0258465875538793 0.0451842055358819 0.0142156133669533 0.656546689101869
0.0874435380919603 0.604238359437028 0.373741212394962 0.0433423240542748 0.0839464260835292 0.0246184200717001 0.106859350578989 0.138867827882526 0.0436992732382326 0.0737852885157196 0.0247326551301509 1.05706379238115
0.0634810092963813 0.617585918579037 0.413433792611903 0.0674725954717285 0.12150790986884 0.0393700866010338 0.152523588525397 0.186151683845498 0.0679414494773888 0.112538900685706 0.03952013322007 1.58622063537916
0.046085035317867 0.628003956587947 0.449620784781159 0.0985090523393815 0.168404812744364 0.0589953986407623 0.204610301793953 0.238035621700261 0.0990725764386601 0.161207449443091 0.0591757363713699 2.2597295954131
0.0334561549003305 0.641650418565176 0.486258070869459 0.136884221982431 0.224087823415173 0.084052252608343 0.262740106517153 0.295269360042127 0.137514329824908 0.218867331563697 0.0842538876504677 3.09494563297144
0.0242880208943 0.662749471527838 0.526563790556928 0.182985856070674 0.288807702417384 0.115091762659891 0.326994139677255 0.358012694862239 0.183647768662123 0.285495199927281 0.115303561295238 4.11049295861399
0.017632270077639 0.693796292250701 0.573157074734987 0.237194735822184 0.363724452312166 0.152695472646927 0.397993880726608 0.426447440177485 0.237852572070884 0.362098314803326 0.152905947690364 5.32792913240078
0.0128004232804233 0.736357148838223 0.628162558019315 0.299883981771326 0.449889553976447 0.197405406247482 0.476610359424375 0.501217925821092 0.300504180461172 0.449659755860337 0.197603816810773 6.76842549696369
0.00929266824047774 0.791731677745874 0.693713146514116 0.371538594127716 0.547963787921267 0.24984599285802 0.564103826702667 0.583690076724207 0.372093081726197 0.548825797816739 0.25002336085426 8.45727987905411
0.00674615839928132 0.861170014657191 0.771781777615191 0.452782079318118 0.657920788911818 0.310708455575146 0.662029967854039 0.675778559284899 0.453250152912866 0.659593477240563 0.310858160853331 10.4235413436328
0.00489747960117149 0.945928578903577 0.864049268437271 0.544401763836321 0.779423243684688 0.380780295193733 0.772043481667507 0.779484920703893 0.544770567515483 0.781665159031552 0.380898228309746 12.698851450702
0.00355540220437843 1.04734118351691 0.97201924880773 0.647599901944282 0.912389301711743 0.461136070651229 0.895885504042162 0.896853479106723 0.647864613487477 0.915008829971534 0.461220690856797 15.3250459560535
0.00258110004825243 1.16602616474122 1.09634577240721 0.762877005339277 1.05667632333235 0.552212165086491 1.0343527686606 1.02880453794054 0.763036642282549 1.0595053786211 0.552263167113665 18.3201868276704
0.00187379010197058 1.30365183311586 1.23890477009652 0.892800225200595 1.21378379027859 0.656227579850498 1.18958675678924 1.17791841552989 0.892861743174701 1.21671924946052 0.656247195392652 21.7657010677184
0.00136030734206531 1.46038413567124 1.39987303403065 1.03754325961399 1.3835837321951 0.773316530242722 1.36181868033139 1.34449403327264 1.03751525427975 1.38653241575371 0.773307515515858 25.666718422221
0.00098753647109715 1.63726034055897 1.58044704331824 1.19892487898109 1.56790412569464 0.905110360090345 1.55231436943352 1.52997612550382 1.19881792702534 1.57080042786533 0.905076104247404 30.0826809354271
0.000716917605007082 1.83527036990467 1.78178128448226 1.37873344610072 1.76837034051424 1.05317716551483 1.76229794868514 1.73578992339549 1.37856053463351 1.77117740458184 1.05312182721702 35.0695299670019
0.000520457590592143 2.05516095199509 2.00474259232672 1.57854194149375 1.9867512143665 1.21890602597692 1.99265625172006 1.96286986392263 1.57831581058503 1.98944369287495 1.21883368160674 40.6748670873282
0.000377834358806551 2.29806990750745 2.25052177159274 1.79997420560878 2.22504677765834 1.40388751944502 2.24469013963175 2.21247053911536 1.79970698015144 2.22761053050015 1.40380204846954 46.9593051679587
0.000274294784580499 2.56464885149747 2.51992665695723 2.04427057957839 2.48444051684791 1.60918804385645 2.5191551297013 2.48543481916709 2.04397393069745 2.48686834945688 1.60909317817298 53.9589306681335
0.698014814814815 0.0133293232815446 0.00129850859453736 6.18854895118965e-05 3.42622734970052e-05 1.64016137455168e-05 2.65246748641593e-05 2.63510914198667e-05 6.19522663179876e-05 1.82360628210089e-05 1.64231046589094e-05 0.00154066717281336
0.506734813287994 0.0943419191263854 0.0215401408873284 0.000464224492056715 0.000615629461102017 0.000176717779934848 0.000582187189676606 0.000413904520585723 0.000466082416404817 0.00017372602585493 0.00017731585796844 0.0123789271700097
0.367872093182066 0.236839219801071 0.0810067792116551 0.00155017932025451 0.00297791215916228 0.000710966066850118 0.00403091592109772 0.0029820968105492 0.00156262041165603 0.000835181885995048 0.000714971212216223 0.0451131590049896
0.267062521447963 0.381301659134297 0.159698175590518 0.0041256554418405 0.0101386816351538 0.00207888108992128 0.0131199678682099 0.0144886565009046 0.00416881976739394 0.00511875742641255 0.00209277780864473 0.120993302326766
0.193878230189223 0.489446345431977 0.234520928370697 0.00950641634551249 0.0243812957544882 0.00503321145297126 0.0290649639680539 0.0392704928870013 0.00960899121508967 0.0164420987968251 0.00506623553992077 0.264927937380068
0.140748944994251 0.556364733041141 0.298169427100767 0.0190820726563401 0.0439976631553527 0.0104527437066097 0.053394940660109 0.0748309162887139 0.0192729933510802 0.0341479570251971 0.010514211557562 0.498874473050505
0.10217890630454 0.592708279963598 0.350752773641287 0.0339823294624762 0.0688868824258424 0.0191684045870371 0.087011786661042 0.116680371866209 0.034281990947223 0.0585255500549703 0.0192648797596754 0.840111282485912
0.0741783811879972 0.611528598688962 0.394182174941694 0.0550354900452457 0.101900372810352 0.0319154510398112 0.129115846192685 0.162253851129936 0.0554496870576322 0.0922502523155463 0.0320487939728273 1.30373730850056
0.0538509603858162 0.623115981123774 0.43203799649471 0.0828288285716571 0.144418008601233 0.0493222918241204 0.178314488969638 0.211938280753056 0.0833478113559946 0.136285956691738 0.0494893689811548 1.90482344671467
0.039093950124433 0.634892009560104 0.468368767695836 0.117828401268469 0.196137261559752 0.0719625226760955 0.233790302038336 0.266748280023104 0.118429643116967 0.18992235093399 0.0721560693447864 2.65968123994613
0.0283808668477193 0.652535498552993 0.507099170394207 0.160501117828443 0.256697980713033 0.100444413564465 0.295409566828536 0.327242755281461 0.161152280820461 0.252444463666027 0.100654021957909 3.58796865979334
0.0206035358530978 0.679031039195107 0.550853849436909 0.2112093824342 0.32687310997282 0.135309045579705 0.363520726803313 0.393403152994277 0.211874448440599 0.324429630770975 0.13552311055075 4.70870558806553
0.0149574603174603 0.716538590912724 0.602223449251121 0.270380271523782 0.408072475232481 0.177184512703094 0.438938513571633 0.465620011088646 0.271023879897389 0.407168541933232 0.177391647677853 6.04591912160087
0.0108586031418856 0.766410481277598 0.663332509980354 0.338461835476121 0.501147634043539 0.226688217051421 0.522816223728961 0.545036224203625 0.339053155094071 0.501483849392745 0.226878505913681 7.62389873380269
0.00788297342532999 0.829925998796945 0.736209280133218 0.416049871348893 0.606359731507701 0.284494414379945 0.616587321981384 0.633348858252925 0.416564548433052 0.607644282945571 0.284660016177428 9.47035861708724
0.00572276831674207 0.9083695154916 0.822710776252076 0.503865963618842 0.723552832339942 0.35136160966485 0.721860963345651 0.732543730580523 0.504287157612487 0.725524674928192 0.351497111539031 11.6169090963929
0.00415453350405478 1.0029140073831 0.924286245763384 0.602764804024526 0.852495091035752 0.428116572738334 0.840185145426208 0.844436869047746 0.603082796937162 0.854932133316179 0.428218848096358 14.0953820639506
0.00301604882130538 1.11496747243341 1.04245500894007 0.713994109898313 0.993080796508986 0.515850369010186 0.973357053802324 0.971121392549548 0.71420741311188 0.995812215100688 0.515918946311515 16.9490355294339
0.00218954799224015 1.24525726682132 1.17802463514702 0.838655282476676 1.14598663248491 0.615522129274655 1.12229566423373 1.11369176759823 0.838765646718368 1.14886815960784 0.615557578867177 20.2131482970705
0.0015895367397428 1.39535222683783 1.33271932052574 0.978992427131317 1.312366284409 0.729075093768653 1.28899575086951 1.2745258934653 0.979009314323931 1.31531315192067 0.729080467072139 23.959604151074
0.00115394915112463 1.56516476804228 1.50645908186498 1.13493864050869 1.49236089008475 0.856465138520371 1.47333320813475 1.45346815682705 1.13487044466725 1.49528238043778 0.85644314325678 28.1866145737546
0.000837727502666422 1.75635270109068 1.70117398928724 1.30922171578479 1.68849618414175 1.00014701806987 1.67733465541777 1.65288986133387 1.30908092230844 1.69134771228826 1.00010167799669 32.9842743523449
0.000608161432451128 1.96958797585675 1.91757335911504 1.50331910499477 1.902130536146 1.16135665426985 1.90179575390358 1.87358905322573 1.50311852073604 1.90487963919773 1.16129209097618 38.3910907596493
0.000441504339709239 2.20578528707502 2.15669922299576 1.7186248487634 2.13516450814029 1.34143522186138 2.14778158438953 2.11668696820018 1.71837709636132 2.13779117603925 1.34135549965671 44.4624317144274
0.000320517006802721 2.46630761708728 2.42010410713471 1.95734146421243 2.38988456839574 1.54244688120036 2.41683504746268 2.38379144513452 1.9570582278772 2.39237986818236 1.54235575872608 51.26915001871
0.798676543209876 0.00263244302888715 0.000206093922113765 1.20106421699558e-05 1.08159891420197e-06 2.35409165536112e-06 5.87570581168928e-07 6.1682159324268e-07 1.20160501143597e-05 1.4003448455164e-07 2.35584026591031e-06 0.000283007623242417
0.579811775353694 0.049496955304668 0.00836350584005942 0.000233683479506404 0.000242539829807483 7.91925318587198e-05 0.000195351798811604 0.000168862588120988 0.000234270045233885 9.2845649783056e-05 7.93822721264051e-05 0.00590937732727443
0.420923461064337 0.171519902823656 0.0513269586709438 0.000967294764731599 0.00161256625117561 0.000418036217564262 0.00197833110409379 0.00128631907021254 0.000973444951312488 0.00038312572525663 0.000420025929496988 0.0270148575253985
0.305575994841257 0.321413118914803 0.125095030606453 0.00277201179505289 0.00624211601133088 0.00136045889484317 0.00846397556331446 0.00800474918067712 0.00279887018436534 0.00254658980354459 0.00136914861514294 0.0810896916659809
0.221837690840786 0.447008525293798 0.203049377635269 0.00679284310767216 0.0174753766573501 0.00355252328810912 0.0212907511804671 0.0270582916130902 0.00686620980466682 0.0107355584210845 0.00357626040640706 0.192396461937755
0.161046554403389 0.530807673853166 0.271594766284986 0.0144460770739257 0.0350370317803021 0.00785091360164585 0.0418281617236668 0.0585122842054828 0.0145959172270889 0.0258720614031521 0.00789939504394164 0.384622364736682
0.11691427451712 0.57904191453242 0.328860130932912 0.0270163541615179 0.057461761860477 0.0151419956919327 0.0714824676083508 0.0980951380269225 0.0272675405515776 0.0471788319439423 0.0152232648860736 0.677319245274138
0.0848757530796132 0.604195333583321 0.376022364896795 0.045445936508106 0.0867278490944044 0.0261962739226762 0.110192879562487 0.142221988656947 0.0458112946982244 0.0766725479101052 0.0263144769307508 1.08602189660401
0.0616168854537653 0.618115426065979 0.415954060566965 0.0704419588187098 0.125321032577821 0.0417074004147147 0.156636335511501 0.190121097044561 0.0709184133269478 0.116490441435948 0.0418615488117979 1.62611537154117
0.0447317453485355 0.629588151639136 0.452813966954594 0.102531614010313 0.173367531564569 0.0622920329682707 0.209645731950435 0.242899456394947 0.103101373246983 0.166317768649652 0.0624763558595585 2.31386433790774
0.0324737128011386 0.644835404677059 0.490634948203127 0.142202245838988 0.230361932436874 0.088561000088538 0.268912888368954 0.301294225432864 0.142836551635628 0.225272735919117 0.0887661973475853 3.1683533444585
0.0235748016285566 0.667880627221794 0.532519417413603 0.189866981380572 0.296706878664483 0.121097571125584 0.334606855904434 0.3654430288155 0.190530884340885 0.293500284719386 0.121312327542366 4.20918492803065
0.0171144973544974 0.701200909836174 0.581116363767277 0.24595803621682 0.373653630629648 0.160526959796026 0.407409455181543 0.435612628772479 0.246615778031349 0.372105600994729 0.16073970038944 5.45969166867135
0.0124245380432934 0.746380475860983 0.63857951397434 0.310896438792757 0.462239801707248 0.207440552052136 0.488257947511256 0.512558769088316 0.31151483717225 0.462063339307604 0.207640546433453 6.9427109219719
0.00901978845137865 0.804783413916751 0.707057994784068 0.385220771719125 0.563114374500849 0.262514429904495 0.578476942925574 0.597709148446361 0.385772130529425 0.56400926227554 0.262692723773611 8.68515278613396
0.00654805703231265 0.877738282527047 0.788589321397967 0.469635714043191 0.676290575642602 0.32650105613854 0.67967807263692 0.693062502607325 0.470099776486543 0.677980211191245 0.32665109718015 10.7184264969094
0.00475366480373113 0.966548694754602 0.884871706144537 0.56498167403704 0.801498492208234 0.400252143459199 0.793550600264975 0.800636074803846 0.565345924418839 0.80374518052682 0.400369888856081 13.0763131879455
0.00345099759435833 1.07267709808449 0.997525813454715 0.672583767428619 0.938746000487088 0.48495148100855 0.921962529693323 0.922597868916574 0.67284390778011 0.941362686036685 0.48503554630036 15.8045637631407
0.00250530588250972 1.1967062062301 1.12717972128984 0.792961752967322 1.08800646551967 0.581054224933767 1.06565055047112 1.05980698647822 0.793116796259257 1.09082665847938 0.58110429794446 18.9210052645718
0.00181876613742028 1.34058280733273 1.27597287261297 0.92894995003959 1.25098285905501 0.69103883060671 1.22704963668168 1.2151405723558 0.929007427620526 1.25390818176487 0.691057353558512 22.5171280226005
0.00132036183115211 1.50430671092895 1.4438829635722 1.08048132614722 1.42744727888135 0.814830920069931 1.40617311930979 1.38861924478353 1.08044947457084 1.43038224435467 0.814820563349994 26.5904087112011
0.000958537400325761 1.68924043980199 1.63251333498218 1.24981426475853 1.61961132168591 0.954482011167028 1.60466172155934 1.58215867417741 1.24970401220737 1.62249432379347 0.954446315082852 31.2157015312824
0.000695865274310113 1.89637051522792 1.84295921331916 1.43866426137148 1.82901350285809 1.11149741894455 1.82370137471158 1.79707777159123 1.43848851267219 1.83180709138688 1.11144056028675 36.4452584057086
0.000505174320611926 2.126653111918 2.07624714710159 1.64880445404707 2.05762205387139 1.28743373007053 2.06439857185954 2.03448185132677 1.6485759520858 2.06030160926369 1.28735982995541 42.334891458686
0.000366739229024943 2.38133521912659 2.33382369327148 1.88206202493856 2.30764602124246 1.4840815375414 2.32816529246105 2.29587857280638 1.88179281402131 2.31019791690324 1.48399449225196 48.9530933636523
0.899338271604938 0.00018328335440186 1.58464391016312e-05 7.7463670562758e-07 -3.21356903654842e-07 8.78034111268154e-08 -3.18775366731967e-07 -3.2521685338467e-07 7.74728881171228e-07 -3.28542895274026e-07 8.78332998723708e-08 1.50621760681634e-05
0.652888737419393 0.022678628288849 0.00270557568867282 0.000105874907123414 7.85151235028388e-05 3.12657750872906e-05 6.02500381240365e-05 5.85352225173602e-05 0.000106034419552292 3.82533650963186e-05 3.13175870793109e-05 0.00257283090137579
0.473974828946608 0.118447081601376 0.0302002381226796 0.000608635272005537 0.000881109701142444 0.000245401258691901 0.000914848150356223 0.000611273021050199 0.000611561166110406 0.000224952840624576 0.000246351784693704 0.0162080947104178
0.344089468234551 0.264766424774829 0.095196898288924 0.00190951146053575 0.00388079882416481 0.000907026209503084 0.00533072638932292 0.00429875344761523 0.00192604351084547 0.00125548515840386 0.000912397229567995 0.0550258583453996
0.249797151492349 0.403095897444802 0.17387366550005 0.00494190301929235 0.0123737805463414 0.00254748549064434 0.0156157920594985 0.0182639470711601 0.00499423371044367 0.00678596976331535 0.00256448818180518 0.141400193132673
0.181344163812527 0.502731709564695 0.246454053106537 0.0110819072826921 0.0278251443744419 0.00597397197213598 0.0330441683729337 0.0453824073883155 0.0111994403567217 0.0194678197345545 0.00601216000354135 0.299930367796947
0.1316496427297 0.563119196178923 0.307920187453087 0.0217056991160966 0.0483502798754821 0.0120886478908114 0.059176258489967 0.0824105449784182 0.0219163250993798 0.0383496427053455 0.0121570811668151 0.551940752414405
0.0955731249712292 0.595995210133985 0.358836824257296 0.0379159335700149 0.0747563972490575 0.0217385865451008 0.0945948106745836 0.125088663299883 0.0382373654225215 0.0644922196286149 0.0218430186888356 0.914739371558531
0.0693828105217145 0.613330066621396 0.401242578718228 0.0604808068879329 0.109799659751437 0.0356279183443647 0.138368549274345 0.171558878294769 0.0609164276858812 0.100428676853668 0.0357694465283636 1.40313375362595
0.050369540572638 0.625439362436191 0.43917005373953 0.090026774666637 0.154467241645189 0.054443151792206 0.189127992282229 0.222566892590242 0.0905637327622501 0.146696769791572 0.0546175982213543 2.03422641695631
0.0365665587545579 0.639039485622295 0.476560432661442 0.127037799221417 0.208371799108136 0.0787780529012698 0.246299694592563 0.279024736787878 0.127651503934006 0.202526697934695 0.0789774204777277 2.82554903946633
0.0265460674040153 0.659224073876421 0.517024139376741 0.171985872514587 0.271428165333458 0.109250881863197 0.309871324132927 0.341365466043858 0.172643154151955 0.267515697765173 0.109464397218883 3.79723010662422
0.0192715343915344 0.688933146125413 0.563302448073625 0.225299489139533 0.344619956424886 0.146480899157439 0.38036100253681 0.409706729894196 0.225964380263941 0.342463788838431 0.146696863803017 4.97134632356869
0.0139904729447013 0.730064595300834 0.617727088848089 0.287411660769196 0.429233339716088 0.191074895768417 0.458577071038114 0.484513607787669 0.28804925591596 0.42855982496182 0.191281971711293 6.37117262652297
0.0101566034774273 0.784087201195775 0.68258548203967 0.358849902466691 0.526165490259195 0.243742065753424 0.545817034100538 0.567096836078039 0.359430295564302 0.52667434195841 0.24393054561334 8.02423366854929
0.00737334574788323 0.852340354708128 0.759948947116216 0.440293084090482 0.635597346701319 0.30521563182866 0.643635644524971 0.659333469152307 0.440793305414466 0.637003311431211 0.305378051981695 9.96087960852351
0.00535279610340748 0.936133554086767 0.85162083383548 0.532535071469934 0.757362909360921 0.376321731316888 0.753667375241491 0.76322847929435 0.532939615587845 0.759413735562528 0.37645306127863 12.214402324366
0.00388594636741129 1.03682791277336 0.959192967537949 0.636675200542132 0.891396551788151 0.458087863036559 0.877662566195603 0.880795596199145 0.636976159895579 0.89388313260021 0.458185539886902 14.8245260843602
0.00282106377277929 1.15550303496178 1.08382914571373 0.753597968322173 1.03753298064817 0.551295860361059 1.01697992107536 1.01361953200019 0.753793670657347 1.04028353768252 0.551359347975955 17.8219402336064
0.00204799553509777 1.29350145492689 1.22700387271886 0.885275570667176 1.19704300104634 0.657677960159341 1.17328059914605 1.1636552438341 0.8853698160533 1.19993037853399 0.657708499234774 21.2704688237452
0.0014867745111796 1.45191290827611 1.38989107377424 1.03316393942217 1.37059540419573 0.778496402157498 1.34793047245739 1.33251665193168 1.03316592572582 1.37353199287476 0.778496986406664 25.2171650979163
0.0010793472979851 1.63108042643422 1.5729138978709 1.19791448458593 1.55902171917437 0.914361240495198 1.54132207698453 1.5206478019036 1.19783316719183 1.56192438534979 0.914334784535949 29.683760866041
0.000783569116169098 1.8326909751211 1.77800784670373 1.38223034838309 1.76478309655328 1.06771540923604 1.75548327325111 1.73039376345516 1.38207856287564 1.7676114876499 1.06766608686293 34.7588599267506
0.000568844301514614 2.05752889940674 2.00594671987818 1.58764728734721 1.98940282187663 1.23982376478507 1.99130913128386 1.96258526839657 1.58743775044396 1.99212618739382 1.2397557050748 40.4841728023517
0.000412961451247165 2.30659593061161 2.25795201704113 1.81567640426778 2.23482419632569 1.4321884675238 2.24995211188591 2.21852140031186 1.815421604706 2.23742386575894 1.43210572900304 46.9203952839391
1 -8.470329472543e-22 2.64697796016969e-23 -8.27180612553028e-25 8.27180612553028e-25 -1.03397576569128e-25 -1.48230765769503e-21 -1.98523347012727e-23 -8.27180612553028e-25 8.29200096470393e-25 -1.0344017505801e-25 2.64697796016969e-23
0.725965699485092 0.00865276047849488 0.000756922347159964 4.02218060863883e-05 1.7243261543957e-05 9.99888633851289e-06 1.34627733490659e-05 1.3391939440005e-05 4.02563899276104e-05 9.47415783235333e-06 1.00101595032909e-05 0.000944031874385045
0.527026196828879 0.0776192817332775 0.0163347729185389 0.000378234546945544 0.000469092700150756 0.000141036378740222 0.000417816432018048 0.000316645030041401 0.000379560892123261 0.000146627227787064 0.000141468816927797 0.00961754738690852
0.382602941627845 0.213143016118191 0.0701813734629546 0.00133954217245638 0.00245262956846945 0.000611874732870867 0.00324557795666278 0.00228875980907219 0.0013495715205936 0.000650654278162672 0.000615144863634016 0.0376457683576964
0.277756612143912 0.359062305834457 0.147037644355267 0.0036544332512318 0.0087008384484622 0.00185167851456168 0.0114211669345869 0.012069119735571 0.00369161654740154 0.00416388602663633 0.00186380338455972 0.104916584388013
0.201641773221665 0.472791494638362 0.222646161457334 0.00860105711246692 0.0219501703998904 0.00459699453722503 0.0262590627544571 0.0348685678911191 0.0086931821652015 0.0144548878134331 0.0046270348795122 0.236061227042876
0.14638501094228 0.545568119826178 0.287894457929425 0.0176096384147305 0.0409124023895258 0.0097499997943071 0.049297046025475 0.0690179731272629 0.0177860645296461 0.031335131265174 0.00980752955733843 0.453917656944673
0.106270496862845 0.58638713009419 0.342266243404309 0.0318793387898686 0.0650266347565879 0.0181795425786691 0.0816621617433484 0.110165786525651 0.0321622273170331 0.0547289929946173 0.0182717862737531 0.776823878283324
0.0771487355896636 0.60822024923931 0.387431953794811 0.0523276503662155 0.0969972323500854 0.0306828975101845 0.122811088964021 0.155440489343401 0.0527250810707193 0.0872308960249762 0.0308124843290248 1.22114618204229
0.0560073357967406 0.621558285223957 0.426653222265078 0.0796037625596163 0.138573685189536 0.0479302388237512 0.171445425340118 0.204902194297707 0.0801084757043664 0.13020826025731 0.0480948073662301 1.80270770958708
0.0406594047079772 0.634152057871306 0.463935654635907 0.114222840917323 0.189622268238107 0.0705313728383647 0.226667541662789 0.259623072806972 0.114814302537486 0.183119719362448 0.0707242112712321 2.53825222827377
0.0295173331794741 0.652207526200358 0.503455086330377 0.156731273341046 0.249762871784889 0.0991719992753147 0.288309539930616 0.320285006523814 0.157378137493735 0.245206403362472 0.099382897037774 3.4495981772681
0.0214285714285714 0.678880349843892 0.547862631317149 0.207525020214553 0.319676909103748 0.134418375673528 0.356707421879551 0.386914931359108 0.208191652323927 0.316947100197131 0.134635696958469 4.55609113363966
0.0155564078461091 0.716579011086035 0.599886924252784 0.267102684769415 0.400825928162083 0.176967295935992 0.432688657858447 0.459915939840215 0.26775356425837 0.399670768020544 0.177179460460046 5.88403291593101
0.011293418503476 0.766765271064174 0.661684213255221 0.335947924384597 0.494144966461253 0.227473181533643 0.517368908129344 0.540355430886513 0.33655137444777 0.494273472826112 0.227669865709293 7.45860287039895
0.00819863446345382 0.830818427533413 0.735365266655504 0.414681179420211 0.600082983513729 0.286649803977074 0.612186521121585 0.629870091791747 0.415211514164696 0.601202978090337 0.28682263457781 9.30872439796094
0.00595192740308383 0.910134859744578 0.822954950159176 0.504107207781576 0.718608587552285 0.355350820771666 0.718828755247593 0.730548304414209 0.504546390520683 0.720455825078368 0.355493921478303 11.4688926844826
0.00432089514046424 1.00597050267333 0.925993333146268 0.605089463248715 0.849543053391565 0.434419674876107 0.838910996226808 0.844251398720415 0.605426489100588 0.851889873897757 0.434529464248941 13.9723802996004
0.00313682166304886 1.11991913198304 1.04622115730979 0.719075511428668 0.992924011356047 0.525152014416939 0.974428658958878 0.973307396380592 0.71930804994862 0.995595947786214 0.525227739606019 16.8689572855155
0.00227722493277525 1.25262524276791 1.18434451004804 0.846921717185157 1.14922921044439 0.62830367932944 1.1261765209283 1.11864792674571 0.847050191201334 1.15207262405225 0.628345484842019 20.1866561686172
0.00165318719120708 1.40608868239684 1.34254809525044 0.991375812870072 1.32004120276508 0.746287798932387 1.29662314927029 1.28317570567698 0.991409223778498 1.32296841214033 0.746298625059628 24.0149249067517
0.00120015719564444 1.58010349289315 1.52060925084827 1.1521690427356 1.5052373143954 0.878870877067522 1.48551191440008 1.46658689425044 1.15211538531198 1.50815335321756 0.878853336004126 28.3450199305407
0.000871272958028083 1.77654092123934 1.72065517313199 1.33228135022906 1.70754821047797 1.02876516680234 1.69507484042072 1.67143984374239 1.33215267592339 1.71040344631063 1.0287231919569 33.2746666610156
0.000632514282417302 1.99624959040198 1.94358127071825 1.53322286899099 1.92844395786375 1.19721082336368 1.92629466310755 1.89874759593269 1.53303197524836 1.9312032634101 1.19714858703974 38.847427163321
0.000459183673469388 2.24027889866567 2.19062928210759 1.75673492486562 2.16993418187286 1.38587335979496 2.18037724961479 2.14983714029694 1.75649449080618 2.17257570282346 1.38579499638129 45.1256408068605
